0 info it worked if it ends with ok
1 verbose cli [ '/usr/bin/nodejs', '/usr/bin/npm', 'install', 'kotrans' ]
2 info using npm@3.5.2
3 info using node@v4.2.6
4 silly loadCurrentTree Starting
5 silly install loadCurrentTree
6 silly install readLocalPackageData
7 silly fetchPackageMetaData kotrans
8 silly fetchNamedPackageData kotrans
9 silly mapToRegistry name kotrans
10 silly mapToRegistry using default registry
11 silly mapToRegistry registry https://registry.npmjs.org/
12 silly mapToRegistry uri https://registry.npmjs.org/kotrans
13 verbose request uri https://registry.npmjs.org/kotrans
14 verbose request no auth needed
15 info attempt registry request try #1 at 4:23:59 PM
16 verbose request id c1f71bc7b4aee478
17 verbose etag W/"556b6afe-87f2"
18 verbose lastModified Sun, 31 May 2015 20:11:42 GMT
19 http request GET https://registry.npmjs.org/kotrans
20 http 304 https://registry.npmjs.org/kotrans
21 verbose headers { date: 'Thu, 19 Jan 2017 00:23:59 GMT',
21 verbose headers   via: '1.1 varnish',
21 verbose headers   'cache-control': 'max-age=300',
21 verbose headers   etag: 'W/"556b6afe-87f2"',
21 verbose headers   age: '0',
21 verbose headers   connection: 'keep-alive',
21 verbose headers   'x-served-by': 'cache-lax8634-LAX',
21 verbose headers   'x-cache': 'MISS',
21 verbose headers   'x-cache-hits': '0',
21 verbose headers   'x-timer': 'S1484785439.192971,VS0,VE64',
21 verbose headers   vary: 'Accept-Encoding' }
22 silly get cb [ 304,
22 silly get   { date: 'Thu, 19 Jan 2017 00:23:59 GMT',
22 silly get     via: '1.1 varnish',
22 silly get     'cache-control': 'max-age=300',
22 silly get     etag: 'W/"556b6afe-87f2"',
22 silly get     age: '0',
22 silly get     connection: 'keep-alive',
22 silly get     'x-served-by': 'cache-lax8634-LAX',
22 silly get     'x-cache': 'MISS',
22 silly get     'x-cache-hits': '0',
22 silly get     'x-timer': 'S1484785439.192971,VS0,VE64',
22 silly get     vary: 'Accept-Encoding' } ]
23 verbose etag https://registry.npmjs.org/kotrans from cache
24 verbose get saving kotrans to /home/tyler/.npm/registry.npmjs.org/kotrans/.cache.json
25 silly install normalizeTree
26 silly loadCurrentTree Finishing
27 silly loadIdealTree Starting
28 silly install loadIdealTree
29 silly cloneCurrentTree Starting
30 silly install cloneCurrentTreeToIdealTree
31 silly cloneCurrentTree Finishing
32 silly loadShrinkwrap Starting
33 silly install loadShrinkwrap
34 silly loadShrinkwrap Finishing
35 silly loadAllDepsIntoIdealTree Starting
36 silly install loadAllDepsIntoIdealTree
37 silly resolveWithNewModule kotrans@0.4.3 checking installable status
38 silly cache add args [ 'kotrans', null ]
39 verbose cache add spec kotrans
40 silly cache add parsed spec Result {
40 silly cache add   raw: 'kotrans',
40 silly cache add   scope: null,
40 silly cache add   name: 'kotrans',
40 silly cache add   rawSpec: '',
40 silly cache add   spec: 'latest',
40 silly cache add   type: 'tag' }
41 silly addNamed kotrans@latest
42 verbose addNamed "latest" is being treated as a dist-tag for kotrans
43 info addNameTag [ 'kotrans', 'latest' ]
44 silly mapToRegistry name kotrans
45 silly mapToRegistry using default registry
46 silly mapToRegistry registry https://registry.npmjs.org/
47 silly mapToRegistry uri https://registry.npmjs.org/kotrans
48 verbose addNameTag registry:https://registry.npmjs.org/kotrans not in flight; fetching
49 verbose get https://registry.npmjs.org/kotrans not expired, no request
50 silly addNameTag next cb for kotrans with tag latest
51 silly addNamed kotrans@0.4.3
52 verbose addNamed "0.4.3" is a plain semver version for kotrans
53 silly cache afterAdd kotrans@0.4.3
54 verbose afterAdd /home/tyler/.npm/kotrans/0.4.3/package/package.json not in flight; writing
55 verbose afterAdd /home/tyler/.npm/kotrans/0.4.3/package/package.json written
56 silly fetchNamedPackageData binaryjs
57 silly mapToRegistry name binaryjs
58 silly mapToRegistry using default registry
59 silly mapToRegistry registry https://registry.npmjs.org/
60 silly mapToRegistry uri https://registry.npmjs.org/binaryjs
61 silly fetchNamedPackageData async
62 silly mapToRegistry name async
63 silly mapToRegistry using default registry
64 silly mapToRegistry registry https://registry.npmjs.org/
65 silly mapToRegistry uri https://registry.npmjs.org/async
66 verbose request uri https://registry.npmjs.org/binaryjs
67 verbose request no auth needed
68 info attempt registry request try #1 at 4:23:59 PM
69 verbose etag W/"531943fb-3d1f"
70 verbose lastModified Fri, 07 Mar 2014 03:58:51 GMT
71 http request GET https://registry.npmjs.org/binaryjs
72 verbose request uri https://registry.npmjs.org/async
73 verbose request no auth needed
74 info attempt registry request try #1 at 4:23:59 PM
75 verbose etag W/"58770b02-1d350"
76 verbose lastModified Thu, 12 Jan 2017 04:50:10 GMT
77 http request GET https://registry.npmjs.org/async
78 http 200 https://registry.npmjs.org/async
79 verbose headers { server: 'nginx/1.10.1',
79 verbose headers   'content-type': 'application/json',
79 verbose headers   'last-modified': 'Wed, 18 Jan 2017 09:26:20 GMT',
79 verbose headers   etag: 'W/"587f34bc-1d3ab"',
79 verbose headers   'content-encoding': 'gzip',
79 verbose headers   'cache-control': 'max-age=300',
79 verbose headers   'content-length': '15230',
79 verbose headers   'accept-ranges': 'bytes',
79 verbose headers   date: 'Thu, 19 Jan 2017 00:23:59 GMT',
79 verbose headers   via: '1.1 varnish',
79 verbose headers   age: '138',
79 verbose headers   connection: 'keep-alive',
79 verbose headers   'x-served-by': 'cache-lax8629-LAX',
79 verbose headers   'x-cache': 'HIT',
79 verbose headers   'x-cache-hits': '9',
79 verbose headers   'x-timer': 'S1484785439.605088,VS0,VE0',
79 verbose headers   vary: 'Accept-Encoding' }
80 silly get cb [ 200,
80 silly get   { server: 'nginx/1.10.1',
80 silly get     'content-type': 'application/json',
80 silly get     'last-modified': 'Wed, 18 Jan 2017 09:26:20 GMT',
80 silly get     etag: 'W/"587f34bc-1d3ab"',
80 silly get     'content-encoding': 'gzip',
80 silly get     'cache-control': 'max-age=300',
80 silly get     'content-length': '15230',
80 silly get     'accept-ranges': 'bytes',
80 silly get     date: 'Thu, 19 Jan 2017 00:23:59 GMT',
80 silly get     via: '1.1 varnish',
80 silly get     age: '138',
80 silly get     connection: 'keep-alive',
80 silly get     'x-served-by': 'cache-lax8629-LAX',
80 silly get     'x-cache': 'HIT',
80 silly get     'x-cache-hits': '9',
80 silly get     'x-timer': 'S1484785439.605088,VS0,VE0',
80 silly get     vary: 'Accept-Encoding' } ]
81 verbose get saving async to /home/tyler/.npm/registry.npmjs.org/async/.cache.json
82 http 200 https://registry.npmjs.org/binaryjs
83 verbose headers { server: 'nginx/1.10.1',
83 verbose headers   'content-type': 'application/json',
83 verbose headers   'last-modified': 'Fri, 07 Mar 2014 03:58:51 GMT',
83 verbose headers   etag: 'W/"531943fb-3cec"',
83 verbose headers   'content-encoding': 'gzip',
83 verbose headers   'cache-control': 'max-age=300',
83 verbose headers   'content-length': '2396',
83 verbose headers   'accept-ranges': 'bytes',
83 verbose headers   date: 'Thu, 19 Jan 2017 00:23:59 GMT',
83 verbose headers   via: '1.1 varnish',
83 verbose headers   age: '0',
83 verbose headers   connection: 'keep-alive',
83 verbose headers   'x-served-by': 'cache-lax8642-LAX',
83 verbose headers   'x-cache': 'MISS',
83 verbose headers   'x-cache-hits': '0',
83 verbose headers   'x-timer': 'S1484785439.603913,VS0,VE31',
83 verbose headers   vary: 'Accept-Encoding' }
84 silly get cb [ 200,
84 silly get   { server: 'nginx/1.10.1',
84 silly get     'content-type': 'application/json',
84 silly get     'last-modified': 'Fri, 07 Mar 2014 03:58:51 GMT',
84 silly get     etag: 'W/"531943fb-3cec"',
84 silly get     'content-encoding': 'gzip',
84 silly get     'cache-control': 'max-age=300',
84 silly get     'content-length': '2396',
84 silly get     'accept-ranges': 'bytes',
84 silly get     date: 'Thu, 19 Jan 2017 00:23:59 GMT',
84 silly get     via: '1.1 varnish',
84 silly get     age: '0',
84 silly get     connection: 'keep-alive',
84 silly get     'x-served-by': 'cache-lax8642-LAX',
84 silly get     'x-cache': 'MISS',
84 silly get     'x-cache-hits': '0',
84 silly get     'x-timer': 'S1484785439.603913,VS0,VE31',
84 silly get     vary: 'Accept-Encoding' } ]
85 verbose get saving binaryjs to /home/tyler/.npm/registry.npmjs.org/binaryjs/.cache.json
86 silly resolveWithNewModule async@1.0.0 checking installable status
87 silly cache add args [ 'async@~1.0.0', null ]
88 verbose cache add spec async@~1.0.0
89 silly cache add parsed spec Result {
89 silly cache add   raw: 'async@~1.0.0',
89 silly cache add   scope: null,
89 silly cache add   name: 'async',
89 silly cache add   rawSpec: '~1.0.0',
89 silly cache add   spec: '>=1.0.0 <1.1.0',
89 silly cache add   type: 'range' }
90 silly addNamed async@>=1.0.0 <1.1.0
91 verbose addNamed ">=1.0.0 <1.1.0" is a valid semver range for async
92 silly addNameRange { name: 'async', range: '>=1.0.0 <1.1.0', hasData: false }
93 silly mapToRegistry name async
94 silly mapToRegistry using default registry
95 silly mapToRegistry registry https://registry.npmjs.org/
96 silly mapToRegistry uri https://registry.npmjs.org/async
97 verbose addNameRange registry:https://registry.npmjs.org/async not in flight; fetching
98 silly resolveWithNewModule binaryjs@0.2.1 checking installable status
99 silly cache add args [ 'binaryjs@~0.2.1', null ]
100 verbose cache add spec binaryjs@~0.2.1
101 silly cache add parsed spec Result {
101 silly cache add   raw: 'binaryjs@~0.2.1',
101 silly cache add   scope: null,
101 silly cache add   name: 'binaryjs',
101 silly cache add   rawSpec: '~0.2.1',
101 silly cache add   spec: '>=0.2.1 <0.3.0',
101 silly cache add   type: 'range' }
102 silly addNamed binaryjs@>=0.2.1 <0.3.0
103 verbose addNamed ">=0.2.1 <0.3.0" is a valid semver range for binaryjs
104 silly addNameRange { name: 'binaryjs', range: '>=0.2.1 <0.3.0', hasData: false }
105 silly mapToRegistry name binaryjs
106 silly mapToRegistry using default registry
107 silly mapToRegistry registry https://registry.npmjs.org/
108 silly mapToRegistry uri https://registry.npmjs.org/binaryjs
109 verbose addNameRange registry:https://registry.npmjs.org/binaryjs not in flight; fetching
110 verbose get https://registry.npmjs.org/async not expired, no request
111 silly addNameRange number 2 { name: 'async', range: '>=1.0.0 <1.1.0', hasData: true }
112 silly addNameRange versions [ 'async',
112 silly addNameRange   [ '0.1.0',
112 silly addNameRange     '0.1.1',
112 silly addNameRange     '0.1.2',
112 silly addNameRange     '0.1.3',
112 silly addNameRange     '0.1.4',
112 silly addNameRange     '0.1.5',
112 silly addNameRange     '0.1.6',
112 silly addNameRange     '0.1.7',
112 silly addNameRange     '0.1.8',
112 silly addNameRange     '0.1.9',
112 silly addNameRange     '0.1.10',
112 silly addNameRange     '0.1.11',
112 silly addNameRange     '0.1.12',
112 silly addNameRange     '0.1.13',
112 silly addNameRange     '0.1.14',
112 silly addNameRange     '0.1.15',
112 silly addNameRange     '0.1.16',
112 silly addNameRange     '0.1.17',
112 silly addNameRange     '0.1.18',
112 silly addNameRange     '0.1.19',
112 silly addNameRange     '0.1.20',
112 silly addNameRange     '0.1.21',
112 silly addNameRange     '0.1.22',
112 silly addNameRange     '0.2.0',
112 silly addNameRange     '0.2.1',
112 silly addNameRange     '0.2.2',
112 silly addNameRange     '0.2.3',
112 silly addNameRange     '0.2.4',
112 silly addNameRange     '0.2.5',
112 silly addNameRange     '0.2.6',
112 silly addNameRange     '0.2.7',
112 silly addNameRange     '0.2.8',
112 silly addNameRange     '0.2.9',
112 silly addNameRange     '0.2.10',
112 silly addNameRange     '0.3.0',
112 silly addNameRange     '0.4.0',
112 silly addNameRange     '0.4.1',
112 silly addNameRange     '0.5.0',
112 silly addNameRange     '0.6.0',
112 silly addNameRange     '0.6.1',
112 silly addNameRange     '0.6.2',
112 silly addNameRange     '0.7.0',
112 silly addNameRange     '0.8.0',
112 silly addNameRange     '0.9.0',
112 silly addNameRange     '0.9.2',
112 silly addNameRange     '1.0.0',
112 silly addNameRange     '1.1.0',
112 silly addNameRange     '1.2.0',
112 silly addNameRange     '1.1.1',
112 silly addNameRange     '1.2.1',
112 silly addNameRange     '1.3.0',
112 silly addNameRange     '1.4.0',
112 silly addNameRange     '1.4.1',
112 silly addNameRange     '1.4.2',
112 silly addNameRange     '1.5.0',
112 silly addNameRange     '1.5.1',
112 silly addNameRange     '1.5.2',
112 silly addNameRange     '2.0.0-alpha.0',
112 silly addNameRange     '2.0.0-rc.1',
112 silly addNameRange     '2.0.0-rc.2',
112 silly addNameRange     '2.0.0-rc.3',
112 silly addNameRange     '2.0.0-rc.4',
112 silly addNameRange     '2.0.0-rc.5',
112 silly addNameRange     '2.0.0-rc.6',
112 silly addNameRange     '2.0.0',
112 silly addNameRange     '2.0.1',
112 silly addNameRange     '2.1.0',
112 silly addNameRange     '2.1.1',
112 silly addNameRange     '2.1.2',
112 silly addNameRange     '2.1.4' ] ]
113 silly addNamed async@1.0.0
114 verbose addNamed "1.0.0" is a plain semver version for async
115 verbose get https://registry.npmjs.org/binaryjs not expired, no request
116 silly addNameRange number 2 { name: 'binaryjs', range: '>=0.2.1 <0.3.0', hasData: true }
117 silly addNameRange versions [ 'binaryjs',
117 silly addNameRange   [ '0.0.0',
117 silly addNameRange     '0.0.1',
117 silly addNameRange     '0.0.2',
117 silly addNameRange     '0.0.3',
117 silly addNameRange     '0.0.4',
117 silly addNameRange     '0.1.0',
117 silly addNameRange     '0.1.1',
117 silly addNameRange     '0.1.2',
117 silly addNameRange     '0.1.3',
117 silly addNameRange     '0.1.4',
117 silly addNameRange     '0.1.5',
117 silly addNameRange     '0.1.6',
117 silly addNameRange     '0.1.7',
117 silly addNameRange     '0.1.8',
117 silly addNameRange     '0.2.0',
117 silly addNameRange     '0.2.1' ] ]
118 silly addNamed binaryjs@0.2.1
119 verbose addNamed "0.2.1" is a plain semver version for binaryjs
120 silly cache afterAdd async@1.0.0
121 verbose afterAdd /home/tyler/.npm/async/1.0.0/package/package.json not in flight; writing
122 silly cache afterAdd binaryjs@0.2.1
123 verbose afterAdd /home/tyler/.npm/binaryjs/0.2.1/package/package.json not in flight; writing
124 verbose afterAdd /home/tyler/.npm/async/1.0.0/package/package.json written
125 verbose afterAdd /home/tyler/.npm/binaryjs/0.2.1/package/package.json written
126 silly fetchNamedPackageData streamws
127 silly mapToRegistry name streamws
128 silly mapToRegistry using default registry
129 silly mapToRegistry registry https://registry.npmjs.org/
130 silly mapToRegistry uri https://registry.npmjs.org/streamws
131 silly fetchNamedPackageData binarypack
132 silly mapToRegistry name binarypack
133 silly mapToRegistry using default registry
134 silly mapToRegistry registry https://registry.npmjs.org/
135 silly mapToRegistry uri https://registry.npmjs.org/binarypack
136 silly fetchNamedPackageData streamers
137 silly mapToRegistry name streamers
138 silly mapToRegistry using default registry
139 silly mapToRegistry registry https://registry.npmjs.org/
140 silly mapToRegistry uri https://registry.npmjs.org/streamers
141 verbose request uri https://registry.npmjs.org/streamws
142 verbose request no auth needed
143 info attempt registry request try #1 at 4:23:59 PM
144 verbose etag W/"50f703bc-bde"
145 verbose lastModified Wed, 16 Jan 2013 19:47:08 GMT
146 http request GET https://registry.npmjs.org/streamws
147 verbose request uri https://registry.npmjs.org/binarypack
148 verbose request no auth needed
149 info attempt registry request try #1 at 4:23:59 PM
150 verbose etag W/"515bb39e-10fe"
151 verbose lastModified Wed, 03 Apr 2013 04:44:14 GMT
152 http request GET https://registry.npmjs.org/binarypack
153 verbose request uri https://registry.npmjs.org/streamers
154 verbose request no auth needed
155 info attempt registry request try #1 at 4:23:59 PM
156 verbose etag W/"4eff2949-84a"
157 verbose lastModified Sat, 31 Dec 2011 15:24:57 GMT
158 http request GET https://registry.npmjs.org/streamers
159 http 304 https://registry.npmjs.org/streamws
160 verbose headers { date: 'Thu, 19 Jan 2017 00:23:59 GMT',
160 verbose headers   via: '1.1 varnish',
160 verbose headers   'cache-control': 'max-age=300',
160 verbose headers   etag: 'W/"50f703bc-bde"',
160 verbose headers   age: '0',
160 verbose headers   connection: 'keep-alive',
160 verbose headers   'x-served-by': 'cache-lax8627-LAX',
160 verbose headers   'x-cache': 'MISS',
160 verbose headers   'x-cache-hits': '0',
160 verbose headers   'x-timer': 'S1484785439.747405,VS0,VE31',
160 verbose headers   vary: 'Accept-Encoding' }
161 silly get cb [ 304,
161 silly get   { date: 'Thu, 19 Jan 2017 00:23:59 GMT',
161 silly get     via: '1.1 varnish',
161 silly get     'cache-control': 'max-age=300',
161 silly get     etag: 'W/"50f703bc-bde"',
161 silly get     age: '0',
161 silly get     connection: 'keep-alive',
161 silly get     'x-served-by': 'cache-lax8627-LAX',
161 silly get     'x-cache': 'MISS',
161 silly get     'x-cache-hits': '0',
161 silly get     'x-timer': 'S1484785439.747405,VS0,VE31',
161 silly get     vary: 'Accept-Encoding' } ]
162 verbose etag https://registry.npmjs.org/streamws from cache
163 verbose get saving streamws to /home/tyler/.npm/registry.npmjs.org/streamws/.cache.json
164 silly resolveWithNewModule streamws@0.1.1 checking installable status
165 silly cache add args [ 'streamws@>=0.1.1', null ]
166 verbose cache add spec streamws@>=0.1.1
167 silly cache add parsed spec Result {
167 silly cache add   raw: 'streamws@>=0.1.1',
167 silly cache add   scope: null,
167 silly cache add   name: 'streamws',
167 silly cache add   rawSpec: '>=0.1.1',
167 silly cache add   spec: '>=0.1.1',
167 silly cache add   type: 'range' }
168 silly addNamed streamws@>=0.1.1
169 verbose addNamed ">=0.1.1" is a valid semver range for streamws
170 silly addNameRange { name: 'streamws', range: '>=0.1.1', hasData: false }
171 silly mapToRegistry name streamws
172 silly mapToRegistry using default registry
173 silly mapToRegistry registry https://registry.npmjs.org/
174 silly mapToRegistry uri https://registry.npmjs.org/streamws
175 verbose addNameRange registry:https://registry.npmjs.org/streamws not in flight; fetching
176 verbose get https://registry.npmjs.org/streamws not expired, no request
177 silly addNameRange number 2 { name: 'streamws', range: '>=0.1.1', hasData: true }
178 silly addNameRange versions [ 'streamws', [ '0.0.0', '0.1.0', '0.1.1' ] ]
179 silly addNamed streamws@0.1.1
180 verbose addNamed "0.1.1" is a plain semver version for streamws
181 silly cache afterAdd streamws@0.1.1
182 verbose afterAdd /home/tyler/.npm/streamws/0.1.1/package/package.json not in flight; writing
183 verbose afterAdd /home/tyler/.npm/streamws/0.1.1/package/package.json written
184 http 304 https://registry.npmjs.org/streamers
185 verbose headers { date: 'Thu, 19 Jan 2017 00:23:59 GMT',
185 verbose headers   via: '1.1 varnish',
185 verbose headers   'cache-control': 'max-age=300',
185 verbose headers   etag: 'W/"4eff2949-84a"',
185 verbose headers   age: '0',
185 verbose headers   connection: 'keep-alive',
185 verbose headers   'x-served-by': 'cache-lax8641-LAX',
185 verbose headers   'x-cache': 'MISS',
185 verbose headers   'x-cache-hits': '0',
185 verbose headers   'x-timer': 'S1484785439.747843,VS0,VE47',
185 verbose headers   vary: 'Accept-Encoding' }
186 silly get cb [ 304,
186 silly get   { date: 'Thu, 19 Jan 2017 00:23:59 GMT',
186 silly get     via: '1.1 varnish',
186 silly get     'cache-control': 'max-age=300',
186 silly get     etag: 'W/"4eff2949-84a"',
186 silly get     age: '0',
186 silly get     connection: 'keep-alive',
186 silly get     'x-served-by': 'cache-lax8641-LAX',
186 silly get     'x-cache': 'MISS',
186 silly get     'x-cache-hits': '0',
186 silly get     'x-timer': 'S1484785439.747843,VS0,VE47',
186 silly get     vary: 'Accept-Encoding' } ]
187 verbose etag https://registry.npmjs.org/streamers from cache
188 verbose get saving streamers to /home/tyler/.npm/registry.npmjs.org/streamers/.cache.json
189 silly resolveWithNewModule streamers@0.1.1 checking installable status
190 silly cache add args [ 'streamers@>=0.1.0', null ]
191 verbose cache add spec streamers@>=0.1.0
192 silly cache add parsed spec Result {
192 silly cache add   raw: 'streamers@>=0.1.0',
192 silly cache add   scope: null,
192 silly cache add   name: 'streamers',
192 silly cache add   rawSpec: '>=0.1.0',
192 silly cache add   spec: '>=0.1.0',
192 silly cache add   type: 'range' }
193 silly addNamed streamers@>=0.1.0
194 verbose addNamed ">=0.1.0" is a valid semver range for streamers
195 silly addNameRange { name: 'streamers', range: '>=0.1.0', hasData: false }
196 silly mapToRegistry name streamers
197 silly mapToRegistry using default registry
198 silly mapToRegistry registry https://registry.npmjs.org/
199 silly mapToRegistry uri https://registry.npmjs.org/streamers
200 verbose addNameRange registry:https://registry.npmjs.org/streamers not in flight; fetching
201 verbose get https://registry.npmjs.org/streamers not expired, no request
202 silly addNameRange number 2 { name: 'streamers', range: '>=0.1.0', hasData: true }
203 silly addNameRange versions [ 'streamers', [ '0.1.0', '0.1.1' ] ]
204 silly addNamed streamers@0.1.1
205 verbose addNamed "0.1.1" is a plain semver version for streamers
206 silly cache afterAdd streamers@0.1.1
207 verbose afterAdd /home/tyler/.npm/streamers/0.1.1/package/package.json not in flight; writing
208 verbose afterAdd /home/tyler/.npm/streamers/0.1.1/package/package.json written
209 http 304 https://registry.npmjs.org/binarypack
210 verbose headers { date: 'Thu, 19 Jan 2017 00:23:59 GMT',
210 verbose headers   via: '1.1 varnish',
210 verbose headers   'cache-control': 'max-age=300',
210 verbose headers   etag: 'W/"515bb39e-10fe"',
210 verbose headers   age: '0',
210 verbose headers   connection: 'keep-alive',
210 verbose headers   'x-served-by': 'cache-lax8635-LAX',
210 verbose headers   'x-cache': 'MISS',
210 verbose headers   'x-cache-hits': '0',
210 verbose headers   'x-timer': 'S1484785439.748075,VS0,VE169',
210 verbose headers   vary: 'Accept-Encoding' }
211 silly get cb [ 304,
211 silly get   { date: 'Thu, 19 Jan 2017 00:23:59 GMT',
211 silly get     via: '1.1 varnish',
211 silly get     'cache-control': 'max-age=300',
211 silly get     etag: 'W/"515bb39e-10fe"',
211 silly get     age: '0',
211 silly get     connection: 'keep-alive',
211 silly get     'x-served-by': 'cache-lax8635-LAX',
211 silly get     'x-cache': 'MISS',
211 silly get     'x-cache-hits': '0',
211 silly get     'x-timer': 'S1484785439.748075,VS0,VE169',
211 silly get     vary: 'Accept-Encoding' } ]
212 verbose etag https://registry.npmjs.org/binarypack from cache
213 verbose get saving binarypack to /home/tyler/.npm/registry.npmjs.org/binarypack/.cache.json
214 silly resolveWithNewModule binarypack@0.0.4 checking installable status
215 silly cache add args [ 'binarypack@>=0.0.4', null ]
216 verbose cache add spec binarypack@>=0.0.4
217 silly cache add parsed spec Result {
217 silly cache add   raw: 'binarypack@>=0.0.4',
217 silly cache add   scope: null,
217 silly cache add   name: 'binarypack',
217 silly cache add   rawSpec: '>=0.0.4',
217 silly cache add   spec: '>=0.0.4',
217 silly cache add   type: 'range' }
218 silly addNamed binarypack@>=0.0.4
219 verbose addNamed ">=0.0.4" is a valid semver range for binarypack
220 silly addNameRange { name: 'binarypack', range: '>=0.0.4', hasData: false }
221 silly mapToRegistry name binarypack
222 silly mapToRegistry using default registry
223 silly mapToRegistry registry https://registry.npmjs.org/
224 silly mapToRegistry uri https://registry.npmjs.org/binarypack
225 verbose addNameRange registry:https://registry.npmjs.org/binarypack not in flight; fetching
226 verbose get https://registry.npmjs.org/binarypack not expired, no request
227 silly addNameRange number 2 { name: 'binarypack', range: '>=0.0.4', hasData: true }
228 silly addNameRange versions [ 'binarypack',
228 silly addNameRange   [ '0.0.0', '0.0.1', '0.0.2', '0.0.3', '0.0.4' ] ]
229 silly addNamed binarypack@0.0.4
230 verbose addNamed "0.0.4" is a plain semver version for binarypack
231 silly cache afterAdd binarypack@0.0.4
232 verbose afterAdd /home/tyler/.npm/binarypack/0.0.4/package/package.json not in flight; writing
233 verbose afterAdd /home/tyler/.npm/binarypack/0.0.4/package/package.json written
234 silly fetchNamedPackageData buffercursor
235 silly mapToRegistry name buffercursor
236 silly mapToRegistry using default registry
237 silly mapToRegistry registry https://registry.npmjs.org/
238 silly mapToRegistry uri https://registry.npmjs.org/buffercursor
239 verbose request uri https://registry.npmjs.org/buffercursor
240 verbose request no auth needed
241 info attempt registry request try #1 at 4:24:00 PM
242 verbose etag W/"535476aa-3503"
243 verbose lastModified Mon, 21 Apr 2014 01:38:50 GMT
244 http request GET https://registry.npmjs.org/buffercursor
245 http 304 https://registry.npmjs.org/buffercursor
246 verbose headers { date: 'Thu, 19 Jan 2017 00:24:00 GMT',
246 verbose headers   via: '1.1 varnish',
246 verbose headers   'cache-control': 'max-age=300',
246 verbose headers   etag: 'W/"535476aa-3503"',
246 verbose headers   age: '0',
246 verbose headers   connection: 'keep-alive',
246 verbose headers   'x-served-by': 'cache-lax8642-LAX',
246 verbose headers   'x-cache': 'MISS',
246 verbose headers   'x-cache-hits': '0',
246 verbose headers   'x-timer': 'S1484785440.100683,VS0,VE175',
246 verbose headers   vary: 'Accept-Encoding' }
247 silly get cb [ 304,
247 silly get   { date: 'Thu, 19 Jan 2017 00:24:00 GMT',
247 silly get     via: '1.1 varnish',
247 silly get     'cache-control': 'max-age=300',
247 silly get     etag: 'W/"535476aa-3503"',
247 silly get     age: '0',
247 silly get     connection: 'keep-alive',
247 silly get     'x-served-by': 'cache-lax8642-LAX',
247 silly get     'x-cache': 'MISS',
247 silly get     'x-cache-hits': '0',
247 silly get     'x-timer': 'S1484785440.100683,VS0,VE175',
247 silly get     vary: 'Accept-Encoding' } ]
248 verbose etag https://registry.npmjs.org/buffercursor from cache
249 verbose get saving buffercursor to /home/tyler/.npm/registry.npmjs.org/buffercursor/.cache.json
250 silly resolveWithNewModule buffercursor@0.0.12 checking installable status
251 silly cache add args [ 'buffercursor@>=0.0.3', null ]
252 verbose cache add spec buffercursor@>=0.0.3
253 silly cache add parsed spec Result {
253 silly cache add   raw: 'buffercursor@>=0.0.3',
253 silly cache add   scope: null,
253 silly cache add   name: 'buffercursor',
253 silly cache add   rawSpec: '>=0.0.3',
253 silly cache add   spec: '>=0.0.3',
253 silly cache add   type: 'range' }
254 silly addNamed buffercursor@>=0.0.3
255 verbose addNamed ">=0.0.3" is a valid semver range for buffercursor
256 silly addNameRange { name: 'buffercursor', range: '>=0.0.3', hasData: false }
257 silly mapToRegistry name buffercursor
258 silly mapToRegistry using default registry
259 silly mapToRegistry registry https://registry.npmjs.org/
260 silly mapToRegistry uri https://registry.npmjs.org/buffercursor
261 verbose addNameRange registry:https://registry.npmjs.org/buffercursor not in flight; fetching
262 verbose get https://registry.npmjs.org/buffercursor not expired, no request
263 silly addNameRange number 2 { name: 'buffercursor', range: '>=0.0.3', hasData: true }
264 silly addNameRange versions [ 'buffercursor',
264 silly addNameRange   [ '0.0.1',
264 silly addNameRange     '0.0.2',
264 silly addNameRange     '0.0.3',
264 silly addNameRange     '0.0.4',
264 silly addNameRange     '0.0.5',
264 silly addNameRange     '0.0.6',
264 silly addNameRange     '0.0.7',
264 silly addNameRange     '0.0.8',
264 silly addNameRange     '0.0.9',
264 silly addNameRange     '0.0.10',
264 silly addNameRange     '0.0.11',
264 silly addNameRange     '0.0.12' ] ]
265 silly addNamed buffercursor@0.0.12
266 verbose addNamed "0.0.12" is a plain semver version for buffercursor
267 silly cache afterAdd buffercursor@0.0.12
268 verbose afterAdd /home/tyler/.npm/buffercursor/0.0.12/package/package.json not in flight; writing
269 verbose afterAdd /home/tyler/.npm/buffercursor/0.0.12/package/package.json written
270 silly fetchNamedPackageData verror
271 silly mapToRegistry name verror
272 silly mapToRegistry using default registry
273 silly mapToRegistry registry https://registry.npmjs.org/
274 silly mapToRegistry uri https://registry.npmjs.org/verror
275 verbose request uri https://registry.npmjs.org/verror
276 verbose request no auth needed
277 info attempt registry request try #1 at 4:24:00 PM
278 verbose etag W/"5877f97a-91f7"
279 verbose lastModified Thu, 12 Jan 2017 21:47:38 GMT
280 http request GET https://registry.npmjs.org/verror
281 http 304 https://registry.npmjs.org/verror
282 verbose headers { date: 'Thu, 19 Jan 2017 00:24:00 GMT',
282 verbose headers   via: '1.1 varnish',
282 verbose headers   'cache-control': 'max-age=300',
282 verbose headers   etag: 'W/"5877f97a-91f7"',
282 verbose headers   age: '122',
282 verbose headers   connection: 'keep-alive',
282 verbose headers   'x-served-by': 'cache-lax8637-LAX',
282 verbose headers   'x-cache': 'HIT',
282 verbose headers   'x-cache-hits': '1',
282 verbose headers   'x-timer': 'S1484785440.448498,VS0,VE0',
282 verbose headers   vary: 'Accept-Encoding' }
283 silly get cb [ 304,
283 silly get   { date: 'Thu, 19 Jan 2017 00:24:00 GMT',
283 silly get     via: '1.1 varnish',
283 silly get     'cache-control': 'max-age=300',
283 silly get     etag: 'W/"5877f97a-91f7"',
283 silly get     age: '122',
283 silly get     connection: 'keep-alive',
283 silly get     'x-served-by': 'cache-lax8637-LAX',
283 silly get     'x-cache': 'HIT',
283 silly get     'x-cache-hits': '1',
283 silly get     'x-timer': 'S1484785440.448498,VS0,VE0',
283 silly get     vary: 'Accept-Encoding' } ]
284 verbose etag https://registry.npmjs.org/verror from cache
285 verbose get saving verror to /home/tyler/.npm/registry.npmjs.org/verror/.cache.json
286 silly resolveWithNewModule verror@1.9.0 checking installable status
287 silly cache add args [ 'verror@^1.4.0', null ]
288 verbose cache add spec verror@^1.4.0
289 silly cache add parsed spec Result {
289 silly cache add   raw: 'verror@^1.4.0',
289 silly cache add   scope: null,
289 silly cache add   name: 'verror',
289 silly cache add   rawSpec: '^1.4.0',
289 silly cache add   spec: '>=1.4.0 <2.0.0',
289 silly cache add   type: 'range' }
290 silly addNamed verror@>=1.4.0 <2.0.0
291 verbose addNamed ">=1.4.0 <2.0.0" is a valid semver range for verror
292 silly addNameRange { name: 'verror', range: '>=1.4.0 <2.0.0', hasData: false }
293 silly mapToRegistry name verror
294 silly mapToRegistry using default registry
295 silly mapToRegistry registry https://registry.npmjs.org/
296 silly mapToRegistry uri https://registry.npmjs.org/verror
297 verbose addNameRange registry:https://registry.npmjs.org/verror not in flight; fetching
298 verbose get https://registry.npmjs.org/verror not expired, no request
299 silly addNameRange number 2 { name: 'verror', range: '>=1.4.0 <2.0.0', hasData: true }
300 silly addNameRange versions [ 'verror',
300 silly addNameRange   [ '1.0.0',
300 silly addNameRange     '1.0.1',
300 silly addNameRange     '1.1.0',
300 silly addNameRange     '1.2.0',
300 silly addNameRange     '1.3.0',
300 silly addNameRange     '1.3.1',
300 silly addNameRange     '1.3.2',
300 silly addNameRange     '1.3.3',
300 silly addNameRange     '1.3.4',
300 silly addNameRange     '1.3.5',
300 silly addNameRange     '1.3.6',
300 silly addNameRange     '1.3.7',
300 silly addNameRange     '1.4.0',
300 silly addNameRange     '1.5.0',
300 silly addNameRange     '1.5.1',
300 silly addNameRange     '1.6.0',
300 silly addNameRange     '1.6.1',
300 silly addNameRange     '1.7.0',
300 silly addNameRange     '1.8.0',
300 silly addNameRange     '1.8.1',
300 silly addNameRange     '1.9.0' ] ]
301 silly addNamed verror@1.9.0
302 verbose addNamed "1.9.0" is a plain semver version for verror
303 silly cache afterAdd verror@1.9.0
304 verbose afterAdd /home/tyler/.npm/verror/1.9.0/package/package.json not in flight; writing
305 verbose afterAdd /home/tyler/.npm/verror/1.9.0/package/package.json written
306 silly fetchNamedPackageData assert-plus
307 silly mapToRegistry name assert-plus
308 silly mapToRegistry using default registry
309 silly mapToRegistry registry https://registry.npmjs.org/
310 silly mapToRegistry uri https://registry.npmjs.org/assert-plus
311 silly fetchNamedPackageData core-util-is
312 silly mapToRegistry name core-util-is
313 silly mapToRegistry using default registry
314 silly mapToRegistry registry https://registry.npmjs.org/
315 silly mapToRegistry uri https://registry.npmjs.org/core-util-is
316 silly fetchNamedPackageData extsprintf
317 silly mapToRegistry name extsprintf
318 silly mapToRegistry using default registry
319 silly mapToRegistry registry https://registry.npmjs.org/
320 silly mapToRegistry uri https://registry.npmjs.org/extsprintf
321 verbose request uri https://registry.npmjs.org/assert-plus
322 verbose request no auth needed
323 info attempt registry request try #1 at 4:24:00 PM
324 verbose etag W/"5858ae9a-3481"
325 verbose lastModified Tue, 20 Dec 2016 04:07:54 GMT
326 http request GET https://registry.npmjs.org/assert-plus
327 verbose request uri https://registry.npmjs.org/core-util-is
328 verbose request no auth needed
329 info attempt registry request try #1 at 4:24:00 PM
330 verbose etag W/"564e6b4d-ea6"
331 verbose lastModified Fri, 20 Nov 2015 00:37:33 GMT
332 http request GET https://registry.npmjs.org/core-util-is
333 verbose request uri https://registry.npmjs.org/extsprintf
334 verbose request no auth needed
335 info attempt registry request try #1 at 4:24:00 PM
336 verbose etag W/"5818cf8e-223e"
337 verbose lastModified Tue, 01 Nov 2016 17:23:26 GMT
338 http request GET https://registry.npmjs.org/extsprintf
339 http 304 https://registry.npmjs.org/assert-plus
340 verbose headers { date: 'Thu, 19 Jan 2017 00:24:00 GMT',
340 verbose headers   via: '1.1 varnish',
340 verbose headers   'cache-control': 'max-age=300',
340 verbose headers   etag: 'W/"5858ae9a-3481"',
340 verbose headers   age: '113',
340 verbose headers   connection: 'keep-alive',
340 verbose headers   'x-served-by': 'cache-lax8632-LAX',
340 verbose headers   'x-cache': 'HIT',
340 verbose headers   'x-cache-hits': '2',
340 verbose headers   'x-timer': 'S1484785440.505992,VS0,VE0',
340 verbose headers   vary: 'Accept-Encoding' }
341 silly get cb [ 304,
341 silly get   { date: 'Thu, 19 Jan 2017 00:24:00 GMT',
341 silly get     via: '1.1 varnish',
341 silly get     'cache-control': 'max-age=300',
341 silly get     etag: 'W/"5858ae9a-3481"',
341 silly get     age: '113',
341 silly get     connection: 'keep-alive',
341 silly get     'x-served-by': 'cache-lax8632-LAX',
341 silly get     'x-cache': 'HIT',
341 silly get     'x-cache-hits': '2',
341 silly get     'x-timer': 'S1484785440.505992,VS0,VE0',
341 silly get     vary: 'Accept-Encoding' } ]
342 verbose etag https://registry.npmjs.org/assert-plus from cache
343 verbose get saving assert-plus to /home/tyler/.npm/registry.npmjs.org/assert-plus/.cache.json
344 http 304 https://registry.npmjs.org/core-util-is
345 verbose headers { date: 'Thu, 19 Jan 2017 00:24:00 GMT',
345 verbose headers   via: '1.1 varnish',
345 verbose headers   'cache-control': 'max-age=300',
345 verbose headers   etag: 'W/"564e6b4d-ea6"',
345 verbose headers   age: '102',
345 verbose headers   connection: 'keep-alive',
345 verbose headers   'x-served-by': 'cache-lax8631-LAX',
345 verbose headers   'x-cache': 'HIT',
345 verbose headers   'x-cache-hits': '6',
345 verbose headers   'x-timer': 'S1484785440.507749,VS0,VE0',
345 verbose headers   vary: 'Accept-Encoding' }
346 silly get cb [ 304,
346 silly get   { date: 'Thu, 19 Jan 2017 00:24:00 GMT',
346 silly get     via: '1.1 varnish',
346 silly get     'cache-control': 'max-age=300',
346 silly get     etag: 'W/"564e6b4d-ea6"',
346 silly get     age: '102',
346 silly get     connection: 'keep-alive',
346 silly get     'x-served-by': 'cache-lax8631-LAX',
346 silly get     'x-cache': 'HIT',
346 silly get     'x-cache-hits': '6',
346 silly get     'x-timer': 'S1484785440.507749,VS0,VE0',
346 silly get     vary: 'Accept-Encoding' } ]
347 verbose etag https://registry.npmjs.org/core-util-is from cache
348 verbose get saving core-util-is to /home/tyler/.npm/registry.npmjs.org/core-util-is/.cache.json
349 http 304 https://registry.npmjs.org/extsprintf
350 verbose headers { date: 'Thu, 19 Jan 2017 00:24:00 GMT',
350 verbose headers   via: '1.1 varnish',
350 verbose headers   'cache-control': 'max-age=300',
350 verbose headers   etag: 'W/"5818cf8e-223e"',
350 verbose headers   age: '5',
350 verbose headers   connection: 'keep-alive',
350 verbose headers   'x-served-by': 'cache-lax8635-LAX',
350 verbose headers   'x-cache': 'HIT',
350 verbose headers   'x-cache-hits': '1',
350 verbose headers   'x-timer': 'S1484785440.507563,VS0,VE0',
350 verbose headers   vary: 'Accept-Encoding' }
351 silly get cb [ 304,
351 silly get   { date: 'Thu, 19 Jan 2017 00:24:00 GMT',
351 silly get     via: '1.1 varnish',
351 silly get     'cache-control': 'max-age=300',
351 silly get     etag: 'W/"5818cf8e-223e"',
351 silly get     age: '5',
351 silly get     connection: 'keep-alive',
351 silly get     'x-served-by': 'cache-lax8635-LAX',
351 silly get     'x-cache': 'HIT',
351 silly get     'x-cache-hits': '1',
351 silly get     'x-timer': 'S1484785440.507563,VS0,VE0',
351 silly get     vary: 'Accept-Encoding' } ]
352 verbose etag https://registry.npmjs.org/extsprintf from cache
353 verbose get saving extsprintf to /home/tyler/.npm/registry.npmjs.org/extsprintf/.cache.json
354 silly resolveWithNewModule assert-plus@1.0.0 checking installable status
355 silly cache add args [ 'assert-plus@^1.0.0', null ]
356 verbose cache add spec assert-plus@^1.0.0
357 silly cache add parsed spec Result {
357 silly cache add   raw: 'assert-plus@^1.0.0',
357 silly cache add   scope: null,
357 silly cache add   name: 'assert-plus',
357 silly cache add   rawSpec: '^1.0.0',
357 silly cache add   spec: '>=1.0.0 <2.0.0',
357 silly cache add   type: 'range' }
358 silly addNamed assert-plus@>=1.0.0 <2.0.0
359 verbose addNamed ">=1.0.0 <2.0.0" is a valid semver range for assert-plus
360 silly addNameRange { name: 'assert-plus', range: '>=1.0.0 <2.0.0', hasData: false }
361 silly mapToRegistry name assert-plus
362 silly mapToRegistry using default registry
363 silly mapToRegistry registry https://registry.npmjs.org/
364 silly mapToRegistry uri https://registry.npmjs.org/assert-plus
365 verbose addNameRange registry:https://registry.npmjs.org/assert-plus not in flight; fetching
366 silly resolveWithNewModule core-util-is@1.0.2 checking installable status
367 silly cache add args [ 'core-util-is@1.0.2', null ]
368 verbose cache add spec core-util-is@1.0.2
369 silly cache add parsed spec Result {
369 silly cache add   raw: 'core-util-is@1.0.2',
369 silly cache add   scope: null,
369 silly cache add   name: 'core-util-is',
369 silly cache add   rawSpec: '1.0.2',
369 silly cache add   spec: '1.0.2',
369 silly cache add   type: 'version' }
370 silly addNamed core-util-is@1.0.2
371 verbose addNamed "1.0.2" is a plain semver version for core-util-is
372 silly mapToRegistry name core-util-is
373 silly mapToRegistry using default registry
374 silly mapToRegistry registry https://registry.npmjs.org/
375 silly mapToRegistry uri https://registry.npmjs.org/core-util-is
376 verbose addNameVersion registry:https://registry.npmjs.org/core-util-is not in flight; fetching
377 silly resolveWithNewModule extsprintf@1.3.0 checking installable status
378 silly cache add args [ 'extsprintf@^1.2.0', null ]
379 verbose cache add spec extsprintf@^1.2.0
380 silly cache add parsed spec Result {
380 silly cache add   raw: 'extsprintf@^1.2.0',
380 silly cache add   scope: null,
380 silly cache add   name: 'extsprintf',
380 silly cache add   rawSpec: '^1.2.0',
380 silly cache add   spec: '>=1.2.0 <2.0.0',
380 silly cache add   type: 'range' }
381 silly addNamed extsprintf@>=1.2.0 <2.0.0
382 verbose addNamed ">=1.2.0 <2.0.0" is a valid semver range for extsprintf
383 silly addNameRange { name: 'extsprintf', range: '>=1.2.0 <2.0.0', hasData: false }
384 silly mapToRegistry name extsprintf
385 silly mapToRegistry using default registry
386 silly mapToRegistry registry https://registry.npmjs.org/
387 silly mapToRegistry uri https://registry.npmjs.org/extsprintf
388 verbose addNameRange registry:https://registry.npmjs.org/extsprintf not in flight; fetching
389 verbose get https://registry.npmjs.org/assert-plus not expired, no request
390 silly addNameRange number 2 { name: 'assert-plus', range: '>=1.0.0 <2.0.0', hasData: true }
391 silly addNameRange versions [ 'assert-plus',
391 silly addNameRange   [ '0.1.0',
391 silly addNameRange     '0.1.1',
391 silly addNameRange     '0.1.2',
391 silly addNameRange     '0.1.3',
391 silly addNameRange     '0.1.4',
391 silly addNameRange     '0.1.5',
391 silly addNameRange     '0.2.0',
391 silly addNameRange     '1.0.0' ] ]
392 silly addNamed assert-plus@1.0.0
393 verbose addNamed "1.0.0" is a plain semver version for assert-plus
394 verbose get https://registry.npmjs.org/core-util-is not expired, no request
395 verbose get https://registry.npmjs.org/extsprintf not expired, no request
396 silly addNameRange number 2 { name: 'extsprintf', range: '>=1.2.0 <2.0.0', hasData: true }
397 silly addNameRange versions [ 'extsprintf',
397 silly addNameRange   [ '1.0.0',
397 silly addNameRange     '1.0.1',
397 silly addNameRange     '1.0.2',
397 silly addNameRange     '1.0.3',
397 silly addNameRange     '1.1.0',
397 silly addNameRange     '1.1.1',
397 silly addNameRange     '1.2.0',
397 silly addNameRange     '1.2.1',
397 silly addNameRange     '1.3.0' ] ]
398 silly addNamed extsprintf@1.3.0
399 verbose addNamed "1.3.0" is a plain semver version for extsprintf
400 silly cache afterAdd assert-plus@1.0.0
401 verbose afterAdd /home/tyler/.npm/assert-plus/1.0.0/package/package.json not in flight; writing
402 silly cache afterAdd core-util-is@1.0.2
403 verbose afterAdd /home/tyler/.npm/core-util-is/1.0.2/package/package.json not in flight; writing
404 silly cache afterAdd extsprintf@1.3.0
405 verbose afterAdd /home/tyler/.npm/extsprintf/1.3.0/package/package.json not in flight; writing
406 verbose afterAdd /home/tyler/.npm/assert-plus/1.0.0/package/package.json written
407 verbose afterAdd /home/tyler/.npm/core-util-is/1.0.2/package/package.json written
408 verbose afterAdd /home/tyler/.npm/extsprintf/1.3.0/package/package.json written
409 silly fetchNamedPackageData underscore
410 silly mapToRegistry name underscore
411 silly mapToRegistry using default registry
412 silly mapToRegistry registry https://registry.npmjs.org/
413 silly mapToRegistry uri https://registry.npmjs.org/underscore
414 silly fetchNamedPackageData vows
415 silly mapToRegistry name vows
416 silly mapToRegistry using default registry
417 silly mapToRegistry registry https://registry.npmjs.org/
418 silly mapToRegistry uri https://registry.npmjs.org/vows
419 verbose request uri https://registry.npmjs.org/underscore
420 verbose request no auth needed
421 info attempt registry request try #1 at 4:24:00 PM
422 verbose etag W/"58695295-ab80"
423 verbose lastModified Sun, 01 Jan 2017 19:03:49 GMT
424 http request GET https://registry.npmjs.org/underscore
425 verbose request uri https://registry.npmjs.org/vows
426 verbose request no auth needed
427 info attempt registry request try #1 at 4:24:00 PM
428 verbose etag W/"5601cb22-8b73"
429 verbose lastModified Tue, 22 Sep 2015 21:41:54 GMT
430 http request GET https://registry.npmjs.org/vows
431 http 304 https://registry.npmjs.org/vows
432 verbose headers { date: 'Thu, 19 Jan 2017 00:24:00 GMT',
432 verbose headers   via: '1.1 varnish',
432 verbose headers   'cache-control': 'max-age=300',
432 verbose headers   etag: 'W/"5601cb22-8b73"',
432 verbose headers   age: '259',
432 verbose headers   connection: 'keep-alive',
432 verbose headers   'x-served-by': 'cache-lax8638-LAX',
432 verbose headers   'x-cache': 'HIT',
432 verbose headers   'x-cache-hits': '1',
432 verbose headers   'x-timer': 'S1484785440.557062,VS0,VE0',
432 verbose headers   vary: 'Accept-Encoding' }
433 silly get cb [ 304,
433 silly get   { date: 'Thu, 19 Jan 2017 00:24:00 GMT',
433 silly get     via: '1.1 varnish',
433 silly get     'cache-control': 'max-age=300',
433 silly get     etag: 'W/"5601cb22-8b73"',
433 silly get     age: '259',
433 silly get     connection: 'keep-alive',
433 silly get     'x-served-by': 'cache-lax8638-LAX',
433 silly get     'x-cache': 'HIT',
433 silly get     'x-cache-hits': '1',
433 silly get     'x-timer': 'S1484785440.557062,VS0,VE0',
433 silly get     vary: 'Accept-Encoding' } ]
434 verbose etag https://registry.npmjs.org/vows from cache
435 verbose get saving vows to /home/tyler/.npm/registry.npmjs.org/vows/.cache.json
436 http 200 https://registry.npmjs.org/underscore
437 verbose headers { server: 'nginx/1.10.1',
437 verbose headers   'content-type': 'application/json',
437 verbose headers   'last-modified': 'Mon, 16 Jan 2017 16:34:56 GMT',
437 verbose headers   etag: 'W/"587cf630-aba7"',
437 verbose headers   'content-encoding': 'gzip',
437 verbose headers   'cache-control': 'max-age=300',
437 verbose headers   'content-length': '7178',
437 verbose headers   'accept-ranges': 'bytes',
437 verbose headers   date: 'Thu, 19 Jan 2017 00:24:00 GMT',
437 verbose headers   via: '1.1 varnish',
437 verbose headers   age: '109',
437 verbose headers   connection: 'keep-alive',
437 verbose headers   'x-served-by': 'cache-lax8624-LAX',
437 verbose headers   'x-cache': 'HIT',
437 verbose headers   'x-cache-hits': '2',
437 verbose headers   'x-timer': 'S1484785440.555548,VS0,VE0',
437 verbose headers   vary: 'Accept-Encoding' }
438 silly get cb [ 200,
438 silly get   { server: 'nginx/1.10.1',
438 silly get     'content-type': 'application/json',
438 silly get     'last-modified': 'Mon, 16 Jan 2017 16:34:56 GMT',
438 silly get     etag: 'W/"587cf630-aba7"',
438 silly get     'content-encoding': 'gzip',
438 silly get     'cache-control': 'max-age=300',
438 silly get     'content-length': '7178',
438 silly get     'accept-ranges': 'bytes',
438 silly get     date: 'Thu, 19 Jan 2017 00:24:00 GMT',
438 silly get     via: '1.1 varnish',
438 silly get     age: '109',
438 silly get     connection: 'keep-alive',
438 silly get     'x-served-by': 'cache-lax8624-LAX',
438 silly get     'x-cache': 'HIT',
438 silly get     'x-cache-hits': '2',
438 silly get     'x-timer': 'S1484785440.555548,VS0,VE0',
438 silly get     vary: 'Accept-Encoding' } ]
439 verbose get saving underscore to /home/tyler/.npm/registry.npmjs.org/underscore/.cache.json
440 silly resolveWithNewModule vows@0.6.1 checking installable status
441 silly cache add args [ 'vows@0.6.1', null ]
442 verbose cache add spec vows@0.6.1
443 silly cache add parsed spec Result {
443 silly cache add   raw: 'vows@0.6.1',
443 silly cache add   scope: null,
443 silly cache add   name: 'vows',
443 silly cache add   rawSpec: '0.6.1',
443 silly cache add   spec: '0.6.1',
443 silly cache add   type: 'version' }
444 silly addNamed vows@0.6.1
445 verbose addNamed "0.6.1" is a plain semver version for vows
446 silly mapToRegistry name vows
447 silly mapToRegistry using default registry
448 silly mapToRegistry registry https://registry.npmjs.org/
449 silly mapToRegistry uri https://registry.npmjs.org/vows
450 verbose addNameVersion registry:https://registry.npmjs.org/vows not in flight; fetching
451 verbose get https://registry.npmjs.org/vows not expired, no request
452 silly resolveWithNewModule underscore@1.2.3 checking installable status
453 silly cache add args [ 'underscore@1.2.3', null ]
454 verbose cache add spec underscore@1.2.3
455 silly cache add parsed spec Result {
455 silly cache add   raw: 'underscore@1.2.3',
455 silly cache add   scope: null,
455 silly cache add   name: 'underscore',
455 silly cache add   rawSpec: '1.2.3',
455 silly cache add   spec: '1.2.3',
455 silly cache add   type: 'version' }
456 silly addNamed underscore@1.2.3
457 verbose addNamed "1.2.3" is a plain semver version for underscore
458 silly mapToRegistry name underscore
459 silly mapToRegistry using default registry
460 silly mapToRegistry registry https://registry.npmjs.org/
461 silly mapToRegistry uri https://registry.npmjs.org/underscore
462 verbose addNameVersion registry:https://registry.npmjs.org/underscore not in flight; fetching
463 verbose get https://registry.npmjs.org/underscore not expired, no request
464 silly cache afterAdd vows@0.6.1
465 verbose afterAdd /home/tyler/.npm/vows/0.6.1/package/package.json not in flight; writing
466 silly cache afterAdd underscore@1.2.3
467 verbose afterAdd /home/tyler/.npm/underscore/1.2.3/package/package.json not in flight; writing
468 verbose afterAdd /home/tyler/.npm/vows/0.6.1/package/package.json written
469 verbose afterAdd /home/tyler/.npm/underscore/1.2.3/package/package.json written
470 silly fetchNamedPackageData eyes
471 silly mapToRegistry name eyes
472 silly mapToRegistry using default registry
473 silly mapToRegistry registry https://registry.npmjs.org/
474 silly mapToRegistry uri https://registry.npmjs.org/eyes
475 verbose request uri https://registry.npmjs.org/eyes
476 verbose request no auth needed
477 info attempt registry request try #1 at 4:24:00 PM
478 verbose etag W/"57f80294-22de"
479 verbose lastModified Fri, 07 Oct 2016 20:16:20 GMT
480 http request GET https://registry.npmjs.org/eyes
481 http 304 https://registry.npmjs.org/eyes
482 verbose headers { date: 'Thu, 19 Jan 2017 00:24:00 GMT',
482 verbose headers   via: '1.1 varnish',
482 verbose headers   'cache-control': 'max-age=300',
482 verbose headers   etag: 'W/"57f80294-22de"',
482 verbose headers   age: '146',
482 verbose headers   connection: 'keep-alive',
482 verbose headers   'x-served-by': 'cache-lax8626-LAX',
482 verbose headers   'x-cache': 'HIT',
482 verbose headers   'x-cache-hits': '1',
482 verbose headers   'x-timer': 'S1484785440.594141,VS0,VE8',
482 verbose headers   vary: 'Accept-Encoding' }
483 silly get cb [ 304,
483 silly get   { date: 'Thu, 19 Jan 2017 00:24:00 GMT',
483 silly get     via: '1.1 varnish',
483 silly get     'cache-control': 'max-age=300',
483 silly get     etag: 'W/"57f80294-22de"',
483 silly get     age: '146',
483 silly get     connection: 'keep-alive',
483 silly get     'x-served-by': 'cache-lax8626-LAX',
483 silly get     'x-cache': 'HIT',
483 silly get     'x-cache-hits': '1',
483 silly get     'x-timer': 'S1484785440.594141,VS0,VE8',
483 silly get     vary: 'Accept-Encoding' } ]
484 verbose etag https://registry.npmjs.org/eyes from cache
485 verbose get saving eyes to /home/tyler/.npm/registry.npmjs.org/eyes/.cache.json
486 silly resolveWithNewModule eyes@0.1.8 checking installable status
487 silly cache add args [ 'eyes@>=0.1.6', null ]
488 verbose cache add spec eyes@>=0.1.6
489 silly cache add parsed spec Result {
489 silly cache add   raw: 'eyes@>=0.1.6',
489 silly cache add   scope: null,
489 silly cache add   name: 'eyes',
489 silly cache add   rawSpec: '>=0.1.6',
489 silly cache add   spec: '>=0.1.6',
489 silly cache add   type: 'range' }
490 silly addNamed eyes@>=0.1.6
491 verbose addNamed ">=0.1.6" is a valid semver range for eyes
492 silly addNameRange { name: 'eyes', range: '>=0.1.6', hasData: false }
493 silly mapToRegistry name eyes
494 silly mapToRegistry using default registry
495 silly mapToRegistry registry https://registry.npmjs.org/
496 silly mapToRegistry uri https://registry.npmjs.org/eyes
497 verbose addNameRange registry:https://registry.npmjs.org/eyes not in flight; fetching
498 verbose get https://registry.npmjs.org/eyes not expired, no request
499 silly addNameRange number 2 { name: 'eyes', range: '>=0.1.6', hasData: true }
500 silly addNameRange versions [ 'eyes',
500 silly addNameRange   [ '0.1.1',
500 silly addNameRange     '0.1.2',
500 silly addNameRange     '0.1.3',
500 silly addNameRange     '0.1.4',
500 silly addNameRange     '0.1.5',
500 silly addNameRange     '0.1.6',
500 silly addNameRange     '0.1.7',
500 silly addNameRange     '0.1.8' ] ]
501 silly addNamed eyes@0.1.8
502 verbose addNamed "0.1.8" is a plain semver version for eyes
503 silly cache afterAdd eyes@0.1.8
504 verbose afterAdd /home/tyler/.npm/eyes/0.1.8/package/package.json not in flight; writing
505 verbose afterAdd /home/tyler/.npm/eyes/0.1.8/package/package.json written
506 silly fetchNamedPackageData commander
507 silly mapToRegistry name commander
508 silly mapToRegistry using default registry
509 silly mapToRegistry registry https://registry.npmjs.org/
510 silly mapToRegistry uri https://registry.npmjs.org/commander
511 silly fetchNamedPackageData tinycolor
512 silly mapToRegistry name tinycolor
513 silly mapToRegistry using default registry
514 silly mapToRegistry registry https://registry.npmjs.org/
515 silly mapToRegistry uri https://registry.npmjs.org/tinycolor
516 silly fetchNamedPackageData options
517 silly mapToRegistry name options
518 silly mapToRegistry using default registry
519 silly mapToRegistry registry https://registry.npmjs.org/
520 silly mapToRegistry uri https://registry.npmjs.org/options
521 verbose request uri https://registry.npmjs.org/options
522 verbose request no auth needed
523 info attempt registry request try #1 at 4:24:00 PM
524 verbose etag W/"582e3b5c-1fda"
525 verbose lastModified Thu, 17 Nov 2016 23:21:00 GMT
526 http request GET https://registry.npmjs.org/options
527 verbose request uri https://registry.npmjs.org/tinycolor
528 verbose request no auth needed
529 info attempt registry request try #1 at 4:24:00 PM
530 verbose etag W/"5818e241-5a9"
531 verbose lastModified Tue, 01 Nov 2016 18:43:13 GMT
532 http request GET https://registry.npmjs.org/tinycolor
533 verbose request uri https://registry.npmjs.org/commander
534 verbose request no auth needed
535 info attempt registry request try #1 at 4:24:00 PM
536 verbose etag W/"5876545f-fe0d"
537 verbose lastModified Wed, 11 Jan 2017 15:50:55 GMT
538 http request GET https://registry.npmjs.org/commander
539 http 304 https://registry.npmjs.org/tinycolor
540 verbose headers { date: 'Thu, 19 Jan 2017 00:24:00 GMT',
540 verbose headers   via: '1.1 varnish',
540 verbose headers   'cache-control': 'max-age=300',
540 verbose headers   etag: 'W/"5818e241-5a9"',
540 verbose headers   age: '204',
540 verbose headers   connection: 'keep-alive',
540 verbose headers   'x-served-by': 'cache-lax8638-LAX',
540 verbose headers   'x-cache': 'HIT',
540 verbose headers   'x-cache-hits': '1',
540 verbose headers   'x-timer': 'S1484785440.659508,VS0,VE0',
540 verbose headers   vary: 'Accept-Encoding' }
541 silly get cb [ 304,
541 silly get   { date: 'Thu, 19 Jan 2017 00:24:00 GMT',
541 silly get     via: '1.1 varnish',
541 silly get     'cache-control': 'max-age=300',
541 silly get     etag: 'W/"5818e241-5a9"',
541 silly get     age: '204',
541 silly get     connection: 'keep-alive',
541 silly get     'x-served-by': 'cache-lax8638-LAX',
541 silly get     'x-cache': 'HIT',
541 silly get     'x-cache-hits': '1',
541 silly get     'x-timer': 'S1484785440.659508,VS0,VE0',
541 silly get     vary: 'Accept-Encoding' } ]
542 verbose etag https://registry.npmjs.org/tinycolor from cache
543 verbose get saving tinycolor to /home/tyler/.npm/registry.npmjs.org/tinycolor/.cache.json
544 http 304 https://registry.npmjs.org/options
545 verbose headers { date: 'Thu, 19 Jan 2017 00:24:00 GMT',
545 verbose headers   via: '1.1 varnish',
545 verbose headers   'cache-control': 'max-age=300',
545 verbose headers   etag: 'W/"582e3b5c-1fda"',
545 verbose headers   age: '288',
545 verbose headers   connection: 'keep-alive',
545 verbose headers   'x-served-by': 'cache-lax8624-LAX',
545 verbose headers   'x-cache': 'HIT',
545 verbose headers   'x-cache-hits': '4',
545 verbose headers   'x-timer': 'S1484785440.662604,VS0,VE0',
545 verbose headers   vary: 'Accept-Encoding' }
546 silly get cb [ 304,
546 silly get   { date: 'Thu, 19 Jan 2017 00:24:00 GMT',
546 silly get     via: '1.1 varnish',
546 silly get     'cache-control': 'max-age=300',
546 silly get     etag: 'W/"582e3b5c-1fda"',
546 silly get     age: '288',
546 silly get     connection: 'keep-alive',
546 silly get     'x-served-by': 'cache-lax8624-LAX',
546 silly get     'x-cache': 'HIT',
546 silly get     'x-cache-hits': '4',
546 silly get     'x-timer': 'S1484785440.662604,VS0,VE0',
546 silly get     vary: 'Accept-Encoding' } ]
547 verbose etag https://registry.npmjs.org/options from cache
548 verbose get saving options to /home/tyler/.npm/registry.npmjs.org/options/.cache.json
549 silly resolveWithNewModule tinycolor@0.0.1 checking installable status
550 silly cache add args [ 'tinycolor@0.x', null ]
551 verbose cache add spec tinycolor@0.x
552 silly cache add parsed spec Result {
552 silly cache add   raw: 'tinycolor@0.x',
552 silly cache add   scope: null,
552 silly cache add   name: 'tinycolor',
552 silly cache add   rawSpec: '0.x',
552 silly cache add   spec: '>=0.0.0 <1.0.0',
552 silly cache add   type: 'range' }
553 silly addNamed tinycolor@>=0.0.0 <1.0.0
554 verbose addNamed ">=0.0.0 <1.0.0" is a valid semver range for tinycolor
555 silly addNameRange { name: 'tinycolor', range: '>=0.0.0 <1.0.0', hasData: false }
556 silly mapToRegistry name tinycolor
557 silly mapToRegistry using default registry
558 silly mapToRegistry registry https://registry.npmjs.org/
559 silly mapToRegistry uri https://registry.npmjs.org/tinycolor
560 verbose addNameRange registry:https://registry.npmjs.org/tinycolor not in flight; fetching
561 http 200 https://registry.npmjs.org/commander
562 verbose headers { server: 'nginx/1.10.1',
562 verbose headers   'content-type': 'application/json',
562 verbose headers   'last-modified': 'Wed, 18 Jan 2017 10:28:54 GMT',
562 verbose headers   etag: 'W/"587f4366-fe50"',
562 verbose headers   'content-encoding': 'gzip',
562 verbose headers   'cache-control': 'max-age=300',
562 verbose headers   'content-length': '12500',
562 verbose headers   'accept-ranges': 'bytes',
562 verbose headers   date: 'Thu, 19 Jan 2017 00:24:00 GMT',
562 verbose headers   via: '1.1 varnish',
562 verbose headers   age: '187',
562 verbose headers   connection: 'keep-alive',
562 verbose headers   'x-served-by': 'cache-lax8627-LAX',
562 verbose headers   'x-cache': 'HIT',
562 verbose headers   'x-cache-hits': '3',
562 verbose headers   'x-timer': 'S1484785440.659884,VS0,VE0',
562 verbose headers   vary: 'Accept-Encoding' }
563 silly get cb [ 200,
563 silly get   { server: 'nginx/1.10.1',
563 silly get     'content-type': 'application/json',
563 silly get     'last-modified': 'Wed, 18 Jan 2017 10:28:54 GMT',
563 silly get     etag: 'W/"587f4366-fe50"',
563 silly get     'content-encoding': 'gzip',
563 silly get     'cache-control': 'max-age=300',
563 silly get     'content-length': '12500',
563 silly get     'accept-ranges': 'bytes',
563 silly get     date: 'Thu, 19 Jan 2017 00:24:00 GMT',
563 silly get     via: '1.1 varnish',
563 silly get     age: '187',
563 silly get     connection: 'keep-alive',
563 silly get     'x-served-by': 'cache-lax8627-LAX',
563 silly get     'x-cache': 'HIT',
563 silly get     'x-cache-hits': '3',
563 silly get     'x-timer': 'S1484785440.659884,VS0,VE0',
563 silly get     vary: 'Accept-Encoding' } ]
564 verbose get saving commander to /home/tyler/.npm/registry.npmjs.org/commander/.cache.json
565 verbose get https://registry.npmjs.org/tinycolor not expired, no request
566 silly addNameRange number 2 { name: 'tinycolor', range: '>=0.0.0 <1.0.0', hasData: true }
567 silly addNameRange versions [ 'tinycolor', [ '0.0.1' ] ]
568 silly addNamed tinycolor@0.0.1
569 verbose addNamed "0.0.1" is a plain semver version for tinycolor
570 silly resolveWithNewModule options@0.0.6 checking installable status
571 silly cache add args [ 'options@latest', null ]
572 verbose cache add spec options@latest
573 silly cache add parsed spec Result {
573 silly cache add   raw: 'options@latest',
573 silly cache add   scope: null,
573 silly cache add   name: 'options',
573 silly cache add   rawSpec: 'latest',
573 silly cache add   spec: 'latest',
573 silly cache add   type: 'tag' }
574 silly addNamed options@latest
575 verbose addNamed "latest" is being treated as a dist-tag for options
576 info addNameTag [ 'options', 'latest' ]
577 silly mapToRegistry name options
578 silly mapToRegistry using default registry
579 silly mapToRegistry registry https://registry.npmjs.org/
580 silly mapToRegistry uri https://registry.npmjs.org/options
581 verbose addNameTag registry:https://registry.npmjs.org/options not in flight; fetching
582 silly cache afterAdd tinycolor@0.0.1
583 verbose afterAdd /home/tyler/.npm/tinycolor/0.0.1/package/package.json not in flight; writing
584 verbose get https://registry.npmjs.org/options not expired, no request
585 silly addNameTag next cb for options with tag latest
586 silly addNamed options@0.0.6
587 verbose addNamed "0.0.6" is a plain semver version for options
588 silly resolveWithNewModule commander@0.6.1 checking installable status
589 silly cache add args [ 'commander@~0.6.1', null ]
590 verbose cache add spec commander@~0.6.1
591 silly cache add parsed spec Result {
591 silly cache add   raw: 'commander@~0.6.1',
591 silly cache add   scope: null,
591 silly cache add   name: 'commander',
591 silly cache add   rawSpec: '~0.6.1',
591 silly cache add   spec: '>=0.6.1 <0.7.0',
591 silly cache add   type: 'range' }
592 silly addNamed commander@>=0.6.1 <0.7.0
593 verbose addNamed ">=0.6.1 <0.7.0" is a valid semver range for commander
594 silly addNameRange { name: 'commander', range: '>=0.6.1 <0.7.0', hasData: false }
595 silly mapToRegistry name commander
596 silly mapToRegistry using default registry
597 silly mapToRegistry registry https://registry.npmjs.org/
598 silly mapToRegistry uri https://registry.npmjs.org/commander
599 verbose addNameRange registry:https://registry.npmjs.org/commander not in flight; fetching
600 verbose afterAdd /home/tyler/.npm/tinycolor/0.0.1/package/package.json written
601 silly cache afterAdd options@0.0.6
602 verbose afterAdd /home/tyler/.npm/options/0.0.6/package/package.json not in flight; writing
603 verbose get https://registry.npmjs.org/commander not expired, no request
604 silly addNameRange number 2 { name: 'commander', range: '>=0.6.1 <0.7.0', hasData: true }
605 silly addNameRange versions [ 'commander',
605 silly addNameRange   [ '0.0.1',
605 silly addNameRange     '0.0.3',
605 silly addNameRange     '0.0.4',
605 silly addNameRange     '0.0.5',
605 silly addNameRange     '0.1.0',
605 silly addNameRange     '0.2.0',
605 silly addNameRange     '0.2.1',
605 silly addNameRange     '0.3.0',
605 silly addNameRange     '0.3.1',
605 silly addNameRange     '0.3.2',
605 silly addNameRange     '0.3.3',
605 silly addNameRange     '0.4.0',
605 silly addNameRange     '0.4.1',
605 silly addNameRange     '0.4.2',
605 silly addNameRange     '0.4.3',
605 silly addNameRange     '0.5.0',
605 silly addNameRange     '0.5.1',
605 silly addNameRange     '0.6.0',
605 silly addNameRange     '0.6.1',
605 silly addNameRange     '0.5.2',
605 silly addNameRange     '1.0.0',
605 silly addNameRange     '1.0.1',
605 silly addNameRange     '1.0.2',
605 silly addNameRange     '1.0.3',
605 silly addNameRange     '1.0.4',
605 silly addNameRange     '1.0.5',
605 silly addNameRange     '1.1.0',
605 silly addNameRange     '1.1.1',
605 silly addNameRange     '1.2.0',
605 silly addNameRange     '1.3.0',
605 silly addNameRange     '1.3.1',
605 silly addNameRange     '1.3.2',
605 silly addNameRange     '2.0.0',
605 silly addNameRange     '2.1.0',
605 silly addNameRange     '2.2.0',
605 silly addNameRange     '2.3.0',
605 silly addNameRange     '2.4.0',
605 silly addNameRange     '2.5.0',
605 silly addNameRange     '2.5.1',
605 silly addNameRange     '2.6.0',
605 silly addNameRange     '2.7.0',
605 silly addNameRange     '2.7.1',
605 silly addNameRange     '2.8.0',
605 silly addNameRange     '2.8.1',
605 silly addNameRange     '2.9.0' ] ]
606 silly addNamed commander@0.6.1
607 verbose addNamed "0.6.1" is a plain semver version for commander
608 verbose afterAdd /home/tyler/.npm/options/0.0.6/package/package.json written
609 silly cache afterAdd commander@0.6.1
610 verbose afterAdd /home/tyler/.npm/commander/0.6.1/package/package.json not in flight; writing
611 verbose afterAdd /home/tyler/.npm/commander/0.6.1/package/package.json written
612 silly loadAllDepsIntoIdealTree Finishing
613 silly idealTree:prePrune pinaplepy-site
613 silly idealTree:prePrune  assert-plus@1.0.0
613 silly idealTree:prePrune  async@1.0.0
613 silly idealTree:prePrune  binaryjs@0.2.1
613 silly idealTree:prePrune  binarypack@0.0.4
613 silly idealTree:prePrune  buffercursor@0.0.12
613 silly idealTree:prePrune  commander@0.6.1
613 silly idealTree:prePrune  core-util-is@1.0.2
613 silly idealTree:prePrune  extsprintf@1.3.0
613 silly idealTree:prePrune  eyes@0.1.8
613 silly idealTree:prePrune  kotrans@0.4.3
613 silly idealTree:prePrune  options@0.0.6
613 silly idealTree:prePrune  streamers@0.1.1
613 silly idealTree:prePrune  streamws@0.1.1
613 silly idealTree:prePrune  tinycolor@0.0.1
613 silly idealTree:prePrune  underscore@1.2.3
613 silly idealTree:prePrune  verror@1.9.0
613 silly idealTree:prePrune  vows@0.6.1
614 silly loadIdealTree Finishing
615 silly currentTree pinaplepy-site
615 silly currentTree  assert-plus@1.0.0
615 silly currentTree  async@1.0.0
615 silly currentTree  binaryjs@0.2.1
615 silly currentTree  binarypack@0.0.4
615 silly currentTree  buffercursor@0.0.12
615 silly currentTree  commander@0.6.1
615 silly currentTree  core-util-is@1.0.2
615 silly currentTree  extsprintf@1.3.0
615 silly currentTree  eyes@0.1.8
615 silly currentTree  kotrans@0.4.3
615 silly currentTree  options@0.0.6
615 silly currentTree  streamers@0.1.1
615 silly currentTree  streamws@0.1.1
615 silly currentTree  tinycolor@0.0.1
615 silly currentTree  underscore@1.2.3
615 silly currentTree  verror@1.9.0
615 silly currentTree  vows@0.6.1
616 silly idealTree pinaplepy-site
616 silly idealTree  assert-plus@1.0.0
616 silly idealTree  async@1.0.0
616 silly idealTree  binaryjs@0.2.1
616 silly idealTree  binarypack@0.0.4
616 silly idealTree  buffercursor@0.0.12
616 silly idealTree  commander@0.6.1
616 silly idealTree  core-util-is@1.0.2
616 silly idealTree  extsprintf@1.3.0
616 silly idealTree  eyes@0.1.8
616 silly idealTree  kotrans@0.4.3
616 silly idealTree  options@0.0.6
616 silly idealTree  streamers@0.1.1
616 silly idealTree  streamws@0.1.1
616 silly idealTree  tinycolor@0.0.1
616 silly idealTree  underscore@1.2.3
616 silly idealTree  verror@1.9.0
616 silly idealTree  vows@0.6.1
617 silly generateActionsToTake Starting
618 silly install generateActionsToTake
619 warn checkPermissions Missing write access to /var/www/pinaplepy-site/node_modules/kotrans
620 warn checkPermissions Missing write access to /var/www/pinaplepy-site/node_modules
621 silly rollbackFailedOptional Starting
622 silly rollbackFailedOptional Finishing
623 silly runTopLevelLifecycles Starting
624 silly runTopLevelLifecycles Finishing
625 silly install printInstalled
626 warn enoent ENOENT: no such file or directory, open '/var/www/pinaplepy-site/package.json'
627 warn pinaplepy-site No description
628 warn pinaplepy-site No repository field.
629 warn pinaplepy-site No README data
630 warn pinaplepy-site No license field.
631 verbose stack Error: EACCES: permission denied, access '/var/www/pinaplepy-site/node_modules/kotrans'
631 verbose stack     at Error (native)
632 verbose cwd /var/www/pinaplepy-site
633 error Linux 4.7.3-040703-generic
634 error argv "/usr/bin/nodejs" "/usr/bin/npm" "install" "kotrans"
635 error node v4.2.6
636 error npm  v3.5.2
637 error path /var/www/pinaplepy-site/node_modules/kotrans
638 error code EACCES
639 error errno -13
640 error syscall access
641 error Error: EACCES: permission denied, access '/var/www/pinaplepy-site/node_modules/kotrans'
641 error     at Error (native)
641 error  { [Error: EACCES: permission denied, access '/var/www/pinaplepy-site/node_modules/kotrans']
641 error   errno: -13,
641 error   code: 'EACCES',
641 error   syscall: 'access',
641 error   path: '/var/www/pinaplepy-site/node_modules/kotrans' }
642 error Please try running this command again as root/Administrator.
643 verbose exit [ -13, true ]
