**************************************************
Launching PinAPL-Py v2.9
P. Spahn et al., UC San Diego (05/2019)
**************************************************


**************************************************
Running character sanity check ...
**************************************************
No special characters found.
Character sanity check completed.




**************************************************
Reading sample definition input ...
**************************************************
Found sample Control_1
Found sample Control_2
Found sample ToxA_1
Found sample ToxA_2
Found sample ToxB_1
Found sample ToxB_2
Sample definition completed.




**************************************************
Running sequence quality control ...
**************************************************
Started analysis of Control_R1_S14_L008_R1_001_x.fastq.gz
Approx 5% complete for Control_R1_S14_L008_R1_001_x.fastq.gz
Approx 10% complete for Control_R1_S14_L008_R1_001_x.fastq.gz
Approx 15% complete for Control_R1_S14_L008_R1_001_x.fastq.gz
Approx 20% complete for Control_R1_S14_L008_R1_001_x.fastq.gz
Approx 25% complete for Control_R1_S14_L008_R1_001_x.fastq.gz
Approx 30% complete for Control_R1_S14_L008_R1_001_x.fastq.gz
Approx 35% complete for Control_R1_S14_L008_R1_001_x.fastq.gz
Approx 40% complete for Control_R1_S14_L008_R1_001_x.fastq.gz
Approx 45% complete for Control_R1_S14_L008_R1_001_x.fastq.gz
Approx 50% complete for Control_R1_S14_L008_R1_001_x.fastq.gz
Approx 55% complete for Control_R1_S14_L008_R1_001_x.fastq.gz
Approx 60% complete for Control_R1_S14_L008_R1_001_x.fastq.gz
Approx 65% complete for Control_R1_S14_L008_R1_001_x.fastq.gz
Approx 70% complete for Control_R1_S14_L008_R1_001_x.fastq.gz
Approx 75% complete for Control_R1_S14_L008_R1_001_x.fastq.gz
Approx 80% complete for Control_R1_S14_L008_R1_001_x.fastq.gz
Approx 85% complete for Control_R1_S14_L008_R1_001_x.fastq.gz
Approx 90% complete for Control_R1_S14_L008_R1_001_x.fastq.gz
Approx 95% complete for Control_R1_S14_L008_R1_001_x.fastq.gz
Approx 100% complete for Control_R1_S14_L008_R1_001_x.fastq.gz
Analysis complete for Control_R1_S14_L008_R1_001_x.fastq.gz
Started analysis of Tox-A_R2_S2_L005_R1_001_x.fastq.gz
Approx 5% complete for Tox-A_R2_S2_L005_R1_001_x.fastq.gz
Approx 10% complete for Tox-A_R2_S2_L005_R1_001_x.fastq.gz
Approx 15% complete for Tox-A_R2_S2_L005_R1_001_x.fastq.gz
Approx 20% complete for Tox-A_R2_S2_L005_R1_001_x.fastq.gz
Approx 25% complete for Tox-A_R2_S2_L005_R1_001_x.fastq.gz
Approx 30% complete for Tox-A_R2_S2_L005_R1_001_x.fastq.gz
Approx 35% complete for Tox-A_R2_S2_L005_R1_001_x.fastq.gz
Approx 40% complete for Tox-A_R2_S2_L005_R1_001_x.fastq.gz
Approx 45% complete for Tox-A_R2_S2_L005_R1_001_x.fastq.gz
Approx 50% complete for Tox-A_R2_S2_L005_R1_001_x.fastq.gz
Approx 55% complete for Tox-A_R2_S2_L005_R1_001_x.fastq.gz
Approx 60% complete for Tox-A_R2_S2_L005_R1_001_x.fastq.gz
Approx 65% complete for Tox-A_R2_S2_L005_R1_001_x.fastq.gz
Approx 70% complete for Tox-A_R2_S2_L005_R1_001_x.fastq.gz
Approx 75% complete for Tox-A_R2_S2_L005_R1_001_x.fastq.gz
Approx 80% complete for Tox-A_R2_S2_L005_R1_001_x.fastq.gz
Approx 85% complete for Tox-A_R2_S2_L005_R1_001_x.fastq.gz
Approx 90% complete for Tox-A_R2_S2_L005_R1_001_x.fastq.gz
Approx 95% complete for Tox-A_R2_S2_L005_R1_001_x.fastq.gz
Approx 100% complete for Tox-A_R2_S2_L005_R1_001_x.fastq.gz
Analysis complete for Tox-A_R2_S2_L005_R1_001_x.fastq.gz
Started analysis of Tox-B_R1_98_S4_L008_R1_001_x.fastq.gz
Approx 5% complete for Tox-B_R1_98_S4_L008_R1_001_x.fastq.gz
Approx 10% complete for Tox-B_R1_98_S4_L008_R1_001_x.fastq.gz
Approx 15% complete for Tox-B_R1_98_S4_L008_R1_001_x.fastq.gz
Approx 20% complete for Tox-B_R1_98_S4_L008_R1_001_x.fastq.gz
Approx 25% complete for Tox-B_R1_98_S4_L008_R1_001_x.fastq.gz
Approx 30% complete for Tox-B_R1_98_S4_L008_R1_001_x.fastq.gz
Approx 35% complete for Tox-B_R1_98_S4_L008_R1_001_x.fastq.gz
Approx 40% complete for Tox-B_R1_98_S4_L008_R1_001_x.fastq.gz
Approx 45% complete for Tox-B_R1_98_S4_L008_R1_001_x.fastq.gz
Approx 50% complete for Tox-B_R1_98_S4_L008_R1_001_x.fastq.gz
Approx 55% complete for Tox-B_R1_98_S4_L008_R1_001_x.fastq.gz
Approx 60% complete for Tox-B_R1_98_S4_L008_R1_001_x.fastq.gz
Approx 65% complete for Tox-B_R1_98_S4_L008_R1_001_x.fastq.gz
Approx 70% complete for Tox-B_R1_98_S4_L008_R1_001_x.fastq.gz
Approx 75% complete for Tox-B_R1_98_S4_L008_R1_001_x.fastq.gz
Approx 80% complete for Tox-B_R1_98_S4_L008_R1_001_x.fastq.gz
Approx 85% complete for Tox-B_R1_98_S4_L008_R1_001_x.fastq.gz
Approx 90% complete for Tox-B_R1_98_S4_L008_R1_001_x.fastq.gz
Approx 95% complete for Tox-B_R1_98_S4_L008_R1_001_x.fastq.gz
Approx 100% complete for Tox-B_R1_98_S4_L008_R1_001_x.fastq.gz
Analysis complete for Tox-B_R1_98_S4_L008_R1_001_x.fastq.gz
Started analysis of Tox-A_R1_98_S2_L008_R1_001_x.fastq.gz
Approx 5% complete for Tox-A_R1_98_S2_L008_R1_001_x.fastq.gz
Approx 10% complete for Tox-A_R1_98_S2_L008_R1_001_x.fastq.gz
Approx 15% complete for Tox-A_R1_98_S2_L008_R1_001_x.fastq.gz
Approx 20% complete for Tox-A_R1_98_S2_L008_R1_001_x.fastq.gz
Approx 25% complete for Tox-A_R1_98_S2_L008_R1_001_x.fastq.gz
Approx 30% complete for Tox-A_R1_98_S2_L008_R1_001_x.fastq.gz
Approx 35% complete for Tox-A_R1_98_S2_L008_R1_001_x.fastq.gz
Approx 40% complete for Tox-A_R1_98_S2_L008_R1_001_x.fastq.gz
Approx 45% complete for Tox-A_R1_98_S2_L008_R1_001_x.fastq.gz
Approx 50% complete for Tox-A_R1_98_S2_L008_R1_001_x.fastq.gz
Approx 55% complete for Tox-A_R1_98_S2_L008_R1_001_x.fastq.gz
Approx 60% complete for Tox-A_R1_98_S2_L008_R1_001_x.fastq.gz
Approx 65% complete for Tox-A_R1_98_S2_L008_R1_001_x.fastq.gz
Approx 70% complete for Tox-A_R1_98_S2_L008_R1_001_x.fastq.gz
Approx 75% complete for Tox-A_R1_98_S2_L008_R1_001_x.fastq.gz
Approx 80% complete for Tox-A_R1_98_S2_L008_R1_001_x.fastq.gz
Approx 85% complete for Tox-A_R1_98_S2_L008_R1_001_x.fastq.gz
Approx 90% complete for Tox-A_R1_98_S2_L008_R1_001_x.fastq.gz
Approx 95% complete for Tox-A_R1_98_S2_L008_R1_001_x.fastq.gz
Approx 100% complete for Tox-A_R1_98_S2_L008_R1_001_x.fastq.gz
Analysis complete for Tox-A_R1_98_S2_L008_R1_001_x.fastq.gz
Started analysis of Tox-B_R2_S4_L005_R1_001_x.fastq.gz
Approx 5% complete for Tox-B_R2_S4_L005_R1_001_x.fastq.gz
Approx 10% complete for Tox-B_R2_S4_L005_R1_001_x.fastq.gz
Approx 15% complete for Tox-B_R2_S4_L005_R1_001_x.fastq.gz
Approx 20% complete for Tox-B_R2_S4_L005_R1_001_x.fastq.gz
Approx 25% complete for Tox-B_R2_S4_L005_R1_001_x.fastq.gz
Approx 30% complete for Tox-B_R2_S4_L005_R1_001_x.fastq.gz
Approx 35% complete for Tox-B_R2_S4_L005_R1_001_x.fastq.gz
Approx 40% complete for Tox-B_R2_S4_L005_R1_001_x.fastq.gz
Approx 45% complete for Tox-B_R2_S4_L005_R1_001_x.fastq.gz
Approx 50% complete for Tox-B_R2_S4_L005_R1_001_x.fastq.gz
Approx 55% complete for Tox-B_R2_S4_L005_R1_001_x.fastq.gz
Approx 60% complete for Tox-B_R2_S4_L005_R1_001_x.fastq.gz
Approx 65% complete for Tox-B_R2_S4_L005_R1_001_x.fastq.gz
Approx 70% complete for Tox-B_R2_S4_L005_R1_001_x.fastq.gz
Approx 75% complete for Tox-B_R2_S4_L005_R1_001_x.fastq.gz
Approx 80% complete for Tox-B_R2_S4_L005_R1_001_x.fastq.gz
Approx 85% complete for Tox-B_R2_S4_L005_R1_001_x.fastq.gz
Approx 90% complete for Tox-B_R2_S4_L005_R1_001_x.fastq.gz
Approx 95% complete for Tox-B_R2_S4_L005_R1_001_x.fastq.gz
Approx 100% complete for Tox-B_R2_S4_L005_R1_001_x.fastq.gz
Analysis complete for Tox-B_R2_S4_L005_R1_001_x.fastq.gz
Started analysis of Control_R2_S15_L008_R1_001_x.fastq.gz
Approx 5% complete for Control_R2_S15_L008_R1_001_x.fastq.gz
Approx 10% complete for Control_R2_S15_L008_R1_001_x.fastq.gz
Approx 15% complete for Control_R2_S15_L008_R1_001_x.fastq.gz
Approx 20% complete for Control_R2_S15_L008_R1_001_x.fastq.gz
Approx 25% complete for Control_R2_S15_L008_R1_001_x.fastq.gz
Approx 30% complete for Control_R2_S15_L008_R1_001_x.fastq.gz
Approx 35% complete for Control_R2_S15_L008_R1_001_x.fastq.gz
Approx 40% complete for Control_R2_S15_L008_R1_001_x.fastq.gz
Approx 45% complete for Control_R2_S15_L008_R1_001_x.fastq.gz
Approx 50% complete for Control_R2_S15_L008_R1_001_x.fastq.gz
Approx 55% complete for Control_R2_S15_L008_R1_001_x.fastq.gz
Approx 60% complete for Control_R2_S15_L008_R1_001_x.fastq.gz
Approx 65% complete for Control_R2_S15_L008_R1_001_x.fastq.gz
Approx 70% complete for Control_R2_S15_L008_R1_001_x.fastq.gz
Approx 75% complete for Control_R2_S15_L008_R1_001_x.fastq.gz
Approx 80% complete for Control_R2_S15_L008_R1_001_x.fastq.gz
Approx 85% complete for Control_R2_S15_L008_R1_001_x.fastq.gz
Approx 90% complete for Control_R2_S15_L008_R1_001_x.fastq.gz
Approx 95% complete for Control_R2_S15_L008_R1_001_x.fastq.gz
Approx 100% complete for Control_R2_S15_L008_R1_001_x.fastq.gz
Analysis complete for Control_R2_S15_L008_R1_001_x.fastq.gz
------------------------------------------------
Script completed.
Time elapsed (Quality control) [secs]: 56.149

Sequence quality control completed.




**************************************************
Trimming reads ...
**************************************************
Loading Control_R1_S14_L008_R1_001_x.fastq.gz
Loading Tox-A_R2_S2_L005_R1_001_x.fastq.gz
Loading Tox-B_R1_98_S4_L008_R1_001_x.fastq.gz
Loading Tox-A_R1_98_S2_L008_R1_001_x.fastq.gz
Loading Tox-B_R2_S4_L005_R1_001_x.fastq.gz
Loading Control_R2_S15_L008_R1_001_x.fastq.gz
Removing adapters ...
Extracting 20 bp sgRNA sequences ...
Adapter removal completed.
Writing logfiles...
------------------------------------------------
Script completed.
Time elapsed (Read trimming) [mins]: 1.298

Read trimming completed.




**************************************************
Mapping reads to library ...
**************************************************
Processing sample Control_1 ... 
++++++++++++++++++++++++++++++++++++++++++++++++
Aligning reads to library ...
499804 reads; of these:
  499804 (100.00%) were unpaired; of these:
    26942 (5.39%) aligned 0 times
    408554 (81.74%) aligned exactly 1 time
    64308 (12.87%) aligned >1 times
94.61% overall alignment rate
Alignment completed.
Time elapsed (Alignment) [secs]: 15.650
------------------------------------------------
Script completed.
Time elapsed (Total) [secs]: 16.189

Processing sample Control_2 ... 
++++++++++++++++++++++++++++++++++++++++++++++++
Aligning reads to library ...
499792 reads; of these:
  499792 (100.00%) were unpaired; of these:
    28504 (5.70%) aligned 0 times
    405699 (81.17%) aligned exactly 1 time
    65589 (13.12%) aligned >1 times
94.30% overall alignment rate
Alignment completed.
Time elapsed (Alignment) [secs]: 17.475
------------------------------------------------
Script completed.
Time elapsed (Total) [secs]: 17.935

Processing sample ToxA_1 ... 
++++++++++++++++++++++++++++++++++++++++++++++++
Aligning reads to library ...
499290 reads; of these:
  499290 (100.00%) were unpaired; of these:
    21646 (4.34%) aligned 0 times
    411555 (82.43%) aligned exactly 1 time
    66089 (13.24%) aligned >1 times
95.66% overall alignment rate
Alignment completed.
Time elapsed (Alignment) [secs]: 17.240
------------------------------------------------
Script completed.
Time elapsed (Total) [secs]: 17.649

Processing sample ToxA_2 ... 
++++++++++++++++++++++++++++++++++++++++++++++++
Aligning reads to library ...
499892 reads; of these:
  499892 (100.00%) were unpaired; of these:
    28785 (5.76%) aligned 0 times
    405753 (81.17%) aligned exactly 1 time
    65354 (13.07%) aligned >1 times
94.24% overall alignment rate
Alignment completed.
Time elapsed (Alignment) [secs]: 19.434
------------------------------------------------
Script completed.
Time elapsed (Total) [secs]: 19.937

Processing sample ToxB_1 ... 
++++++++++++++++++++++++++++++++++++++++++++++++
Aligning reads to library ...
499987 reads; of these:
  499987 (100.00%) were unpaired; of these:
    27292 (5.46%) aligned 0 times
    414621 (82.93%) aligned exactly 1 time
    58074 (11.62%) aligned >1 times
94.54% overall alignment rate
Alignment completed.
Time elapsed (Alignment) [secs]: 19.528
------------------------------------------------
Script completed.
Time elapsed (Total) [secs]: 19.957

Processing sample ToxB_2 ... 
++++++++++++++++++++++++++++++++++++++++++++++++
Aligning reads to library ...
499999 reads; of these:
  499999 (100.00%) were unpaired; of these:
    28983 (5.80%) aligned 0 times
    413396 (82.68%) aligned exactly 1 time
    57620 (11.52%) aligned >1 times
94.20% overall alignment rate
Alignment completed.
Time elapsed (Alignment) [secs]: 17.498
------------------------------------------------
Script completed.
Time elapsed (Total) [secs]: 17.910

Read alignments completed.




**************************************************
Collecting read counts ...
**************************************************
Processing sample Control_1 ... 
++++++++++++++++++++++++++++++++++++++++++++++++
Loading alignment ...
Applying matching threshold ...
Applying ambiguity threshold ...
*** Successfully mapped reads: 337067 (67.4%) ***
Writing alignment logfile ...
Plotting mapping quality ...
Plotting alignment scores ...
------------------------------------------------
Script completed.
Time elapsed [secs]: 5.118

Processing sample Control_2 ... 
++++++++++++++++++++++++++++++++++++++++++++++++
Loading alignment ...
Applying matching threshold ...
Applying ambiguity threshold ...
*** Successfully mapped reads: 335865 (67.3%) ***
Writing alignment logfile ...
Plotting mapping quality ...
Plotting alignment scores ...
------------------------------------------------
Script completed.
Time elapsed [secs]: 5.113

Processing sample ToxA_1 ... 
++++++++++++++++++++++++++++++++++++++++++++++++
Loading alignment ...
Applying matching threshold ...
Applying ambiguity threshold ...
*** Successfully mapped reads: 342137 (68.5%) ***
Writing alignment logfile ...
Plotting mapping quality ...
Plotting alignment scores ...
------------------------------------------------
Script completed.
Time elapsed [secs]: 5.108

Processing sample ToxA_2 ... 
++++++++++++++++++++++++++++++++++++++++++++++++
Loading alignment ...
Applying matching threshold ...
Applying ambiguity threshold ...
*** Successfully mapped reads: 334267 (66.9%) ***
Writing alignment logfile ...
Plotting mapping quality ...
Plotting alignment scores ...
------------------------------------------------
Script completed.
Time elapsed [secs]: 5.117

Processing sample ToxB_1 ... 
++++++++++++++++++++++++++++++++++++++++++++++++
Loading alignment ...
Applying matching threshold ...
Applying ambiguity threshold ...
*** Successfully mapped reads: 354859 (71.0%) ***
Writing alignment logfile ...
Plotting mapping quality ...
Plotting alignment scores ...
------------------------------------------------
Script completed.
Time elapsed [secs]: 5.775

Processing sample ToxB_2 ... 
++++++++++++++++++++++++++++++++++++++++++++++++
Loading alignment ...
Applying matching threshold ...
Applying ambiguity threshold ...
*** Successfully mapped reads: 353732 (70.8%) ***
Writing alignment logfile ...
Plotting mapping quality ...
Plotting alignment scores ...
------------------------------------------------
Script completed.
Time elapsed [secs]: 4.739

Read count acquisition completed.




**************************************************
Clearing temporary alignment files ...
**************************************************
Removing raw alignment output...
Time elapsed [secs]: 0.219
Alignment output processing completed.




**************************************************
Averaging read counts over replicates ...
**************************************************
Processing Control ...
Averaging read counts over 2 replicates ...
------------------------------------------------
Script completed.
Time elapsed [secs]: 7.139

Processing ToxB ...
Averaging read counts over 2 replicates ...
------------------------------------------------
Script completed.
Time elapsed [secs]: 6.992

Processing ToxA ...
Averaging read counts over 2 replicates ...
------------------------------------------------
Script completed.
Time elapsed [secs]: 6.844

Read count averaging completed.




**************************************************
Normalizing read counts ...
**************************************************
++++++++++++++++++++++++++++++++++++++++++++++++
Normalizing to mean total read count ...
Processing file ToxA_1_GuideCounts.txt ...
Processing file Control_2_GuideCounts.txt ...
Processing file Control_avg_GuideCounts.txt ...
Processing file ToxB_1_GuideCounts.txt ...
Processing file ToxA_2_GuideCounts.txt ...
Processing file ToxA_avg_GuideCounts.txt ...
Processing file ToxB_2_GuideCounts.txt ...
Processing file ToxB_avg_GuideCounts.txt ...
Processing file Control_1_GuideCounts.txt ...
Processing file ToxA_1_GeneCounts.txt ...
Processing file Control_avg_GeneCounts.txt ...
Processing file ToxA_2_GeneCounts.txt ...
Processing file Control_2_GeneCounts.txt ...
Processing file ToxB_avg_GeneCounts.txt ...
Processing file ToxA_avg_GeneCounts.txt ...
Processing file ToxB_2_GeneCounts.txt ...
Processing file Control_1_GeneCounts.txt ...
Processing file ToxB_1_GeneCounts.txt ...
------------------------------------------------
Script completed.
Time elapsed (Total) [secs]: 10.529

Read count normalization completed.




**************************************************
Analyzing sgRNA read count distribution ...
**************************************************
Processing sample ToxA_1 ... 
++++++++++++++++++++++++++++++++++++++++++++++++
Computing Gini coefficients ... 
Gini Index (sgRNAs): 0.95
Gini Index (genes): 0.797
Plotting Lorenz curves ...
Generating boxplots...
Generating histograms...
Writing distribution file ... 
------------------------------------------------
Script completed.
Time elapsed [secs]: 2.756

Processing sample Control_2 ... 
++++++++++++++++++++++++++++++++++++++++++++++++
Computing Gini coefficients ... 
Gini Index (sgRNAs): 0.752
Gini Index (genes): 0.445
Plotting Lorenz curves ...
Generating boxplots...
Generating histograms...
Writing distribution file ... 
------------------------------------------------
Script completed.
Time elapsed [secs]: 2.148

Processing sample Control_avg ... 
++++++++++++++++++++++++++++++++++++++++++++++++
Computing Gini coefficients ... 
Gini Index (sgRNAs): 0.664
Gini Index (genes): 0.374
Plotting Lorenz curves ...
Generating boxplots...
Generating histograms...
Writing distribution file ... 
------------------------------------------------
Script completed.
Time elapsed [secs]: 2.109

Processing sample ToxB_1 ... 
++++++++++++++++++++++++++++++++++++++++++++++++
Computing Gini coefficients ... 
Gini Index (sgRNAs): 0.971
Gini Index (genes): 0.895
Plotting Lorenz curves ...
Generating boxplots...
Generating histograms...
Writing distribution file ... 
------------------------------------------------
Script completed.
Time elapsed [secs]: 2.199

Processing sample ToxA_2 ... 
++++++++++++++++++++++++++++++++++++++++++++++++
Computing Gini coefficients ... 
Gini Index (sgRNAs): 0.92
Gini Index (genes): 0.72
Plotting Lorenz curves ...
Generating boxplots...
Generating histograms...
Writing distribution file ... 
------------------------------------------------
Script completed.
Time elapsed [secs]: 2.304

Processing sample ToxA_avg ... 
++++++++++++++++++++++++++++++++++++++++++++++++
Computing Gini coefficients ... 
Gini Index (sgRNAs): 0.93
Gini Index (genes): 0.75
Plotting Lorenz curves ...
Generating boxplots...
Generating histograms...
Writing distribution file ... 
------------------------------------------------
Script completed.
Time elapsed [secs]: 2.334

Processing sample ToxB_2 ... 
++++++++++++++++++++++++++++++++++++++++++++++++
Computing Gini coefficients ... 
Gini Index (sgRNAs): 0.972
Gini Index (genes): 0.904
Plotting Lorenz curves ...
Generating boxplots...
Generating histograms...
Writing distribution file ... 
------------------------------------------------
Script completed.
Time elapsed [secs]: 2.546

Processing sample ToxB_avg ... 
++++++++++++++++++++++++++++++++++++++++++++++++
Computing Gini coefficients ... 
Gini Index (sgRNAs): 0.968
Gini Index (genes): 0.895
Plotting Lorenz curves ...
Generating boxplots...
Generating histograms...
Writing distribution file ... 
------------------------------------------------
Script completed.
Time elapsed [secs]: 2.310

Processing sample Control_1 ... 
++++++++++++++++++++++++++++++++++++++++++++++++
Computing Gini coefficients ... 
Gini Index (sgRNAs): 0.774
Gini Index (genes): 0.467
Plotting Lorenz curves ...
Generating boxplots...
Generating histograms...
Writing distribution file ... 
------------------------------------------------
Script completed.
Time elapsed [secs]: 2.185

Read count distribution analysis completed.




**************************************************
Analyzing control samples ...
**************************************************
++++++++++++++++++++++++++++++++++++++++++++++++
Reading sgRNA counts ...
Estimating mean and variance ...
Overdispersion detected at p=0.0. Choosing negative binomial model ...
Computing distribution parameters ...
Writing dataframe ...
Generating dispersion plot ...
Generating log regression plot ...
------------------------------------------------
Script completed.
Time elapsed (Total) [secs]: 6.698

Control sample analysis completed.




**************************************************
sgRNA enrichment analysis ...
**************************************************
Processing sample ToxA_1 ... 
++++++++++++++++++++++++++++++++++++++++++++++++
Loading sgRNA read counts ...
Computing fold-changes ...
Computing p-values (Neg. Binomial model) ...
Multiple tests correction ...
Plotting p-value histogram ...
Writing results dataframe ...
Converting to xlsx ...
------------------------------------------------
Script completed.
Time elapsed [mins]: 2.596

Processing sample ToxB_1 ... 
++++++++++++++++++++++++++++++++++++++++++++++++
Loading sgRNA read counts ...
Computing fold-changes ...
Computing p-values (Neg. Binomial model) ...
Multiple tests correction ...
Plotting p-value histogram ...
Writing results dataframe ...
Converting to xlsx ...
------------------------------------------------
Script completed.
Time elapsed [mins]: 2.355

Processing sample ToxA_2 ... 
++++++++++++++++++++++++++++++++++++++++++++++++
Loading sgRNA read counts ...
Computing fold-changes ...
Computing p-values (Neg. Binomial model) ...
Multiple tests correction ...
Plotting p-value histogram ...
Writing results dataframe ...
Converting to xlsx ...
------------------------------------------------
Script completed.
Time elapsed [mins]: 2.225

Processing sample ToxA_avg ... 
++++++++++++++++++++++++++++++++++++++++++++++++
Loading sgRNA read counts ...
Computing fold-changes ...
Computing p-values (Neg. Binomial model) ...
Multiple tests correction ...
Plotting p-value histogram ...
Writing results dataframe ...
Converting to xlsx ...
------------------------------------------------
Script completed.
Time elapsed [mins]: 2.450

Processing sample ToxB_2 ... 
++++++++++++++++++++++++++++++++++++++++++++++++
Loading sgRNA read counts ...
Computing fold-changes ...
Computing p-values (Neg. Binomial model) ...
Multiple tests correction ...
Plotting p-value histogram ...
Writing results dataframe ...
Converting to xlsx ...
------------------------------------------------
Script completed.
Time elapsed [mins]: 2.350

Processing sample ToxB_avg ... 
++++++++++++++++++++++++++++++++++++++++++++++++
Loading sgRNA read counts ...
Computing fold-changes ...
Computing p-values (Neg. Binomial model) ...
Multiple tests correction ...
Plotting p-value histogram ...
Writing results dataframe ...
Converting to xlsx ...
------------------------------------------------
Script completed.
Time elapsed [mins]: 2.390

sgRNA enrichment analysis completed.




**************************************************
Plotting sgRNA read counts ...
**************************************************
Processing sample ToxA_1 ... 
++++++++++++++++++++++++++++++++++++++++++++++++
Reading sgRNA read counts ...
Log10 transformation ...
Generating scatterplot ...
------------------------------------------------
Script completed.
Time elapsed (Total) [secs]: 2.844

++++++++++++++++++++++++++++++++++++++++++++++++
Reading sgRNA read counts ...
Computing fold-change z-scores ...
Generating z-score plot ...
------------------------------------------------
Script completed.
Time elapsed (Total) [secs]: 3.131

++++++++++++++++++++++++++++++++++++++++++++++++
Reading sgRNA read counts ...
Log transformation ...
Generating volcano plot ...
------------------------------------------------
Script completed.
Time elapsed (Total) [secs]: 2.825

Processing sample ToxB_1 ... 
++++++++++++++++++++++++++++++++++++++++++++++++
Reading sgRNA read counts ...
Log10 transformation ...
Generating scatterplot ...
------------------------------------------------
Script completed.
Time elapsed (Total) [secs]: 3.186

++++++++++++++++++++++++++++++++++++++++++++++++
Reading sgRNA read counts ...
Computing fold-change z-scores ...
Generating z-score plot ...
------------------------------------------------
Script completed.
Time elapsed (Total) [secs]: 2.951

++++++++++++++++++++++++++++++++++++++++++++++++
Reading sgRNA read counts ...
Log transformation ...
Generating volcano plot ...
------------------------------------------------
Script completed.
Time elapsed (Total) [secs]: 2.991

Processing sample ToxA_2 ... 
++++++++++++++++++++++++++++++++++++++++++++++++
Reading sgRNA read counts ...
Log10 transformation ...
Generating scatterplot ...
------------------------------------------------
Script completed.
Time elapsed (Total) [secs]: 3.291

++++++++++++++++++++++++++++++++++++++++++++++++
Reading sgRNA read counts ...
Computing fold-change z-scores ...
Generating z-score plot ...
------------------------------------------------
Script completed.
Time elapsed (Total) [secs]: 2.785

++++++++++++++++++++++++++++++++++++++++++++++++
Reading sgRNA read counts ...
Log transformation ...
Generating volcano plot ...
------------------------------------------------
Script completed.
Time elapsed (Total) [secs]: 2.910

Processing sample ToxA_avg ... 
++++++++++++++++++++++++++++++++++++++++++++++++
Reading sgRNA read counts ...
Log10 transformation ...
Generating scatterplot ...
------------------------------------------------
Script completed.
Time elapsed (Total) [secs]: 2.893

++++++++++++++++++++++++++++++++++++++++++++++++
Reading sgRNA read counts ...
Computing fold-change z-scores ...
Generating z-score plot ...
------------------------------------------------
Script completed.
Time elapsed (Total) [secs]: 2.841

++++++++++++++++++++++++++++++++++++++++++++++++
Reading sgRNA read counts ...
Log transformation ...
Generating volcano plot ...
------------------------------------------------
Script completed.
Time elapsed (Total) [secs]: 2.788

Processing sample ToxB_2 ... 
++++++++++++++++++++++++++++++++++++++++++++++++
Reading sgRNA read counts ...
Log10 transformation ...
Generating scatterplot ...
------------------------------------------------
Script completed.
Time elapsed (Total) [secs]: 3.065

++++++++++++++++++++++++++++++++++++++++++++++++
Reading sgRNA read counts ...
Computing fold-change z-scores ...
Generating z-score plot ...
------------------------------------------------
Script completed.
Time elapsed (Total) [secs]: 3.000

++++++++++++++++++++++++++++++++++++++++++++++++
Reading sgRNA read counts ...
Log transformation ...
Generating volcano plot ...
------------------------------------------------
Script completed.
Time elapsed (Total) [secs]: 2.876

Processing sample ToxB_avg ... 
++++++++++++++++++++++++++++++++++++++++++++++++
Reading sgRNA read counts ...
Log10 transformation ...
Generating scatterplot ...
------------------------------------------------
Script completed.
Time elapsed (Total) [secs]: 3.098

++++++++++++++++++++++++++++++++++++++++++++++++
Reading sgRNA read counts ...
Computing fold-change z-scores ...
Generating z-score plot ...
------------------------------------------------
Script completed.
Time elapsed (Total) [secs]: 3.241

++++++++++++++++++++++++++++++++++++++++++++++++
Reading sgRNA read counts ...
Log transformation ...
Generating volcano plot ...
------------------------------------------------
Script completed.
Time elapsed (Total) [secs]: 2.553

Read count scatterplots completed.




**************************************************
Plotting sgRNA read counts densities ...
**************************************************
Processing sample ToxA_1 ... 
++++++++++++++++++++++++++++++++++++++++++++++++
Reading sgRNA read counts ...
Log10 transformation ...
Generating density plot ...
------------------------------------------------
Script completed.
Time elapsed (Total) [mins]: 1.071

Processing sample ToxB_1 ... 
++++++++++++++++++++++++++++++++++++++++++++++++
Reading sgRNA read counts ...
Log10 transformation ...
Generating density plot ...
------------------------------------------------
Script completed.
Time elapsed (Total) [secs]: 59.952

Processing sample ToxA_2 ... 
++++++++++++++++++++++++++++++++++++++++++++++++
Reading sgRNA read counts ...
Log10 transformation ...
Generating density plot ...
------------------------------------------------
Script completed.
Time elapsed (Total) [secs]: 59.975

Processing sample ToxA_avg ... 
++++++++++++++++++++++++++++++++++++++++++++++++
Reading sgRNA read counts ...
Log10 transformation ...
Generating density plot ...
------------------------------------------------
Script completed.
Time elapsed (Total) [mins]: 1.129

Processing sample ToxB_2 ... 
++++++++++++++++++++++++++++++++++++++++++++++++
Reading sgRNA read counts ...
Log10 transformation ...
Generating density plot ...
------------------------------------------------
Script completed.
Time elapsed (Total) [secs]: 59.680

Processing sample ToxB_avg ... 
++++++++++++++++++++++++++++++++++++++++++++++++
Reading sgRNA read counts ...
Log10 transformation ...
Generating density plot ...
------------------------------------------------
Script completed.
Time elapsed (Total) [secs]: 57.721

Density plots completed.




**************************************************
Analyzing replicate correlation ...
**************************************************
Processing sample Control ... 
++++++++++++++++++++++++++++++++++++++++++++++++
Sample 1: Control_1 | Sample 2: Control_2
Reading sgRNA counts ...
Log10 transformation ...
Computing correlation ...
Generating scatterplot ...
------------------------------------------------
Script completed.
Time elapsed (Total) [secs]: 3.182

Processing sample ToxB ... 
++++++++++++++++++++++++++++++++++++++++++++++++
Sample 1: ToxB_1 | Sample 2: ToxB_2
Reading sgRNA counts ...
Log10 transformation ...
Computing correlation ...
Generating scatterplot ...
------------------------------------------------
Script completed.
Time elapsed (Total) [secs]: 3.112

Processing sample ToxA ... 
++++++++++++++++++++++++++++++++++++++++++++++++
Sample 1: ToxA_1 | Sample 2: ToxA_2
Reading sgRNA counts ...
Log10 transformation ...
Computing correlation ...
Generating scatterplot ...
------------------------------------------------
Script completed.
Time elapsed (Total) [secs]: 2.921

Replicate correlation analysis completed.




**************************************************
Analyzing sample clusters ...
**************************************************
++++++++++++++++++++++++++++++++++++++++++++++++
Loading read counts ...
Computing variance ...
Extracting top 25 most variable sgRNAs ...
Writing dataframe ...
Plotting heatmap ...
--------------------------------------------
KernSmooth 2.23 loaded
Copyright M. P. Wand 1997-2009

Attaching package: 'gplots'

The following object is masked from 'package:stats':

    lowess

--------------------------------------------
------------------------------------------------
Script completed.
Time elapsed (Total) [secs]: 4.040

Clustering analysis completed.




**************************************************
Gene ranking ...
**************************************************
Processing sample ToxA_1 ... 
++++++++++++++++++++++++++++++++++++++++++++++++
Loading sgRNA enrichment table ...
Looking for sgRNAs with significant fold change ...
Reading sgRNA counts ...
Computing accumulated fold-change scores ...
Estimating null distribution (10000 permutations)...
Plotting gene metric p-value distribution...
Writing results dataframe ...
Converting to xlsx ...
------------------------------------------------
Script completed.
Time elapsed [secs]: 35.503

Processing sample ToxB_1 ... 
++++++++++++++++++++++++++++++++++++++++++++++++
Loading sgRNA enrichment table ...
Looking for sgRNAs with significant fold change ...
Reading sgRNA counts ...
Computing accumulated fold-change scores ...
Estimating null distribution (10000 permutations)...
Plotting gene metric p-value distribution...
Writing results dataframe ...
Converting to xlsx ...
------------------------------------------------
Script completed.
Time elapsed [secs]: 31.558

Processing sample ToxA_2 ... 
++++++++++++++++++++++++++++++++++++++++++++++++
Loading sgRNA enrichment table ...
Looking for sgRNAs with significant fold change ...
Reading sgRNA counts ...
Computing accumulated fold-change scores ...
Estimating null distribution (10000 permutations)...
Plotting gene metric p-value distribution...
Writing results dataframe ...
Converting to xlsx ...
------------------------------------------------
Script completed.
Time elapsed [secs]: 33.669

Processing sample ToxA_avg ... 
++++++++++++++++++++++++++++++++++++++++++++++++
Loading sgRNA enrichment table ...
Looking for sgRNAs with significant fold change ...
Reading sgRNA counts ...
Computing accumulated fold-change scores ...
Estimating null distribution (10000 permutations)...
Plotting gene metric p-value distribution...
Writing results dataframe ...
Converting to xlsx ...
------------------------------------------------
Script completed.
Time elapsed [secs]: 36.484

Processing sample ToxB_2 ... 
++++++++++++++++++++++++++++++++++++++++++++++++
Loading sgRNA enrichment table ...
Looking for sgRNAs with significant fold change ...
Reading sgRNA counts ...
Computing accumulated fold-change scores ...
Estimating null distribution (10000 permutations)...
Plotting gene metric p-value distribution...
Writing results dataframe ...
Converting to xlsx ...
------------------------------------------------
Script completed.
Time elapsed [secs]: 31.419

Processing sample ToxB_avg ... 
++++++++++++++++++++++++++++++++++++++++++++++++
Loading sgRNA enrichment table ...
Looking for sgRNAs with significant fold change ...
Reading sgRNA counts ...
Computing accumulated fold-change scores ...
Estimating null distribution (10000 permutations)...
Plotting gene metric p-value distribution...
Writing results dataframe ...
Converting to xlsx ...
------------------------------------------------
Script completed.
Time elapsed [secs]: 30.936

Gene ranking completed.




**************************************************
Plotting gene ranks ...
**************************************************
Processing sample ToxA_1 ... 
++++++++++++++++++++++++++++++++++++++++++++++++
Reading gene ranking data....
Plotting SigmaFC scores ...
------------------------------------------------
Script completed.
Time elapsed (Total) [secs]: 2.283

Processing sample ToxB_1 ... 
++++++++++++++++++++++++++++++++++++++++++++++++
Reading gene ranking data....
Plotting SigmaFC scores ...
------------------------------------------------
Script completed.
Time elapsed (Total) [secs]: 2.681

Processing sample ToxA_2 ... 
++++++++++++++++++++++++++++++++++++++++++++++++
Reading gene ranking data....
Plotting SigmaFC scores ...
------------------------------------------------
Script completed.
Time elapsed (Total) [secs]: 2.537

Processing sample ToxA_avg ... 
++++++++++++++++++++++++++++++++++++++++++++++++
Reading gene ranking data....
Plotting SigmaFC scores ...
------------------------------------------------
Script completed.
Time elapsed (Total) [secs]: 2.490

Processing sample ToxB_2 ... 
++++++++++++++++++++++++++++++++++++++++++++++++
Reading gene ranking data....
Plotting SigmaFC scores ...
------------------------------------------------
Script completed.
Time elapsed (Total) [secs]: 2.765

Processing sample ToxB_avg ... 
++++++++++++++++++++++++++++++++++++++++++++++++
Reading gene ranking data....
Plotting SigmaFC scores ...
------------------------------------------------
Script completed.
Time elapsed (Total) [secs]: 2.743

Gene rank scatterplots completed.




**************************************************
Extracting top 10 ranked genes ...
**************************************************
Processing sample ToxA_1 ... 
-------------------------------------------------------------------------------------
ToxA_1: Gene Ranking Results
-------------------------------------------------------------------------------------
      gene    SigmaFC  p_value significant  # sgRNAs  # signif. sgRNAs
0    HBEGF  48.613838   0.0000        True         6                 5
1   TAS2R4  21.013073   0.0000        True         6                 4
2      GH1  16.515399   0.0000        True         6                 4
3   DEPDC4  14.373772   0.0000        True         6                 3
4    OR4P4  14.338382   0.0000        True         6                 3
5    PQLC2  13.291777   0.0000        True         6                 3
6  PLEKHM2  12.700783   0.0000        True         6                 3
7    HAUS2  12.575383   0.0001        True         6                 3
8     UPB1  11.292540   0.0002        True         6                 3
9    RSAD1  11.258341   0.0002        True         6                 3


Processing sample ToxB_1 ... 
-------------------------------------------------------------------------------------
ToxB_1: Gene Ranking Results
-------------------------------------------------------------------------------------
         gene    SigmaFC  p_value significant  # sgRNAs  # signif. sgRNAs
0       HBEGF  22.495423   0.0000        True         6                 4
1      CPSF3L   7.944970   0.0002        True         6                 2
2     PIP5K1B   7.143023   0.0002        True         6                 2
3       HMGN4   7.038668   0.0002        True         6                 2
4        HELT   6.904155   0.0002        True         6                 2
5      LRRC8C   6.817351   0.0002        True         6                 2
6  CSGALNACT1   6.441499   0.0002        True         6                 2
7     SLC35G6   6.418639   0.0002        True         6                 2
8      RABEP2   6.409279   0.0002        True         6                 2
9       CAMK4   6.189693   0.0002        True         6                 2


Processing sample ToxA_2 ... 
-------------------------------------------------------------------------------------
ToxA_2: Gene Ranking Results
-------------------------------------------------------------------------------------
       gene    SigmaFC  p_value significant  # sgRNAs  # signif. sgRNAs
0     HBEGF  31.020067   0.0000        True         6                 4
1    TAS2R4  19.817608   0.0000        True         6                 4
2     ZMYM3  19.279002   0.0000        True         6                 4
3       GH1  16.255080   0.0000        True         6                 4
4     OR4P4  13.178675   0.0000        True         6                 3
5    DEPDC4  13.118485   0.0000        True         6                 3
6     PQLC2  12.792122   0.0000        True         6                 3
7    PIWIL3  12.767685   0.0000        True         6                 3
8   PLEKHM2  12.534953   0.0001        True         6                 3
9  C15orf39  12.397530   0.0002        True         6                 3


Processing sample ToxA_avg ... 
-------------------------------------------------------------------------------------
ToxA_avg: Gene Ranking Results
-------------------------------------------------------------------------------------
       gene    SigmaFC  p_value significant  # sgRNAs  # signif. sgRNAs
0     HBEGF  45.908430   0.0000        True         6                 5
1    TAS2R4  20.449604   0.0000        True         6                 4
2       GH1  16.452948   0.0000        True         6                 4
3    DEPDC4  13.833436   0.0000        True         6                 3
4     OR4P4  13.811463   0.0000        True         6                 3
5     PQLC2  13.059141   0.0000        True         6                 3
6   PLEKHM2  12.681265   0.0000        True         6                 3
7  C15orf39  12.042136   0.0001        True         6                 3
8      UPB1  11.074168   0.0002        True         6                 3
9     RSAD1  11.045671   0.0002        True         6                 3


Processing sample ToxB_2 ... 
-------------------------------------------------------------------------------------
ToxB_2: Gene Ranking Results
-------------------------------------------------------------------------------------
         gene    SigmaFC  p_value significant  # sgRNAs  # signif. sgRNAs
0       HBEGF  21.222584   0.0000        True         6                 4
1      CPSF3L   7.772511   0.0000        True         6                 2
2     PIP5K1B   7.181510   0.0002        True         6                 2
3       HMGN4   7.066960   0.0002        True         6                 2
4        HELT   6.980214   0.0002        True         6                 2
5      LRRC8C   6.846546   0.0002        True         6                 2
6  CSGALNACT1   6.768691   0.0002        True         6                 2
7     COL20A1   6.354303   0.0002        True         6                 2
8      RABEP2   6.333919   0.0002        True         6                 2
9     SLC35G6   6.211373   0.0002        True         6                 2


Processing sample ToxB_avg ... 
-------------------------------------------------------------------------------------
ToxB_avg: Gene Ranking Results
-------------------------------------------------------------------------------------
         gene    SigmaFC  p_value significant  # sgRNAs  # signif. sgRNAs
0       HBEGF  21.891194   0.0000        True         6                 4
1      CPSF3L   7.862057   0.0000        True         6                 2
2     PIP5K1B   7.162421   0.0000        True         6                 2
3       HMGN4   7.052965   0.0000        True         6                 2
4        HELT   6.943483   0.0000        True         6                 2
5      LRRC8C   6.832167   0.0000        True         6                 2
6  CSGALNACT1   6.615093   0.0000        True         6                 2
7      RABEP2   6.372318   0.0001        True         6                 2
8     SLC35G6   6.320835   0.0001        True         6                 2
9     COL20A1   6.140372   0.0001        True         6                 2




**************************************************
PinAPL-Py completed.
Time elapsed [mins]: 45.516

