**************************************************
Launching PinAPL-Py ...
P. Spahn et al., UC San Diego (10/2016)
**************************************************
**************************************************
Reading data ...
**************************************************
Found sample Control_1
Found sample Control_2
Found sample ToxA_1
Found sample ToxA_2
Found sample ToxB_1
Found sample ToxB_2

Data input completed.



**************************************************
Running sequence quality control ...
**************************************************
Started analysis of Control_R2_S15_L008_R1_001_x.fastq.gz
Approx 5% complete for Control_R2_S15_L008_R1_001_x.fastq.gz
Approx 10% complete for Control_R2_S15_L008_R1_001_x.fastq.gz
Approx 15% complete for Control_R2_S15_L008_R1_001_x.fastq.gz
Approx 20% complete for Control_R2_S15_L008_R1_001_x.fastq.gz
Approx 25% complete for Control_R2_S15_L008_R1_001_x.fastq.gz
Approx 30% complete for Control_R2_S15_L008_R1_001_x.fastq.gz
Approx 35% complete for Control_R2_S15_L008_R1_001_x.fastq.gz
Approx 40% complete for Control_R2_S15_L008_R1_001_x.fastq.gz
Approx 45% complete for Control_R2_S15_L008_R1_001_x.fastq.gz
Approx 50% complete for Control_R2_S15_L008_R1_001_x.fastq.gz
Approx 55% complete for Control_R2_S15_L008_R1_001_x.fastq.gz
Approx 60% complete for Control_R2_S15_L008_R1_001_x.fastq.gz
Approx 65% complete for Control_R2_S15_L008_R1_001_x.fastq.gz
Approx 70% complete for Control_R2_S15_L008_R1_001_x.fastq.gz
Approx 75% complete for Control_R2_S15_L008_R1_001_x.fastq.gz
Approx 80% complete for Control_R2_S15_L008_R1_001_x.fastq.gz
Approx 85% complete for Control_R2_S15_L008_R1_001_x.fastq.gz
Approx 90% complete for Control_R2_S15_L008_R1_001_x.fastq.gz
Approx 95% complete for Control_R2_S15_L008_R1_001_x.fastq.gz
Approx 100% complete for Control_R2_S15_L008_R1_001_x.fastq.gz
Analysis complete for Control_R2_S15_L008_R1_001_x.fastq.gz
Started analysis of ToxB_R1_98_S4_L008_R1_001_x.fastq.gz
Approx 5% complete for ToxB_R1_98_S4_L008_R1_001_x.fastq.gz
Approx 10% complete for ToxB_R1_98_S4_L008_R1_001_x.fastq.gz
Approx 15% complete for ToxB_R1_98_S4_L008_R1_001_x.fastq.gz
Approx 20% complete for ToxB_R1_98_S4_L008_R1_001_x.fastq.gz
Approx 25% complete for ToxB_R1_98_S4_L008_R1_001_x.fastq.gz
Approx 30% complete for ToxB_R1_98_S4_L008_R1_001_x.fastq.gz
Approx 35% complete for ToxB_R1_98_S4_L008_R1_001_x.fastq.gz
Approx 40% complete for ToxB_R1_98_S4_L008_R1_001_x.fastq.gz
Approx 45% complete for ToxB_R1_98_S4_L008_R1_001_x.fastq.gz
Approx 50% complete for ToxB_R1_98_S4_L008_R1_001_x.fastq.gz
Approx 55% complete for ToxB_R1_98_S4_L008_R1_001_x.fastq.gz
Approx 60% complete for ToxB_R1_98_S4_L008_R1_001_x.fastq.gz
Approx 65% complete for ToxB_R1_98_S4_L008_R1_001_x.fastq.gz
Approx 70% complete for ToxB_R1_98_S4_L008_R1_001_x.fastq.gz
Approx 75% complete for ToxB_R1_98_S4_L008_R1_001_x.fastq.gz
Approx 80% complete for ToxB_R1_98_S4_L008_R1_001_x.fastq.gz
Approx 85% complete for ToxB_R1_98_S4_L008_R1_001_x.fastq.gz
Approx 90% complete for ToxB_R1_98_S4_L008_R1_001_x.fastq.gz
Approx 95% complete for ToxB_R1_98_S4_L008_R1_001_x.fastq.gz
Approx 100% complete for ToxB_R1_98_S4_L008_R1_001_x.fastq.gz
Analysis complete for ToxB_R1_98_S4_L008_R1_001_x.fastq.gz
Started analysis of ToxB_R2_S4_L005_R1_001_x.fastq.gz
Approx 5% complete for ToxB_R2_S4_L005_R1_001_x.fastq.gz
Approx 10% complete for ToxB_R2_S4_L005_R1_001_x.fastq.gz
Approx 15% complete for ToxB_R2_S4_L005_R1_001_x.fastq.gz
Approx 20% complete for ToxB_R2_S4_L005_R1_001_x.fastq.gz
Approx 25% complete for ToxB_R2_S4_L005_R1_001_x.fastq.gz
Approx 30% complete for ToxB_R2_S4_L005_R1_001_x.fastq.gz
Approx 35% complete for ToxB_R2_S4_L005_R1_001_x.fastq.gz
Approx 40% complete for ToxB_R2_S4_L005_R1_001_x.fastq.gz
Approx 45% complete for ToxB_R2_S4_L005_R1_001_x.fastq.gz
Approx 50% complete for ToxB_R2_S4_L005_R1_001_x.fastq.gz
Approx 55% complete for ToxB_R2_S4_L005_R1_001_x.fastq.gz
Approx 60% complete for ToxB_R2_S4_L005_R1_001_x.fastq.gz
Approx 65% complete for ToxB_R2_S4_L005_R1_001_x.fastq.gz
Approx 70% complete for ToxB_R2_S4_L005_R1_001_x.fastq.gz
Approx 75% complete for ToxB_R2_S4_L005_R1_001_x.fastq.gz
Approx 80% complete for ToxB_R2_S4_L005_R1_001_x.fastq.gz
Approx 85% complete for ToxB_R2_S4_L005_R1_001_x.fastq.gz
Approx 90% complete for ToxB_R2_S4_L005_R1_001_x.fastq.gz
Approx 95% complete for ToxB_R2_S4_L005_R1_001_x.fastq.gz
Approx 100% complete for ToxB_R2_S4_L005_R1_001_x.fastq.gz
Analysis complete for ToxB_R2_S4_L005_R1_001_x.fastq.gz
Started analysis of ToxA_R1_98_S2_L008_R1_001_x.fastq.gz
Approx 5% complete for ToxA_R1_98_S2_L008_R1_001_x.fastq.gz
Approx 10% complete for ToxA_R1_98_S2_L008_R1_001_x.fastq.gz
Approx 15% complete for ToxA_R1_98_S2_L008_R1_001_x.fastq.gz
Approx 20% complete for ToxA_R1_98_S2_L008_R1_001_x.fastq.gz
Approx 25% complete for ToxA_R1_98_S2_L008_R1_001_x.fastq.gz
Approx 30% complete for ToxA_R1_98_S2_L008_R1_001_x.fastq.gz
Approx 35% complete for ToxA_R1_98_S2_L008_R1_001_x.fastq.gz
Approx 40% complete for ToxA_R1_98_S2_L008_R1_001_x.fastq.gz
Approx 45% complete for ToxA_R1_98_S2_L008_R1_001_x.fastq.gz
Approx 50% complete for ToxA_R1_98_S2_L008_R1_001_x.fastq.gz
Approx 55% complete for ToxA_R1_98_S2_L008_R1_001_x.fastq.gz
Approx 60% complete for ToxA_R1_98_S2_L008_R1_001_x.fastq.gz
Approx 65% complete for ToxA_R1_98_S2_L008_R1_001_x.fastq.gz
Approx 70% complete for ToxA_R1_98_S2_L008_R1_001_x.fastq.gz
Approx 75% complete for ToxA_R1_98_S2_L008_R1_001_x.fastq.gz
Approx 80% complete for ToxA_R1_98_S2_L008_R1_001_x.fastq.gz
Approx 85% complete for ToxA_R1_98_S2_L008_R1_001_x.fastq.gz
Approx 90% complete for ToxA_R1_98_S2_L008_R1_001_x.fastq.gz
Approx 95% complete for ToxA_R1_98_S2_L008_R1_001_x.fastq.gz
Approx 100% complete for ToxA_R1_98_S2_L008_R1_001_x.fastq.gz
Analysis complete for ToxA_R1_98_S2_L008_R1_001_x.fastq.gz
Started analysis of Control_R1_S14_L008_R1_001_x.fastq.gz
Approx 5% complete for Control_R1_S14_L008_R1_001_x.fastq.gz
Approx 10% complete for Control_R1_S14_L008_R1_001_x.fastq.gz
Approx 15% complete for Control_R1_S14_L008_R1_001_x.fastq.gz
Approx 20% complete for Control_R1_S14_L008_R1_001_x.fastq.gz
Approx 25% complete for Control_R1_S14_L008_R1_001_x.fastq.gz
Approx 30% complete for Control_R1_S14_L008_R1_001_x.fastq.gz
Approx 35% complete for Control_R1_S14_L008_R1_001_x.fastq.gz
Approx 40% complete for Control_R1_S14_L008_R1_001_x.fastq.gz
Approx 45% complete for Control_R1_S14_L008_R1_001_x.fastq.gz
Approx 50% complete for Control_R1_S14_L008_R1_001_x.fastq.gz
Approx 55% complete for Control_R1_S14_L008_R1_001_x.fastq.gz
Approx 60% complete for Control_R1_S14_L008_R1_001_x.fastq.gz
Approx 65% complete for Control_R1_S14_L008_R1_001_x.fastq.gz
Approx 70% complete for Control_R1_S14_L008_R1_001_x.fastq.gz
Approx 75% complete for Control_R1_S14_L008_R1_001_x.fastq.gz
Approx 80% complete for Control_R1_S14_L008_R1_001_x.fastq.gz
Approx 85% complete for Control_R1_S14_L008_R1_001_x.fastq.gz
Approx 90% complete for Control_R1_S14_L008_R1_001_x.fastq.gz
Approx 95% complete for Control_R1_S14_L008_R1_001_x.fastq.gz
Approx 100% complete for Control_R1_S14_L008_R1_001_x.fastq.gz
Analysis complete for Control_R1_S14_L008_R1_001_x.fastq.gz
Started analysis of ToxA_R2_S2_L005_R1_001_x.fastq.gz
Approx 5% complete for ToxA_R2_S2_L005_R1_001_x.fastq.gz
Approx 10% complete for ToxA_R2_S2_L005_R1_001_x.fastq.gz
Approx 15% complete for ToxA_R2_S2_L005_R1_001_x.fastq.gz
Approx 20% complete for ToxA_R2_S2_L005_R1_001_x.fastq.gz
Approx 25% complete for ToxA_R2_S2_L005_R1_001_x.fastq.gz
Approx 30% complete for ToxA_R2_S2_L005_R1_001_x.fastq.gz
Approx 35% complete for ToxA_R2_S2_L005_R1_001_x.fastq.gz
Approx 40% complete for ToxA_R2_S2_L005_R1_001_x.fastq.gz
Approx 45% complete for ToxA_R2_S2_L005_R1_001_x.fastq.gz
Approx 50% complete for ToxA_R2_S2_L005_R1_001_x.fastq.gz
Approx 55% complete for ToxA_R2_S2_L005_R1_001_x.fastq.gz
Approx 60% complete for ToxA_R2_S2_L005_R1_001_x.fastq.gz
Approx 65% complete for ToxA_R2_S2_L005_R1_001_x.fastq.gz
Approx 70% complete for ToxA_R2_S2_L005_R1_001_x.fastq.gz
Approx 75% complete for ToxA_R2_S2_L005_R1_001_x.fastq.gz
Approx 80% complete for ToxA_R2_S2_L005_R1_001_x.fastq.gz
Approx 85% complete for ToxA_R2_S2_L005_R1_001_x.fastq.gz
Approx 90% complete for ToxA_R2_S2_L005_R1_001_x.fastq.gz
Approx 95% complete for ToxA_R2_S2_L005_R1_001_x.fastq.gz
Approx 100% complete for ToxA_R2_S2_L005_R1_001_x.fastq.gz
Analysis complete for ToxA_R2_S2_L005_R1_001_x.fastq.gz
Sequence quality check completed.



**************************************************
Aligning reads ...
**************************************************

Processing sample Control_1 ... 
++++++++++++++++++++++++++++++++++++
PinAPL-Py: Alignment & Read Counting
++++++++++++++++++++++++++++++++++++
Trimming 5' adapters ...
5' adapter trimming completed.

Trimming 3' adapters...
This is cutadapt 1.14 with Python 2.7.6
Command line parameters: -l 20 Trim5_Control_R1_S14_L008_R1_001_x.fastq.gz
Trimming 0 adapters with at most 10.0% errors in single-end mode ...
Finished in 1.13 s (2 us/read; 26.45 M reads/minute).

=== Summary ===

Total reads processed:                 500,000
Reads with adapters:                         0 (0.0%)
Reads written (passing filters):       500,000 (100.0%)

Total basepairs processed:    10,557,829 bp
Total written (filtered):      9,998,092 bp (94.7%)

3' adapter trimming completed.
Time elapsed (Read trimming) [secs]: 9.349

Aligning reads to library ...
500000 reads; of these:
  500000 (100.00%) were unpaired; of these:
    27164 (5.43%) aligned 0 times
    401465 (80.29%) aligned exactly 1 time
    71371 (14.27%) aligned >1 times
94.57% overall alignment rate
Alignment completed.
Time elapsed (Alignment) [secs]: 3.490

Analyzing alignment ...
Writing alignment logfile ...
Plotting mapping quality ...
Plotting alignment scores ...
Alignment analysis completed.
Time elapsed (Alignment analysis) [secs]: 5.096

Read counting in progress ...
Counting reads per sgRNA ...
Counting reads per gene ...
Read counting completed.
Time elapsed (Read Counting) [secs]: 2.967

Removing raw alignment output...
Time elapsed (Clean-up) [secs]: 0.041

------------------------------------------------
Script completed.
Time elapsed (Total) [secs]: 21.173


Processing sample Control_2 ... 
++++++++++++++++++++++++++++++++++++
PinAPL-Py: Alignment & Read Counting
++++++++++++++++++++++++++++++++++++
Trimming 5' adapters ...
5' adapter trimming completed.

Trimming 3' adapters...
This is cutadapt 1.14 with Python 2.7.6
Command line parameters: -l 20 Trim5_Control_R2_S15_L008_R1_001_x.fastq.gz
Trimming 0 adapters with at most 10.0% errors in single-end mode ...
Finished in 1.13 s (2 us/read; 26.65 M reads/minute).

=== Summary ===

Total reads processed:                 500,000
Reads with adapters:                         0 (0.0%)
Reads written (passing filters):       500,000 (100.0%)

Total basepairs processed:    10,510,403 bp
Total written (filtered):      9,997,836 bp (95.1%)

3' adapter trimming completed.
Time elapsed (Read trimming) [secs]: 8.390

Aligning reads to library ...
500000 reads; of these:
  500000 (100.00%) were unpaired; of these:
    28774 (5.75%) aligned 0 times
    398262 (79.65%) aligned exactly 1 time
    72964 (14.59%) aligned >1 times
94.25% overall alignment rate
Alignment completed.
Time elapsed (Alignment) [secs]: 3.807

Analyzing alignment ...
Writing alignment logfile ...
Plotting mapping quality ...
Plotting alignment scores ...
Alignment analysis completed.
Time elapsed (Alignment analysis) [secs]: 4.894

Read counting in progress ...
Counting reads per sgRNA ...
Counting reads per gene ...
Read counting completed.
Time elapsed (Read Counting) [secs]: 2.981

Removing raw alignment output...
Time elapsed (Clean-up) [secs]: 0.039

------------------------------------------------
Script completed.
Time elapsed (Total) [secs]: 20.334


Processing sample ToxA_1 ... 
++++++++++++++++++++++++++++++++++++
PinAPL-Py: Alignment & Read Counting
++++++++++++++++++++++++++++++++++++
Trimming 5' adapters ...
5' adapter trimming completed.

Trimming 3' adapters...
This is cutadapt 1.14 with Python 2.7.6
Command line parameters: -l 20 Trim5_ToxA_R1_98_S2_L008_R1_001_x.fastq.gz
Trimming 0 adapters with at most 10.0% errors in single-end mode ...
Finished in 1.33 s (3 us/read; 22.49 M reads/minute).

=== Summary ===

Total reads processed:                 500,000
Reads with adapters:                         0 (0.0%)
Reads written (passing filters):       500,000 (100.0%)

Total basepairs processed:    10,531,654 bp
Total written (filtered):      9,991,416 bp (94.9%)

3' adapter trimming completed.
Time elapsed (Read trimming) [secs]: 9.001

Aligning reads to library ...
500000 reads; of these:
  500000 (100.00%) were unpaired; of these:
    22598 (4.52%) aligned 0 times
    401524 (80.30%) aligned exactly 1 time
    75878 (15.18%) aligned >1 times
95.48% overall alignment rate
Alignment completed.
Time elapsed (Alignment) [secs]: 4.187

Analyzing alignment ...
Writing alignment logfile ...
Plotting mapping quality ...
Plotting alignment scores ...
Alignment analysis completed.
Time elapsed (Alignment analysis) [secs]: 5.629

Read counting in progress ...
Counting reads per sgRNA ...
Counting reads per gene ...
Read counting completed.
Time elapsed (Read Counting) [secs]: 3.211

Removing raw alignment output...
Time elapsed (Clean-up) [secs]: 0.046

------------------------------------------------
Script completed.
Time elapsed (Total) [secs]: 22.300


Processing sample ToxA_2 ... 
++++++++++++++++++++++++++++++++++++
PinAPL-Py: Alignment & Read Counting
++++++++++++++++++++++++++++++++++++
Trimming 5' adapters ...
5' adapter trimming completed.

Trimming 3' adapters...
This is cutadapt 1.14 with Python 2.7.6
Command line parameters: -l 20 Trim5_ToxA_R2_S2_L005_R1_001_x.fastq.gz
Trimming 0 adapters with at most 10.0% errors in single-end mode ...
Finished in 1.25 s (2 us/read; 24.04 M reads/minute).

=== Summary ===

Total reads processed:                 500,000
Reads with adapters:                         0 (0.0%)
Reads written (passing filters):       500,000 (100.0%)

Total basepairs processed:    10,539,845 bp
Total written (filtered):      9,998,214 bp (94.9%)

3' adapter trimming completed.
Time elapsed (Read trimming) [secs]: 8.624

Aligning reads to library ...
500000 reads; of these:
  500000 (100.00%) were unpaired; of these:
    28977 (5.80%) aligned 0 times
    396221 (79.24%) aligned exactly 1 time
    74802 (14.96%) aligned >1 times
94.20% overall alignment rate
Alignment completed.
Time elapsed (Alignment) [secs]: 4.353

Analyzing alignment ...
Writing alignment logfile ...
Plotting mapping quality ...
Plotting alignment scores ...
Alignment analysis completed.
Time elapsed (Alignment analysis) [secs]: 5.672

Read counting in progress ...
Counting reads per sgRNA ...
Counting reads per gene ...
Read counting completed.
Time elapsed (Read Counting) [secs]: 3.059

Removing raw alignment output...
Time elapsed (Clean-up) [secs]: 0.045

------------------------------------------------
Script completed.
Time elapsed (Total) [secs]: 22.032


Processing sample ToxB_1 ... 
++++++++++++++++++++++++++++++++++++
PinAPL-Py: Alignment & Read Counting
++++++++++++++++++++++++++++++++++++
Trimming 5' adapters ...
5' adapter trimming completed.

Trimming 3' adapters...
This is cutadapt 1.14 with Python 2.7.6
Command line parameters: -l 20 Trim5_ToxB_R1_98_S4_L008_R1_001_x.fastq.gz
Trimming 0 adapters with at most 10.0% errors in single-end mode ...
Finished in 1.32 s (3 us/read; 22.77 M reads/minute).

=== Summary ===

Total reads processed:                 500,000
Reads with adapters:                         0 (0.0%)
Reads written (passing filters):       500,000 (100.0%)

Total basepairs processed:    11,512,275 bp
Total written (filtered):      9,998,965 bp (86.9%)

3' adapter trimming completed.
Time elapsed (Read trimming) [secs]: 9.253

Aligning reads to library ...
500000 reads; of these:
  500000 (100.00%) were unpaired; of these:
    27059 (5.41%) aligned 0 times
    407669 (81.53%) aligned exactly 1 time
    65272 (13.05%) aligned >1 times
94.59% overall alignment rate
Alignment completed.
Time elapsed (Alignment) [secs]: 4.021

Analyzing alignment ...
Writing alignment logfile ...
Plotting mapping quality ...
Plotting alignment scores ...
Alignment analysis completed.
Time elapsed (Alignment analysis) [secs]: 5.509

Read counting in progress ...
Counting reads per sgRNA ...
Counting reads per gene ...
Read counting completed.
Time elapsed (Read Counting) [secs]: 3.196

Removing raw alignment output...
Time elapsed (Clean-up) [secs]: 0.050

------------------------------------------------
Script completed.
Time elapsed (Total) [secs]: 22.318


Processing sample ToxB_2 ... 
++++++++++++++++++++++++++++++++++++
PinAPL-Py: Alignment & Read Counting
++++++++++++++++++++++++++++++++++++
Trimming 5' adapters ...
5' adapter trimming completed.

Trimming 3' adapters...
This is cutadapt 1.14 with Python 2.7.6
Command line parameters: -l 20 Trim5_ToxB_R2_S4_L005_R1_001_x.fastq.gz
Trimming 0 adapters with at most 10.0% errors in single-end mode ...
Finished in 1.30 s (3 us/read; 23.07 M reads/minute).

=== Summary ===

Total reads processed:                 500,000
Reads with adapters:                         0 (0.0%)
Reads written (passing filters):       500,000 (100.0%)

Total basepairs processed:    11,516,563 bp
Total written (filtered):      9,999,315 bp (86.8%)

3' adapter trimming completed.
Time elapsed (Read trimming) [secs]: 8.793

Aligning reads to library ...
500000 reads; of these:
  500000 (100.00%) were unpaired; of these:
    29026 (5.81%) aligned 0 times
    406110 (81.22%) aligned exactly 1 time
    64864 (12.97%) aligned >1 times
94.19% overall alignment rate
Alignment completed.
Time elapsed (Alignment) [secs]: 4.097

Analyzing alignment ...
Writing alignment logfile ...
Plotting mapping quality ...
Plotting alignment scores ...
Alignment analysis completed.
Time elapsed (Alignment analysis) [secs]: 5.435

Read counting in progress ...
Counting reads per sgRNA ...
Counting reads per gene ...
Read counting completed.
Time elapsed (Read Counting) [secs]: 3.161

Removing raw alignment output...
Time elapsed (Clean-up) [secs]: 0.052

------------------------------------------------
Script completed.
Time elapsed (Total) [secs]: 21.828

Read alignments completed.



**************************************************
Normalizing read counts ...
**************************************************
++++++++++++++++++++++++++++++++++++
PinAPL-Py: Read Count Normalization
++++++++++++++++++++++++++++++++++++
Normalizing to counts per million reads ...
Processing ToxB_2 ...
Processing ToxA_1 ...
Processing Control_1 ...
Processing Control_2 ...
Processing ToxA_2 ...
Processing ToxB_1 ...
------------------------------------------------
Script completed.
Time elapsed (Total) [secs]: 2.090

Normalization completed.



**************************************************
Analyzing read counts ...
**************************************************

Processing sample Control_1 ... 
++++++++++++++++++++++++++++++++++++++
PinAPL-Py: Exploratory Counts Analysis
++++++++++++++++++++++++++++++++++++++
Computing Gini coefficients ... 
Gini Index (sgRNAs): 0.779
Gini Index (genes): 0.481
Plotting Lorenz curves ...
Generating boxplots...
Generating histograms...
Writing distribution file ... 
------------------------------------------------
Script completed.
Time elapsed (Total) [secs]: 1.779


Processing sample Control_2 ... 
++++++++++++++++++++++++++++++++++++++
PinAPL-Py: Exploratory Counts Analysis
++++++++++++++++++++++++++++++++++++++
Computing Gini coefficients ... 
Gini Index (sgRNAs): 0.757
Gini Index (genes): 0.46
Plotting Lorenz curves ...
Generating boxplots...
Generating histograms...
Writing distribution file ... 
------------------------------------------------
Script completed.
Time elapsed (Total) [secs]: 1.797


Processing sample ToxA_1 ... 
++++++++++++++++++++++++++++++++++++++
PinAPL-Py: Exploratory Counts Analysis
++++++++++++++++++++++++++++++++++++++
Computing Gini coefficients ... 
Gini Index (sgRNAs): 0.951
Gini Index (genes): 0.801
Plotting Lorenz curves ...
Generating boxplots...
Generating histograms...
Writing distribution file ... 
------------------------------------------------
Script completed.
Time elapsed (Total) [secs]: 1.771


Processing sample ToxA_2 ... 
++++++++++++++++++++++++++++++++++++++
PinAPL-Py: Exploratory Counts Analysis
++++++++++++++++++++++++++++++++++++++
Computing Gini coefficients ... 
Gini Index (sgRNAs): 0.922
Gini Index (genes): 0.726
Plotting Lorenz curves ...
Generating boxplots...
Generating histograms...
Writing distribution file ... 
------------------------------------------------
Script completed.
Time elapsed (Total) [secs]: 1.548


Processing sample ToxB_1 ... 
++++++++++++++++++++++++++++++++++++++
PinAPL-Py: Exploratory Counts Analysis
++++++++++++++++++++++++++++++++++++++
Computing Gini coefficients ... 
Gini Index (sgRNAs): 0.971
Gini Index (genes): 0.898
Plotting Lorenz curves ...
Generating boxplots...
Generating histograms...
Writing distribution file ... 
------------------------------------------------
Script completed.
Time elapsed (Total) [secs]: 1.402


Processing sample ToxB_2 ... 
++++++++++++++++++++++++++++++++++++++
PinAPL-Py: Exploratory Counts Analysis
++++++++++++++++++++++++++++++++++++++
Computing Gini coefficients ... 
Gini Index (sgRNAs): 0.973
Gini Index (genes): 0.906
Plotting Lorenz curves ...
Generating boxplots...
Generating histograms...
Writing distribution file ... 
------------------------------------------------
Script completed.
Time elapsed (Total) [secs]: 1.401

Read count analysis completed.



**************************************************
Analyzing controls ...
**************************************************
+++++++++++++++++++++++++++++++++++
PinAPL-Py: Control Count Estimation
+++++++++++++++++++++++++++++++++++
Reading control counts ...
Estimating mean and variance ...
Writing dataframe ...
Generating dispersion plot ...
Generating log regression plot ...
------------------------------------------------
Script completed.
Time elapsed (Total) [secs]: 2.717

Control analysis completed.



**************************************************
sgRNA enrichment analysis ...
**************************************************

Processing sample ToxA_1 ... 
++++++++++++++++++++++++++++++++++++++++++++++
PinAPL-Py: sgRNA Enrichment/Depletion Analysis
++++++++++++++++++++++++++++++++++++++++++++++
Loading read counts ...
Computing fold changes ...
Computing p-values ...
p-value correction ...
Plotting p-values ...
Writing results dataframe ...
------------------------------------------------
Script completed.
Time elapsed (Total) [secs]: 13.946


Processing sample ToxA_2 ... 
++++++++++++++++++++++++++++++++++++++++++++++
PinAPL-Py: sgRNA Enrichment/Depletion Analysis
++++++++++++++++++++++++++++++++++++++++++++++
Loading read counts ...
Computing fold changes ...
Computing p-values ...
p-value correction ...
Plotting p-values ...
Writing results dataframe ...
------------------------------------------------
Script completed.
Time elapsed (Total) [secs]: 13.850


Processing sample ToxB_1 ... 
++++++++++++++++++++++++++++++++++++++++++++++
PinAPL-Py: sgRNA Enrichment/Depletion Analysis
++++++++++++++++++++++++++++++++++++++++++++++
Loading read counts ...
Computing fold changes ...
Computing p-values ...
p-value correction ...
Plotting p-values ...
Writing results dataframe ...
------------------------------------------------
Script completed.
Time elapsed (Total) [secs]: 13.581


Processing sample ToxB_2 ... 
++++++++++++++++++++++++++++++++++++++++++++++
PinAPL-Py: sgRNA Enrichment/Depletion Analysis
++++++++++++++++++++++++++++++++++++++++++++++
Loading read counts ...
Computing fold changes ...
Computing p-values ...
p-value correction ...
Plotting p-values ...
Writing results dataframe ...
------------------------------------------------
Script completed.
Time elapsed (Total) [secs]: 13.330

sgRNA enrichment analysis completed.



**************************************************
Read count scatterplots ...
**************************************************

Processing sample ToxA_1 ... 
+++++++++++++++++++++++++++++++++++++++++++
PinAPL-Py: Read Counts Scatterplot
+++++++++++++++++++++++++++++++++++++++++++
Reading counts ...
Log10 transformation ...
Generating scatterplot ...
------------------------------------------------
Script completed.
Time elapsed (Total) [secs]: 1.985


Processing sample ToxA_2 ... 
+++++++++++++++++++++++++++++++++++++++++++
PinAPL-Py: Read Counts Scatterplot
+++++++++++++++++++++++++++++++++++++++++++
Reading counts ...
Log10 transformation ...
Generating scatterplot ...
------------------------------------------------
Script completed.
Time elapsed (Total) [secs]: 1.750


Processing sample ToxB_1 ... 
+++++++++++++++++++++++++++++++++++++++++++
PinAPL-Py: Read Counts Scatterplot
+++++++++++++++++++++++++++++++++++++++++++
Reading counts ...
Log10 transformation ...
Generating scatterplot ...
------------------------------------------------
Script completed.
Time elapsed (Total) [secs]: 1.755


Processing sample ToxB_2 ... 
+++++++++++++++++++++++++++++++++++++++++++
PinAPL-Py: Read Counts Scatterplot
+++++++++++++++++++++++++++++++++++++++++++
Reading counts ...
Log10 transformation ...
Generating scatterplot ...
------------------------------------------------
Script completed.
Time elapsed (Total) [secs]: 1.725

Read count scatterplots completed.



**************************************************
Replicate correlation ...
**************************************************

Processing sample Control ... 
++++++++++++++++++++++++++++++++
PinAPL-Py: Replicate Scatterplot
++++++++++++++++++++++++++++++++
Sample 1: Control_1 | Sample 2: Control_2
Reading counts ...
Log10 transformation ...
Computing correlation ...
Generating scatterplot ...
------------------------------------------------
Script completed.
Time elapsed (Total) [secs]: 1.851


Processing sample ToxB ... 
++++++++++++++++++++++++++++++++
PinAPL-Py: Replicate Scatterplot
++++++++++++++++++++++++++++++++
Sample 1: ToxB_1 | Sample 2: ToxB_2
Reading counts ...
Log10 transformation ...
Computing correlation ...
Generating scatterplot ...
------------------------------------------------
Script completed.
Time elapsed (Total) [secs]: 1.684


Processing sample ToxA ... 
++++++++++++++++++++++++++++++++
PinAPL-Py: Replicate Scatterplot
++++++++++++++++++++++++++++++++
Sample 1: ToxA_1 | Sample 2: ToxA_2
Reading counts ...
Log10 transformation ...
Computing correlation ...
Generating scatterplot ...
------------------------------------------------
Script completed.
Time elapsed (Total) [secs]: 1.616


Replicate correlation analysis completed.



**************************************************
Clustering analysis ...
**************************************************
++++++++++++++++++++++++++++++++++
PinAPL-Py: Sample Cluster Analysis
++++++++++++++++++++++++++++++++++
Loading read counts ...
Computing variance ...
Extracting top 25 most variable sgRNAs ...
Writing dataframe ...
Plotting heatmap ...
--------------------------------------------
KernSmooth 2.23 loaded
Copyright M. P. Wand 1997-2009

Attaching package: 'gplots'

The following object is masked from 'package:stats':

    lowess

--------------------------------------------
------------------------------------------------
Script completed.
Time elapsed (Total) [secs]: 2.300

Clustering analysis completed.



**************************************************
Gene ranking analysis ...
**************************************************

Processing sample ToxA_1 ... 
++++++++++++++++++++++++++++++++
PinAPL-Py: Gene Ranking Analysis
++++++++++++++++++++++++++++++++
Loading sgRNA enrichment table ...
Looking for sgRNAs with significant fold change ...
Computing aRRA scores ...
Time elapsed (aRRA Computation) [secs]: 3.390
Estimating aRRA null distribution (1000 Permutations)...
Time elapsed (aRRA Permutation) [secs]: 0.293
Computing aRRA p-values ...
Plotting p-values ...
Computing average fold change across sgRNAs ...
Writing results dataframe ...
------------------------------------------------
Script completed.
Time elapsed (Total) [secs]: 9.332



Processing sample ToxA_2 ... 
++++++++++++++++++++++++++++++++
PinAPL-Py: Gene Ranking Analysis
++++++++++++++++++++++++++++++++
Loading sgRNA enrichment table ...
Looking for sgRNAs with significant fold change ...
Computing aRRA scores ...
Time elapsed (aRRA Computation) [secs]: 3.492
Estimating aRRA null distribution (1000 Permutations)...
Time elapsed (aRRA Permutation) [secs]: 0.202
Computing aRRA p-values ...
Plotting p-values ...
Computing average fold change across sgRNAs ...
Writing results dataframe ...
------------------------------------------------
Script completed.
Time elapsed (Total) [secs]: 9.972



Processing sample ToxB_1 ... 
++++++++++++++++++++++++++++++++
PinAPL-Py: Gene Ranking Analysis
++++++++++++++++++++++++++++++++
Loading sgRNA enrichment table ...
Looking for sgRNAs with significant fold change ...
Computing aRRA scores ...
Time elapsed (aRRA Computation) [secs]: 3.407
Estimating aRRA null distribution (1000 Permutations)...
Time elapsed (aRRA Permutation) [secs]: 0.168
Computing aRRA p-values ...
Plotting p-values ...
Computing average fold change across sgRNAs ...
Writing results dataframe ...
------------------------------------------------
Script completed.
Time elapsed (Total) [secs]: 8.581



Processing sample ToxB_2 ... 
++++++++++++++++++++++++++++++++
PinAPL-Py: Gene Ranking Analysis
++++++++++++++++++++++++++++++++
Loading sgRNA enrichment table ...
Looking for sgRNAs with significant fold change ...
Computing aRRA scores ...
Time elapsed (aRRA Computation) [secs]: 3.323
Estimating aRRA null distribution (1000 Permutations)...
Time elapsed (aRRA Permutation) [secs]: 0.179
Computing aRRA p-values ...
Plotting p-values ...
Computing average fold change across sgRNAs ...
Writing results dataframe ...
------------------------------------------------
Script completed.
Time elapsed (Total) [secs]: 8.441


Gene ranking analysis completed.



**************************************************
PinAPL-Py completed.
Time elapsed [mins]: 4.860

