**************************************************
Launching PinAPL-Py v2.7.1..
P. Spahn et al., UC San Diego (07/2017)
**************************************************


**************************************************
Reading data ...
**************************************************
Found sample Control_1
Found sample Control_2
Found sample ToxA_1
Found sample ToxA_2
Found sample ToxB_1
Found sample ToxB_2

Data input completed.




**************************************************
Running sequence quality control ...
**************************************************
Started analysis of Control_R2_S15_L008_R1_001_x.fastq.gz
Approx 5% complete for Control_R2_S15_L008_R1_001_x.fastq.gz
Approx 10% complete for Control_R2_S15_L008_R1_001_x.fastq.gz
Approx 15% complete for Control_R2_S15_L008_R1_001_x.fastq.gz
Approx 20% complete for Control_R2_S15_L008_R1_001_x.fastq.gz
Approx 25% complete for Control_R2_S15_L008_R1_001_x.fastq.gz
Approx 30% complete for Control_R2_S15_L008_R1_001_x.fastq.gz
Approx 35% complete for Control_R2_S15_L008_R1_001_x.fastq.gz
Approx 40% complete for Control_R2_S15_L008_R1_001_x.fastq.gz
Approx 45% complete for Control_R2_S15_L008_R1_001_x.fastq.gz
Approx 50% complete for Control_R2_S15_L008_R1_001_x.fastq.gz
Approx 55% complete for Control_R2_S15_L008_R1_001_x.fastq.gz
Approx 60% complete for Control_R2_S15_L008_R1_001_x.fastq.gz
Approx 65% complete for Control_R2_S15_L008_R1_001_x.fastq.gz
Approx 70% complete for Control_R2_S15_L008_R1_001_x.fastq.gz
Approx 75% complete for Control_R2_S15_L008_R1_001_x.fastq.gz
Approx 80% complete for Control_R2_S15_L008_R1_001_x.fastq.gz
Approx 85% complete for Control_R2_S15_L008_R1_001_x.fastq.gz
Approx 90% complete for Control_R2_S15_L008_R1_001_x.fastq.gz
Approx 95% complete for Control_R2_S15_L008_R1_001_x.fastq.gz
Approx 100% complete for Control_R2_S15_L008_R1_001_x.fastq.gz
Analysis complete for Control_R2_S15_L008_R1_001_x.fastq.gz
Started analysis of ToxB_R1_98_S4_L008_R1_001_x.fastq.gz
Approx 5% complete for ToxB_R1_98_S4_L008_R1_001_x.fastq.gz
Approx 10% complete for ToxB_R1_98_S4_L008_R1_001_x.fastq.gz
Approx 15% complete for ToxB_R1_98_S4_L008_R1_001_x.fastq.gz
Approx 20% complete for ToxB_R1_98_S4_L008_R1_001_x.fastq.gz
Approx 25% complete for ToxB_R1_98_S4_L008_R1_001_x.fastq.gz
Approx 30% complete for ToxB_R1_98_S4_L008_R1_001_x.fastq.gz
Approx 35% complete for ToxB_R1_98_S4_L008_R1_001_x.fastq.gz
Approx 40% complete for ToxB_R1_98_S4_L008_R1_001_x.fastq.gz
Approx 45% complete for ToxB_R1_98_S4_L008_R1_001_x.fastq.gz
Approx 50% complete for ToxB_R1_98_S4_L008_R1_001_x.fastq.gz
Approx 55% complete for ToxB_R1_98_S4_L008_R1_001_x.fastq.gz
Approx 60% complete for ToxB_R1_98_S4_L008_R1_001_x.fastq.gz
Approx 65% complete for ToxB_R1_98_S4_L008_R1_001_x.fastq.gz
Approx 70% complete for ToxB_R1_98_S4_L008_R1_001_x.fastq.gz
Approx 75% complete for ToxB_R1_98_S4_L008_R1_001_x.fastq.gz
Approx 80% complete for ToxB_R1_98_S4_L008_R1_001_x.fastq.gz
Approx 85% complete for ToxB_R1_98_S4_L008_R1_001_x.fastq.gz
Approx 90% complete for ToxB_R1_98_S4_L008_R1_001_x.fastq.gz
Approx 95% complete for ToxB_R1_98_S4_L008_R1_001_x.fastq.gz
Approx 100% complete for ToxB_R1_98_S4_L008_R1_001_x.fastq.gz
Analysis complete for ToxB_R1_98_S4_L008_R1_001_x.fastq.gz
Started analysis of ToxB_R2_S4_L005_R1_001_x.fastq.gz
Approx 5% complete for ToxB_R2_S4_L005_R1_001_x.fastq.gz
Approx 10% complete for ToxB_R2_S4_L005_R1_001_x.fastq.gz
Approx 15% complete for ToxB_R2_S4_L005_R1_001_x.fastq.gz
Approx 20% complete for ToxB_R2_S4_L005_R1_001_x.fastq.gz
Approx 25% complete for ToxB_R2_S4_L005_R1_001_x.fastq.gz
Approx 30% complete for ToxB_R2_S4_L005_R1_001_x.fastq.gz
Approx 35% complete for ToxB_R2_S4_L005_R1_001_x.fastq.gz
Approx 40% complete for ToxB_R2_S4_L005_R1_001_x.fastq.gz
Approx 45% complete for ToxB_R2_S4_L005_R1_001_x.fastq.gz
Approx 50% complete for ToxB_R2_S4_L005_R1_001_x.fastq.gz
Approx 55% complete for ToxB_R2_S4_L005_R1_001_x.fastq.gz
Approx 60% complete for ToxB_R2_S4_L005_R1_001_x.fastq.gz
Approx 65% complete for ToxB_R2_S4_L005_R1_001_x.fastq.gz
Approx 70% complete for ToxB_R2_S4_L005_R1_001_x.fastq.gz
Approx 75% complete for ToxB_R2_S4_L005_R1_001_x.fastq.gz
Approx 80% complete for ToxB_R2_S4_L005_R1_001_x.fastq.gz
Approx 85% complete for ToxB_R2_S4_L005_R1_001_x.fastq.gz
Approx 90% complete for ToxB_R2_S4_L005_R1_001_x.fastq.gz
Approx 95% complete for ToxB_R2_S4_L005_R1_001_x.fastq.gz
Approx 100% complete for ToxB_R2_S4_L005_R1_001_x.fastq.gz
Analysis complete for ToxB_R2_S4_L005_R1_001_x.fastq.gz
Started analysis of ToxA_R1_98_S2_L008_R1_001_x.fastq.gz
Approx 5% complete for ToxA_R1_98_S2_L008_R1_001_x.fastq.gz
Approx 10% complete for ToxA_R1_98_S2_L008_R1_001_x.fastq.gz
Approx 15% complete for ToxA_R1_98_S2_L008_R1_001_x.fastq.gz
Approx 20% complete for ToxA_R1_98_S2_L008_R1_001_x.fastq.gz
Approx 25% complete for ToxA_R1_98_S2_L008_R1_001_x.fastq.gz
Approx 30% complete for ToxA_R1_98_S2_L008_R1_001_x.fastq.gz
Approx 35% complete for ToxA_R1_98_S2_L008_R1_001_x.fastq.gz
Approx 40% complete for ToxA_R1_98_S2_L008_R1_001_x.fastq.gz
Approx 45% complete for ToxA_R1_98_S2_L008_R1_001_x.fastq.gz
Approx 50% complete for ToxA_R1_98_S2_L008_R1_001_x.fastq.gz
Approx 55% complete for ToxA_R1_98_S2_L008_R1_001_x.fastq.gz
Approx 60% complete for ToxA_R1_98_S2_L008_R1_001_x.fastq.gz
Approx 65% complete for ToxA_R1_98_S2_L008_R1_001_x.fastq.gz
Approx 70% complete for ToxA_R1_98_S2_L008_R1_001_x.fastq.gz
Approx 75% complete for ToxA_R1_98_S2_L008_R1_001_x.fastq.gz
Approx 80% complete for ToxA_R1_98_S2_L008_R1_001_x.fastq.gz
Approx 85% complete for ToxA_R1_98_S2_L008_R1_001_x.fastq.gz
Approx 90% complete for ToxA_R1_98_S2_L008_R1_001_x.fastq.gz
Approx 95% complete for ToxA_R1_98_S2_L008_R1_001_x.fastq.gz
Approx 100% complete for ToxA_R1_98_S2_L008_R1_001_x.fastq.gz
Analysis complete for ToxA_R1_98_S2_L008_R1_001_x.fastq.gz
Started analysis of Control_R1_S14_L008_R1_001_x.fastq.gz
Approx 5% complete for Control_R1_S14_L008_R1_001_x.fastq.gz
Approx 10% complete for Control_R1_S14_L008_R1_001_x.fastq.gz
Approx 15% complete for Control_R1_S14_L008_R1_001_x.fastq.gz
Approx 20% complete for Control_R1_S14_L008_R1_001_x.fastq.gz
Approx 25% complete for Control_R1_S14_L008_R1_001_x.fastq.gz
Approx 30% complete for Control_R1_S14_L008_R1_001_x.fastq.gz
Approx 35% complete for Control_R1_S14_L008_R1_001_x.fastq.gz
Approx 40% complete for Control_R1_S14_L008_R1_001_x.fastq.gz
Approx 45% complete for Control_R1_S14_L008_R1_001_x.fastq.gz
Approx 50% complete for Control_R1_S14_L008_R1_001_x.fastq.gz
Approx 55% complete for Control_R1_S14_L008_R1_001_x.fastq.gz
Approx 60% complete for Control_R1_S14_L008_R1_001_x.fastq.gz
Approx 65% complete for Control_R1_S14_L008_R1_001_x.fastq.gz
Approx 70% complete for Control_R1_S14_L008_R1_001_x.fastq.gz
Approx 75% complete for Control_R1_S14_L008_R1_001_x.fastq.gz
Approx 80% complete for Control_R1_S14_L008_R1_001_x.fastq.gz
Approx 85% complete for Control_R1_S14_L008_R1_001_x.fastq.gz
Approx 90% complete for Control_R1_S14_L008_R1_001_x.fastq.gz
Approx 95% complete for Control_R1_S14_L008_R1_001_x.fastq.gz
Approx 100% complete for Control_R1_S14_L008_R1_001_x.fastq.gz
Analysis complete for Control_R1_S14_L008_R1_001_x.fastq.gz
Started analysis of ToxA_R2_S2_L005_R1_001_x.fastq.gz
Approx 5% complete for ToxA_R2_S2_L005_R1_001_x.fastq.gz
Approx 10% complete for ToxA_R2_S2_L005_R1_001_x.fastq.gz
Approx 15% complete for ToxA_R2_S2_L005_R1_001_x.fastq.gz
Approx 20% complete for ToxA_R2_S2_L005_R1_001_x.fastq.gz
Approx 25% complete for ToxA_R2_S2_L005_R1_001_x.fastq.gz
Approx 30% complete for ToxA_R2_S2_L005_R1_001_x.fastq.gz
Approx 35% complete for ToxA_R2_S2_L005_R1_001_x.fastq.gz
Approx 40% complete for ToxA_R2_S2_L005_R1_001_x.fastq.gz
Approx 45% complete for ToxA_R2_S2_L005_R1_001_x.fastq.gz
Approx 50% complete for ToxA_R2_S2_L005_R1_001_x.fastq.gz
Approx 55% complete for ToxA_R2_S2_L005_R1_001_x.fastq.gz
Approx 60% complete for ToxA_R2_S2_L005_R1_001_x.fastq.gz
Approx 65% complete for ToxA_R2_S2_L005_R1_001_x.fastq.gz
Approx 70% complete for ToxA_R2_S2_L005_R1_001_x.fastq.gz
Approx 75% complete for ToxA_R2_S2_L005_R1_001_x.fastq.gz
Approx 80% complete for ToxA_R2_S2_L005_R1_001_x.fastq.gz
Approx 85% complete for ToxA_R2_S2_L005_R1_001_x.fastq.gz
Approx 90% complete for ToxA_R2_S2_L005_R1_001_x.fastq.gz
Approx 95% complete for ToxA_R2_S2_L005_R1_001_x.fastq.gz
Approx 100% complete for ToxA_R2_S2_L005_R1_001_x.fastq.gz
Analysis complete for ToxA_R2_S2_L005_R1_001_x.fastq.gz
------------------------------------------------
Script completed.
Time elapsed (Quality control) [secs]: 33.126

Sequence quality control completed.




**************************************************
Trimming reads ...
**************************************************
Loading Control_R2_S15_L008_R1_001_x.fastq.gz
Loading ToxB_R1_98_S4_L008_R1_001_x.fastq.gz
Loading ToxB_R2_S4_L005_R1_001_x.fastq.gz
Loading ToxA_R1_98_S2_L008_R1_001_x.fastq.gz
Loading Control_R1_S14_L008_R1_001_x.fastq.gz
Loading ToxA_R2_S2_L005_R1_001_x.fastq.gz
Removing adapters ...
Adapter removal completed.
Writing logfiles...
------------------------------------------------
Script completed.
Time elapsed (Read trimming) [secs]: 14.439

Read trimming completed.




**************************************************
Aligning reads ...
**************************************************
Processing sample Control_1 ... 
++++++++++++++++++++++++++++++++++++++++++++++++
Aligning reads to library ...
499804 reads; of these:
  499804 (100.00%) were unpaired; of these:
    26944 (5.39%) aligned 0 times
    401486 (80.33%) aligned exactly 1 time
    71374 (14.28%) aligned >1 times
94.61% overall alignment rate
Alignment completed.
Time elapsed (Alignment) [secs]: 5.132
Analyzing alignment ...
Writing alignment logfile ...
Plotting mapping quality ...
Plotting alignment scores ...
Alignment analysis completed.
Time elapsed (Alignment analysis) [secs]: 2.426
Read counting in progress ...
Counting reads per sgRNA ...
Counting reads per gene ...
Read counting completed.
Time elapsed (Read Counting) [secs]: 3.199
Removing raw alignment output...
Time elapsed (Clean-up) [secs]: 0.025
------------------------------------------------
Script completed.
Time elapsed (Total) [secs]: 11.074

Processing sample Control_2 ... 
++++++++++++++++++++++++++++++++++++++++++++++++
Aligning reads to library ...
499792 reads; of these:
  499792 (100.00%) were unpaired; of these:
    28504 (5.70%) aligned 0 times
    398325 (79.70%) aligned exactly 1 time
    72963 (14.60%) aligned >1 times
94.30% overall alignment rate
Alignment completed.
Time elapsed (Alignment) [secs]: 4.963
Analyzing alignment ...
Writing alignment logfile ...
Plotting mapping quality ...
Plotting alignment scores ...
Alignment analysis completed.
Time elapsed (Alignment analysis) [secs]: 2.274
Read counting in progress ...
Counting reads per sgRNA ...
Counting reads per gene ...
Read counting completed.
Time elapsed (Read Counting) [secs]: 2.905
Removing raw alignment output...
Time elapsed (Clean-up) [secs]: 0.039
------------------------------------------------
Script completed.
Time elapsed (Total) [secs]: 10.458

Processing sample ToxA_1 ... 
++++++++++++++++++++++++++++++++++++++++++++++++
Aligning reads to library ...
499290 reads; of these:
  499290 (100.00%) were unpaired; of these:
    21653 (4.34%) aligned 0 times
    401759 (80.47%) aligned exactly 1 time
    75878 (15.20%) aligned >1 times
95.66% overall alignment rate
Alignment completed.
Time elapsed (Alignment) [secs]: 4.893
Analyzing alignment ...
Writing alignment logfile ...
Plotting mapping quality ...
Plotting alignment scores ...
Alignment analysis completed.
Time elapsed (Alignment analysis) [secs]: 1.911
Read counting in progress ...
Counting reads per sgRNA ...
Counting reads per gene ...
Read counting completed.
Time elapsed (Read Counting) [secs]: 2.765
Removing raw alignment output...
Time elapsed (Clean-up) [secs]: 0.023
------------------------------------------------
Script completed.
Time elapsed (Total) [secs]: 9.842

Processing sample ToxA_2 ... 
++++++++++++++++++++++++++++++++++++++++++++++++
Aligning reads to library ...
499892 reads; of these:
  499892 (100.00%) were unpaired; of these:
    28786 (5.76%) aligned 0 times
    396288 (79.27%) aligned exactly 1 time
    74818 (14.97%) aligned >1 times
94.24% overall alignment rate
Alignment completed.
Time elapsed (Alignment) [secs]: 4.398
Analyzing alignment ...
Writing alignment logfile ...
Plotting mapping quality ...
Plotting alignment scores ...
Alignment analysis completed.
Time elapsed (Alignment analysis) [secs]: 1.967
Read counting in progress ...
Counting reads per sgRNA ...
Counting reads per gene ...
Read counting completed.
Time elapsed (Read Counting) [secs]: 2.832
Removing raw alignment output...
Time elapsed (Clean-up) [secs]: 0.043
------------------------------------------------
Script completed.
Time elapsed (Total) [secs]: 9.497

Processing sample ToxB_1 ... 
++++++++++++++++++++++++++++++++++++++++++++++++
Aligning reads to library ...
499987 reads; of these:
  499987 (100.00%) were unpaired; of these:
    27292 (5.46%) aligned 0 times
    407470 (81.50%) aligned exactly 1 time
    65225 (13.05%) aligned >1 times
94.54% overall alignment rate
Alignment completed.
Time elapsed (Alignment) [secs]: 5.162
Analyzing alignment ...
Writing alignment logfile ...
Plotting mapping quality ...
Plotting alignment scores ...
Alignment analysis completed.
Time elapsed (Alignment analysis) [secs]: 1.943
Read counting in progress ...
Counting reads per sgRNA ...
Counting reads per gene ...
Read counting completed.
Time elapsed (Read Counting) [secs]: 2.744
Removing raw alignment output...
Time elapsed (Clean-up) [secs]: 0.042
------------------------------------------------
Script completed.
Time elapsed (Total) [secs]: 10.124

Processing sample ToxB_2 ... 
++++++++++++++++++++++++++++++++++++++++++++++++
Aligning reads to library ...
499999 reads; of these:
  499999 (100.00%) were unpaired; of these:
    28983 (5.80%) aligned 0 times
    406144 (81.23%) aligned exactly 1 time
    64872 (12.97%) aligned >1 times
94.20% overall alignment rate
Alignment completed.
Time elapsed (Alignment) [secs]: 4.339
Analyzing alignment ...
Writing alignment logfile ...
Plotting mapping quality ...
Plotting alignment scores ...
Alignment analysis completed.
Time elapsed (Alignment analysis) [secs]: 1.938
Read counting in progress ...
Counting reads per sgRNA ...
Counting reads per gene ...
Read counting completed.
Time elapsed (Read Counting) [secs]: 2.794
Removing raw alignment output...
Time elapsed (Clean-up) [secs]: 0.043
------------------------------------------------
Script completed.
Time elapsed (Total) [secs]: 9.358

Read alignments completed.




**************************************************
Normalizing read counts ...
**************************************************
++++++++++++++++++++++++++++++++++++++++++++++++
Normalizing to counts per million reads ...
Processing ToxB_2 ...
Processing ToxA_1 ...
Processing Control_1 ...
Processing Control_2 ...
Processing ToxA_2 ...
Processing ToxB_1 ...
------------------------------------------------
Script completed.
Time elapsed (Total) [secs]: 1.845

Normalization completed.




**************************************************
Analyzing read counts ...
**************************************************
Processing sample Control_1 ... 
++++++++++++++++++++++++++++++++++++++++++++++++
Computing Gini coefficients ... 
Gini Index (sgRNAs): 0.779
Gini Index (genes): 0.481
Plotting Lorenz curves ...
Generating boxplots...
Generating histograms...
Writing distribution file ... 
------------------------------------------------
Script completed.
Time elapsed (Total) [secs]: 1.566

Processing sample Control_2 ... 
++++++++++++++++++++++++++++++++++++++++++++++++
Computing Gini coefficients ... 
Gini Index (sgRNAs): 0.757
Gini Index (genes): 0.46
Plotting Lorenz curves ...
Generating boxplots...
Generating histograms...
Writing distribution file ... 
------------------------------------------------
Script completed.
Time elapsed (Total) [secs]: 1.755

Processing sample ToxA_1 ... 
++++++++++++++++++++++++++++++++++++++++++++++++
Computing Gini coefficients ... 
Gini Index (sgRNAs): 0.951
Gini Index (genes): 0.801
Plotting Lorenz curves ...
Generating boxplots...
Generating histograms...
Writing distribution file ... 
------------------------------------------------
Script completed.
Time elapsed (Total) [secs]: 1.708

Processing sample ToxA_2 ... 
++++++++++++++++++++++++++++++++++++++++++++++++
Computing Gini coefficients ... 
Gini Index (sgRNAs): 0.922
Gini Index (genes): 0.726
Plotting Lorenz curves ...
Generating boxplots...
Generating histograms...
Writing distribution file ... 
------------------------------------------------
Script completed.
Time elapsed (Total) [secs]: 1.614

Processing sample ToxB_1 ... 
++++++++++++++++++++++++++++++++++++++++++++++++
Computing Gini coefficients ... 
Gini Index (sgRNAs): 0.971
Gini Index (genes): 0.898
Plotting Lorenz curves ...
Generating boxplots...
Generating histograms...
Writing distribution file ... 
------------------------------------------------
Script completed.
Time elapsed (Total) [secs]: 1.484

Processing sample ToxB_2 ... 
++++++++++++++++++++++++++++++++++++++++++++++++
Computing Gini coefficients ... 
Gini Index (sgRNAs): 0.973
Gini Index (genes): 0.906
Plotting Lorenz curves ...
Generating boxplots...
Generating histograms...
Writing distribution file ... 
------------------------------------------------
Script completed.
Time elapsed (Total) [secs]: 1.473

Read count analysis completed.




**************************************************
Analyzing control distribution ...
**************************************************
++++++++++++++++++++++++++++++++++++++++++++++++
Reading control counts ...
Estimating mean and variance ...
Computing parameters of neg. binomial distribution ...
Writing dataframe ...
Generating dispersion plot ...
Generating log regression plot ...
------------------------------------------------
Script completed.
Time elapsed (Total) [secs]: 2.934

Control analysis completed.




**************************************************
sgRNA enrichment analysis ...
**************************************************
Processing sample ToxA_1 ... 
++++++++++++++++++++++++++++++++++++++++++++++++
Loading read counts ...
Computing fold-changes and p-values...
p-value correction ...
Plotting p-values ...
Writing results dataframe ...
------------------------------------------------
Script completed.
Time elapsed (Total) [secs]: 7.496

Processing sample ToxA_2 ... 
++++++++++++++++++++++++++++++++++++++++++++++++
Loading read counts ...
Computing fold-changes and p-values...
p-value correction ...
Plotting p-values ...
Writing results dataframe ...
------------------------------------------------
Script completed.
Time elapsed (Total) [secs]: 8.600

Processing sample ToxB_1 ... 
++++++++++++++++++++++++++++++++++++++++++++++++
Loading read counts ...
Computing fold-changes and p-values...
p-value correction ...
Plotting p-values ...
Writing results dataframe ...
------------------------------------------------
Script completed.
Time elapsed (Total) [secs]: 7.697

Processing sample ToxB_2 ... 
++++++++++++++++++++++++++++++++++++++++++++++++
Loading read counts ...
Computing fold-changes and p-values...
p-value correction ...
Plotting p-values ...
Writing results dataframe ...
------------------------------------------------
Script completed.
Time elapsed (Total) [secs]: 7.892

sgRNA enrichment analysis completed.




**************************************************
Read count scatterplots ...
**************************************************
Processing sample ToxA_1 ... 
++++++++++++++++++++++++++++++++++++++++++++++++
Reading counts ...
Log10 transformation ...
Generating scatterplot ...
------------------------------------------------
Script completed.
Time elapsed (Total) [secs]: 1.725

Processing sample ToxA_2 ... 
++++++++++++++++++++++++++++++++++++++++++++++++
Reading counts ...
Log10 transformation ...
Generating scatterplot ...
------------------------------------------------
Script completed.
Time elapsed (Total) [secs]: 1.707

Processing sample ToxB_1 ... 
++++++++++++++++++++++++++++++++++++++++++++++++
Reading counts ...
Log10 transformation ...
Generating scatterplot ...
------------------------------------------------
Script completed.
Time elapsed (Total) [secs]: 1.722

Processing sample ToxB_2 ... 
++++++++++++++++++++++++++++++++++++++++++++++++
Reading counts ...
Log10 transformation ...
Generating scatterplot ...
------------------------------------------------
Script completed.
Time elapsed (Total) [secs]: 1.741

Read count scatterplots completed.




**************************************************
Replicate correlation ...
**************************************************
Processing sample Control ... 
++++++++++++++++++++++++++++++++++++++++++++++++
Sample 1: Control_1 | Sample 2: Control_2
Reading counts ...
Log10 transformation ...
Computing correlation ...
Generating scatterplot ...
------------------------------------------------
Script completed.
Time elapsed (Total) [secs]: 1.784

Processing sample ToxB ... 
++++++++++++++++++++++++++++++++++++++++++++++++
Sample 1: ToxB_1 | Sample 2: ToxB_2
Reading counts ...
Log10 transformation ...
Computing correlation ...
Generating scatterplot ...
------------------------------------------------
Script completed.
Time elapsed (Total) [secs]: 1.771

Processing sample ToxA ... 
++++++++++++++++++++++++++++++++++++++++++++++++
Sample 1: ToxA_1 | Sample 2: ToxA_2
Reading counts ...
Log10 transformation ...
Computing correlation ...
Generating scatterplot ...
------------------------------------------------
Script completed.
Time elapsed (Total) [secs]: 1.769


Replicate correlation analysis completed.




**************************************************
Clustering analysis ...
**************************************************
++++++++++++++++++++++++++++++++++++++++++++++++
Loading read counts ...
Computing variance ...
Extracting top 25 most variable sgRNAs ...
Writing dataframe ...
Plotting heatmap ...
--------------------------------------------
KernSmooth 2.23 loaded
Copyright M. P. Wand 1997-2009

Attaching package: 'gplots'

The following object is masked from 'package:stats':

    lowess

--------------------------------------------
------------------------------------------------
Script completed.
Time elapsed (Total) [secs]: 2.472

Clustering analysis completed.




**************************************************
Gene ranking analysis ...
**************************************************
Processing sample ToxA_1 ... 
++++++++++++++++++++++++++++++++++++++++++++++++
Loading sgRNA enrichment table ...
Looking for sgRNAs with significant fold change ...
Computing aRRA scores ...
Time elapsed (aRRA Computation) [secs]: 3.772
Estimating aRRA null distribution (1000 Permutations)...
Time elapsed (aRRA Permutation) [secs]: 0.221
Computing aRRA p-values ...
Plotting p-values ...
Computing average fold change across sgRNAs ...
Writing results dataframe ...
------------------------------------------------
Script completed.
Time elapsed (Total) [secs]: 10.324


Processing sample ToxA_2 ... 
++++++++++++++++++++++++++++++++++++++++++++++++
Loading sgRNA enrichment table ...
Looking for sgRNAs with significant fold change ...
Computing aRRA scores ...
Time elapsed (aRRA Computation) [secs]: 3.812
Estimating aRRA null distribution (1000 Permutations)...
Time elapsed (aRRA Permutation) [secs]: 0.220
Computing aRRA p-values ...
Plotting p-values ...
Computing average fold change across sgRNAs ...
Writing results dataframe ...
------------------------------------------------
Script completed.
Time elapsed (Total) [secs]: 10.974


Processing sample ToxB_1 ... 
++++++++++++++++++++++++++++++++++++++++++++++++
Loading sgRNA enrichment table ...
Looking for sgRNAs with significant fold change ...
Computing aRRA scores ...
Time elapsed (aRRA Computation) [secs]: 3.613
Estimating aRRA null distribution (1000 Permutations)...
Time elapsed (aRRA Permutation) [secs]: 0.184
Computing aRRA p-values ...
Plotting p-values ...
Computing average fold change across sgRNAs ...
Writing results dataframe ...
------------------------------------------------
Script completed.
Time elapsed (Total) [secs]: 9.321


Processing sample ToxB_2 ... 
++++++++++++++++++++++++++++++++++++++++++++++++
Loading sgRNA enrichment table ...
Looking for sgRNAs with significant fold change ...
Computing aRRA scores ...
Time elapsed (aRRA Computation) [secs]: 3.501
Estimating aRRA null distribution (1000 Permutations)...
Time elapsed (aRRA Permutation) [secs]: 0.194
Computing aRRA p-values ...
Plotting p-values ...
Computing average fold change across sgRNAs ...
Writing results dataframe ...
------------------------------------------------
Script completed.
Time elapsed (Total) [secs]: 9.092


Gene ranking analysis completed.




**************************************************
PinAPL-Py completed.
Time elapsed [mins]: 3.699

