**************************************************
Launching PinAPL-Py v2.9
P. Spahn et al., UC San Diego (05/2019)
**************************************************


**************************************************
Running character sanity check ...
**************************************************
No special characters found.
Character sanity check completed.




**************************************************
Reading sample definition input ...
**************************************************
Found sample Control_1
Found sample Control_2
Found sample ToxA_1
Found sample ToxA_2
Found sample ToxB_1
Found sample ToxB_2
Sample definition completed.




**************************************************
Running sequence quality control ...
**************************************************
Started analysis of Control_R2_S15_L008_R1_001_x.fastq.gz
Approx 5% complete for Control_R2_S15_L008_R1_001_x.fastq.gz
Approx 10% complete for Control_R2_S15_L008_R1_001_x.fastq.gz
Approx 15% complete for Control_R2_S15_L008_R1_001_x.fastq.gz
Approx 20% complete for Control_R2_S15_L008_R1_001_x.fastq.gz
Approx 25% complete for Control_R2_S15_L008_R1_001_x.fastq.gz
Approx 30% complete for Control_R2_S15_L008_R1_001_x.fastq.gz
Approx 35% complete for Control_R2_S15_L008_R1_001_x.fastq.gz
Approx 40% complete for Control_R2_S15_L008_R1_001_x.fastq.gz
Approx 45% complete for Control_R2_S15_L008_R1_001_x.fastq.gz
Approx 50% complete for Control_R2_S15_L008_R1_001_x.fastq.gz
Approx 55% complete for Control_R2_S15_L008_R1_001_x.fastq.gz
Approx 60% complete for Control_R2_S15_L008_R1_001_x.fastq.gz
Approx 65% complete for Control_R2_S15_L008_R1_001_x.fastq.gz
Approx 70% complete for Control_R2_S15_L008_R1_001_x.fastq.gz
Approx 75% complete for Control_R2_S15_L008_R1_001_x.fastq.gz
Approx 80% complete for Control_R2_S15_L008_R1_001_x.fastq.gz
Approx 85% complete for Control_R2_S15_L008_R1_001_x.fastq.gz
Approx 90% complete for Control_R2_S15_L008_R1_001_x.fastq.gz
Approx 95% complete for Control_R2_S15_L008_R1_001_x.fastq.gz
Approx 100% complete for Control_R2_S15_L008_R1_001_x.fastq.gz
Analysis complete for Control_R2_S15_L008_R1_001_x.fastq.gz
Started analysis of ToxB_R1_98_S4_L008_R1_001_x.fastq.gz
Approx 5% complete for ToxB_R1_98_S4_L008_R1_001_x.fastq.gz
Approx 10% complete for ToxB_R1_98_S4_L008_R1_001_x.fastq.gz
Approx 15% complete for ToxB_R1_98_S4_L008_R1_001_x.fastq.gz
Approx 20% complete for ToxB_R1_98_S4_L008_R1_001_x.fastq.gz
Approx 25% complete for ToxB_R1_98_S4_L008_R1_001_x.fastq.gz
Approx 30% complete for ToxB_R1_98_S4_L008_R1_001_x.fastq.gz
Approx 35% complete for ToxB_R1_98_S4_L008_R1_001_x.fastq.gz
Approx 40% complete for ToxB_R1_98_S4_L008_R1_001_x.fastq.gz
Approx 45% complete for ToxB_R1_98_S4_L008_R1_001_x.fastq.gz
Approx 50% complete for ToxB_R1_98_S4_L008_R1_001_x.fastq.gz
Approx 55% complete for ToxB_R1_98_S4_L008_R1_001_x.fastq.gz
Approx 60% complete for ToxB_R1_98_S4_L008_R1_001_x.fastq.gz
Approx 65% complete for ToxB_R1_98_S4_L008_R1_001_x.fastq.gz
Approx 70% complete for ToxB_R1_98_S4_L008_R1_001_x.fastq.gz
Approx 75% complete for ToxB_R1_98_S4_L008_R1_001_x.fastq.gz
Approx 80% complete for ToxB_R1_98_S4_L008_R1_001_x.fastq.gz
Approx 85% complete for ToxB_R1_98_S4_L008_R1_001_x.fastq.gz
Approx 90% complete for ToxB_R1_98_S4_L008_R1_001_x.fastq.gz
Approx 95% complete for ToxB_R1_98_S4_L008_R1_001_x.fastq.gz
Approx 100% complete for ToxB_R1_98_S4_L008_R1_001_x.fastq.gz
Analysis complete for ToxB_R1_98_S4_L008_R1_001_x.fastq.gz
Started analysis of ToxB_R2_S4_L005_R1_001_x.fastq.gz
Approx 5% complete for ToxB_R2_S4_L005_R1_001_x.fastq.gz
Approx 10% complete for ToxB_R2_S4_L005_R1_001_x.fastq.gz
Approx 15% complete for ToxB_R2_S4_L005_R1_001_x.fastq.gz
Approx 20% complete for ToxB_R2_S4_L005_R1_001_x.fastq.gz
Approx 25% complete for ToxB_R2_S4_L005_R1_001_x.fastq.gz
Approx 30% complete for ToxB_R2_S4_L005_R1_001_x.fastq.gz
Approx 35% complete for ToxB_R2_S4_L005_R1_001_x.fastq.gz
Approx 40% complete for ToxB_R2_S4_L005_R1_001_x.fastq.gz
Approx 45% complete for ToxB_R2_S4_L005_R1_001_x.fastq.gz
Approx 50% complete for ToxB_R2_S4_L005_R1_001_x.fastq.gz
Approx 55% complete for ToxB_R2_S4_L005_R1_001_x.fastq.gz
Approx 60% complete for ToxB_R2_S4_L005_R1_001_x.fastq.gz
Approx 65% complete for ToxB_R2_S4_L005_R1_001_x.fastq.gz
Approx 70% complete for ToxB_R2_S4_L005_R1_001_x.fastq.gz
Approx 75% complete for ToxB_R2_S4_L005_R1_001_x.fastq.gz
Approx 80% complete for ToxB_R2_S4_L005_R1_001_x.fastq.gz
Approx 85% complete for ToxB_R2_S4_L005_R1_001_x.fastq.gz
Approx 90% complete for ToxB_R2_S4_L005_R1_001_x.fastq.gz
Approx 95% complete for ToxB_R2_S4_L005_R1_001_x.fastq.gz
Approx 100% complete for ToxB_R2_S4_L005_R1_001_x.fastq.gz
Analysis complete for ToxB_R2_S4_L005_R1_001_x.fastq.gz
Started analysis of ToxA_R1_98_S2_L008_R1_001_x.fastq.gz
Approx 5% complete for ToxA_R1_98_S2_L008_R1_001_x.fastq.gz
Approx 10% complete for ToxA_R1_98_S2_L008_R1_001_x.fastq.gz
Approx 15% complete for ToxA_R1_98_S2_L008_R1_001_x.fastq.gz
Approx 20% complete for ToxA_R1_98_S2_L008_R1_001_x.fastq.gz
Approx 25% complete for ToxA_R1_98_S2_L008_R1_001_x.fastq.gz
Approx 30% complete for ToxA_R1_98_S2_L008_R1_001_x.fastq.gz
Approx 35% complete for ToxA_R1_98_S2_L008_R1_001_x.fastq.gz
Approx 40% complete for ToxA_R1_98_S2_L008_R1_001_x.fastq.gz
Approx 45% complete for ToxA_R1_98_S2_L008_R1_001_x.fastq.gz
Approx 50% complete for ToxA_R1_98_S2_L008_R1_001_x.fastq.gz
Approx 55% complete for ToxA_R1_98_S2_L008_R1_001_x.fastq.gz
Approx 60% complete for ToxA_R1_98_S2_L008_R1_001_x.fastq.gz
Approx 65% complete for ToxA_R1_98_S2_L008_R1_001_x.fastq.gz
Approx 70% complete for ToxA_R1_98_S2_L008_R1_001_x.fastq.gz
Approx 75% complete for ToxA_R1_98_S2_L008_R1_001_x.fastq.gz
Approx 80% complete for ToxA_R1_98_S2_L008_R1_001_x.fastq.gz
Approx 85% complete for ToxA_R1_98_S2_L008_R1_001_x.fastq.gz
Approx 90% complete for ToxA_R1_98_S2_L008_R1_001_x.fastq.gz
Approx 95% complete for ToxA_R1_98_S2_L008_R1_001_x.fastq.gz
Approx 100% complete for ToxA_R1_98_S2_L008_R1_001_x.fastq.gz
Analysis complete for ToxA_R1_98_S2_L008_R1_001_x.fastq.gz
Started analysis of Control_R1_S14_L008_R1_001_x.fastq.gz
Approx 5% complete for Control_R1_S14_L008_R1_001_x.fastq.gz
Approx 10% complete for Control_R1_S14_L008_R1_001_x.fastq.gz
Approx 15% complete for Control_R1_S14_L008_R1_001_x.fastq.gz
Approx 20% complete for Control_R1_S14_L008_R1_001_x.fastq.gz
Approx 25% complete for Control_R1_S14_L008_R1_001_x.fastq.gz
Approx 30% complete for Control_R1_S14_L008_R1_001_x.fastq.gz
Approx 35% complete for Control_R1_S14_L008_R1_001_x.fastq.gz
Approx 40% complete for Control_R1_S14_L008_R1_001_x.fastq.gz
Approx 45% complete for Control_R1_S14_L008_R1_001_x.fastq.gz
Approx 50% complete for Control_R1_S14_L008_R1_001_x.fastq.gz
Approx 55% complete for Control_R1_S14_L008_R1_001_x.fastq.gz
Approx 60% complete for Control_R1_S14_L008_R1_001_x.fastq.gz
Approx 65% complete for Control_R1_S14_L008_R1_001_x.fastq.gz
Approx 70% complete for Control_R1_S14_L008_R1_001_x.fastq.gz
Approx 75% complete for Control_R1_S14_L008_R1_001_x.fastq.gz
Approx 80% complete for Control_R1_S14_L008_R1_001_x.fastq.gz
Approx 85% complete for Control_R1_S14_L008_R1_001_x.fastq.gz
Approx 90% complete for Control_R1_S14_L008_R1_001_x.fastq.gz
Approx 95% complete for Control_R1_S14_L008_R1_001_x.fastq.gz
Approx 100% complete for Control_R1_S14_L008_R1_001_x.fastq.gz
Analysis complete for Control_R1_S14_L008_R1_001_x.fastq.gz
Started analysis of ToxA_R2_S2_L005_R1_001_x.fastq.gz
Approx 5% complete for ToxA_R2_S2_L005_R1_001_x.fastq.gz
Approx 10% complete for ToxA_R2_S2_L005_R1_001_x.fastq.gz
Approx 15% complete for ToxA_R2_S2_L005_R1_001_x.fastq.gz
Approx 20% complete for ToxA_R2_S2_L005_R1_001_x.fastq.gz
Approx 25% complete for ToxA_R2_S2_L005_R1_001_x.fastq.gz
Approx 30% complete for ToxA_R2_S2_L005_R1_001_x.fastq.gz
Approx 35% complete for ToxA_R2_S2_L005_R1_001_x.fastq.gz
Approx 40% complete for ToxA_R2_S2_L005_R1_001_x.fastq.gz
Approx 45% complete for ToxA_R2_S2_L005_R1_001_x.fastq.gz
Approx 50% complete for ToxA_R2_S2_L005_R1_001_x.fastq.gz
Approx 55% complete for ToxA_R2_S2_L005_R1_001_x.fastq.gz
Approx 60% complete for ToxA_R2_S2_L005_R1_001_x.fastq.gz
Approx 65% complete for ToxA_R2_S2_L005_R1_001_x.fastq.gz
Approx 70% complete for ToxA_R2_S2_L005_R1_001_x.fastq.gz
Approx 75% complete for ToxA_R2_S2_L005_R1_001_x.fastq.gz
Approx 80% complete for ToxA_R2_S2_L005_R1_001_x.fastq.gz
Approx 85% complete for ToxA_R2_S2_L005_R1_001_x.fastq.gz
Approx 90% complete for ToxA_R2_S2_L005_R1_001_x.fastq.gz
Approx 95% complete for ToxA_R2_S2_L005_R1_001_x.fastq.gz
Approx 100% complete for ToxA_R2_S2_L005_R1_001_x.fastq.gz
Analysis complete for ToxA_R2_S2_L005_R1_001_x.fastq.gz
------------------------------------------------
Script completed.
Time elapsed (Quality control) [secs]: 43.755

Sequence quality control completed.




**************************************************
Trimming reads ...
**************************************************
Loading Control_R2_S15_L008_R1_001_x.fastq.gz
Loading ToxB_R1_98_S4_L008_R1_001_x.fastq.gz
Loading ToxB_R2_S4_L005_R1_001_x.fastq.gz
Loading ToxA_R1_98_S2_L008_R1_001_x.fastq.gz
Loading Control_R1_S14_L008_R1_001_x.fastq.gz
Loading ToxA_R2_S2_L005_R1_001_x.fastq.gz
Removing adapters ...
Extracting 20 bp sgRNA sequences ...
Adapter removal completed.
Writing logfiles...
------------------------------------------------
Script completed.
Time elapsed (Read trimming) [secs]: 25.356

Read trimming completed.




**************************************************
Mapping reads to library ...
**************************************************
Processing sample Control_1 ... 
++++++++++++++++++++++++++++++++++++++++++++++++
Aligning reads to library ...
499804 reads; of these:
  499804 (100.00%) were unpaired; of these:
    26942 (5.39%) aligned 0 times
    408554 (81.74%) aligned exactly 1 time
    64308 (12.87%) aligned >1 times
94.61% overall alignment rate
Alignment completed.
Time elapsed (Alignment) [secs]: 6.165
------------------------------------------------
Script completed.
Time elapsed (Total) [secs]: 7.021

Processing sample Control_2 ... 
++++++++++++++++++++++++++++++++++++++++++++++++
Aligning reads to library ...
499792 reads; of these:
  499792 (100.00%) were unpaired; of these:
    28504 (5.70%) aligned 0 times
    405699 (81.17%) aligned exactly 1 time
    65589 (13.12%) aligned >1 times
94.30% overall alignment rate
Alignment completed.
Time elapsed (Alignment) [secs]: 6.298
------------------------------------------------
Script completed.
Time elapsed (Total) [secs]: 6.699

Processing sample ToxA_1 ... 
++++++++++++++++++++++++++++++++++++++++++++++++
Aligning reads to library ...
499290 reads; of these:
  499290 (100.00%) were unpaired; of these:
    21646 (4.34%) aligned 0 times
    411555 (82.43%) aligned exactly 1 time
    66089 (13.24%) aligned >1 times
95.66% overall alignment rate
Alignment completed.
Time elapsed (Alignment) [secs]: 6.515
------------------------------------------------
Script completed.
Time elapsed (Total) [secs]: 7.012

Processing sample ToxA_2 ... 
++++++++++++++++++++++++++++++++++++++++++++++++
Aligning reads to library ...
499892 reads; of these:
  499892 (100.00%) were unpaired; of these:
    28785 (5.76%) aligned 0 times
    405753 (81.17%) aligned exactly 1 time
    65354 (13.07%) aligned >1 times
94.24% overall alignment rate
Alignment completed.
Time elapsed (Alignment) [secs]: 6.608
------------------------------------------------
Script completed.
Time elapsed (Total) [secs]: 7.067

Processing sample ToxB_1 ... 
++++++++++++++++++++++++++++++++++++++++++++++++
Aligning reads to library ...
499987 reads; of these:
  499987 (100.00%) were unpaired; of these:
    27292 (5.46%) aligned 0 times
    414621 (82.93%) aligned exactly 1 time
    58074 (11.62%) aligned >1 times
94.54% overall alignment rate
Alignment completed.
Time elapsed (Alignment) [secs]: 6.334
------------------------------------------------
Script completed.
Time elapsed (Total) [secs]: 6.778

Processing sample ToxB_2 ... 
++++++++++++++++++++++++++++++++++++++++++++++++
Aligning reads to library ...
499999 reads; of these:
  499999 (100.00%) were unpaired; of these:
    28983 (5.80%) aligned 0 times
    413396 (82.68%) aligned exactly 1 time
    57620 (11.52%) aligned >1 times
94.20% overall alignment rate
Alignment completed.
Time elapsed (Alignment) [secs]: 5.792
------------------------------------------------
Script completed.
Time elapsed (Total) [secs]: 6.199

Read alignments completed.




**************************************************
Collecting read counts ...
**************************************************
Processing sample Control_1 ... 
++++++++++++++++++++++++++++++++++++++++++++++++
Loading alignment ...
Applying matching threshold ...
Applying ambiguity threshold ...
*** Successfully mapped reads: 337067 (67.4%) ***
Writing alignment logfile ...
Plotting mapping quality ...
Plotting alignment scores ...
------------------------------------------------
Script completed.
Time elapsed [secs]: 4.861

Processing sample Control_2 ... 
++++++++++++++++++++++++++++++++++++++++++++++++
Loading alignment ...
Applying matching threshold ...
Applying ambiguity threshold ...
*** Successfully mapped reads: 335865 (67.3%) ***
Writing alignment logfile ...
Plotting mapping quality ...
Plotting alignment scores ...
------------------------------------------------
Script completed.
Time elapsed [secs]: 4.524

Processing sample ToxA_1 ... 
++++++++++++++++++++++++++++++++++++++++++++++++
Loading alignment ...
Applying matching threshold ...
Applying ambiguity threshold ...
*** Successfully mapped reads: 342137 (68.5%) ***
Writing alignment logfile ...
Plotting mapping quality ...
Plotting alignment scores ...
------------------------------------------------
Script completed.
Time elapsed [secs]: 4.552

Processing sample ToxA_2 ... 
++++++++++++++++++++++++++++++++++++++++++++++++
Loading alignment ...
Applying matching threshold ...
Applying ambiguity threshold ...
*** Successfully mapped reads: 334267 (66.9%) ***
Writing alignment logfile ...
Plotting mapping quality ...
Plotting alignment scores ...
------------------------------------------------
Script completed.
Time elapsed [secs]: 4.556

Processing sample ToxB_1 ... 
++++++++++++++++++++++++++++++++++++++++++++++++
Loading alignment ...
Applying matching threshold ...
Applying ambiguity threshold ...
*** Successfully mapped reads: 354859 (71.0%) ***
Writing alignment logfile ...
Plotting mapping quality ...
Plotting alignment scores ...
------------------------------------------------
Script completed.
Time elapsed [secs]: 4.457

Processing sample ToxB_2 ... 
++++++++++++++++++++++++++++++++++++++++++++++++
Loading alignment ...
Applying matching threshold ...
Applying ambiguity threshold ...
*** Successfully mapped reads: 353732 (70.8%) ***
Writing alignment logfile ...
Plotting mapping quality ...
Plotting alignment scores ...
------------------------------------------------
Script completed.
Time elapsed [secs]: 4.314

Read count acquisition completed.




**************************************************
Clearing temporary alignment files ...
**************************************************
Removing raw alignment output...
Time elapsed [secs]: 0.068
Alignment output processing completed.




**************************************************
Averaging read counts over replicates ...
**************************************************
Processing Control ...
Averaging read counts over 2 replicates ...
------------------------------------------------
Script completed.
Time elapsed [secs]: 7.449

Processing ToxB ...
Averaging read counts over 2 replicates ...
------------------------------------------------
Script completed.
Time elapsed [secs]: 7.904

Processing ToxA ...
Averaging read counts over 2 replicates ...
------------------------------------------------
Script completed.
Time elapsed [secs]: 7.270

Read count averaging completed.




**************************************************
Normalizing read counts ...
**************************************************
++++++++++++++++++++++++++++++++++++++++++++++++
Normalizing to counts per million reads ...
Processing file ToxA_1_GuideCounts.txt ...
Processing file Control_2_GuideCounts.txt ...
Processing file ToxA_avg_GuideCounts.txt ...
Processing file ToxA_2_GuideCounts.txt ...
Processing file Control_1_GuideCounts.txt ...
Processing file ToxB_2_GuideCounts.txt ...
Processing file Control_avg_GuideCounts.txt ...
Processing file ToxB_avg_GuideCounts.txt ...
Processing file ToxB_1_GuideCounts.txt ...
Processing file Control_2_GeneCounts.txt ...
Processing file Control_1_GeneCounts.txt ...
Processing file ToxB_2_GeneCounts.txt ...
Processing file ToxB_avg_GeneCounts.txt ...
Processing file ToxB_1_GeneCounts.txt ...
Processing file ToxA_1_GeneCounts.txt ...
Processing file Control_avg_GeneCounts.txt ...
Processing file ToxA_avg_GeneCounts.txt ...
Processing file ToxA_2_GeneCounts.txt ...
------------------------------------------------
Script completed.
Time elapsed (Total) [secs]: 4.439

Read count normalization completed.




**************************************************
Analyzing sgRNA read count distribution ...
**************************************************
Processing sample ToxA_1 ... 
++++++++++++++++++++++++++++++++++++++++++++++++
Computing Gini coefficients ... 
Gini Index (sgRNAs): 0.95
Gini Index (genes): 0.797
Plotting Lorenz curves ...
Generating boxplots...
Generating histograms...
Writing distribution file ... 
------------------------------------------------
Script completed.
Time elapsed [secs]: 2.466

Processing sample Control_2 ... 
++++++++++++++++++++++++++++++++++++++++++++++++
Computing Gini coefficients ... 
Gini Index (sgRNAs): 0.752
Gini Index (genes): 0.445
Plotting Lorenz curves ...
Generating boxplots...
Generating histograms...
Writing distribution file ... 
------------------------------------------------
Script completed.
Time elapsed [secs]: 2.222

Processing sample ToxA_avg ... 
++++++++++++++++++++++++++++++++++++++++++++++++
Computing Gini coefficients ... 
Gini Index (sgRNAs): 0.93
Gini Index (genes): 0.75
Plotting Lorenz curves ...
Generating boxplots...
Generating histograms...
Writing distribution file ... 
------------------------------------------------
Script completed.
Time elapsed [secs]: 2.233

Processing sample ToxA_2 ... 
++++++++++++++++++++++++++++++++++++++++++++++++
Computing Gini coefficients ... 
Gini Index (sgRNAs): 0.92
Gini Index (genes): 0.72
Plotting Lorenz curves ...
Generating boxplots...
Generating histograms...
Writing distribution file ... 
------------------------------------------------
Script completed.
Time elapsed [secs]: 2.189

Processing sample Control_1 ... 
++++++++++++++++++++++++++++++++++++++++++++++++
Computing Gini coefficients ... 
Gini Index (sgRNAs): 0.774
Gini Index (genes): 0.467
Plotting Lorenz curves ...
Generating boxplots...
Generating histograms...
Writing distribution file ... 
------------------------------------------------
Script completed.
Time elapsed [secs]: 2.262

Processing sample ToxB_2 ... 
++++++++++++++++++++++++++++++++++++++++++++++++
Computing Gini coefficients ... 
Gini Index (sgRNAs): 0.972
Gini Index (genes): 0.904
Plotting Lorenz curves ...
Generating boxplots...
Generating histograms...
Writing distribution file ... 
------------------------------------------------
Script completed.
Time elapsed [secs]: 2.206

Processing sample Control_avg ... 
++++++++++++++++++++++++++++++++++++++++++++++++
Computing Gini coefficients ... 
Gini Index (sgRNAs): 0.664
Gini Index (genes): 0.374
Plotting Lorenz curves ...
Generating boxplots...
Generating histograms...
Writing distribution file ... 
------------------------------------------------
Script completed.
Time elapsed [secs]: 2.198

Processing sample ToxB_avg ... 
++++++++++++++++++++++++++++++++++++++++++++++++
Computing Gini coefficients ... 
Gini Index (sgRNAs): 0.968
Gini Index (genes): 0.895
Plotting Lorenz curves ...
Generating boxplots...
Generating histograms...
Writing distribution file ... 
------------------------------------------------
Script completed.
Time elapsed [secs]: 2.208

Processing sample ToxB_1 ... 
++++++++++++++++++++++++++++++++++++++++++++++++
Computing Gini coefficients ... 
Gini Index (sgRNAs): 0.971
Gini Index (genes): 0.895
Plotting Lorenz curves ...
Generating boxplots...
Generating histograms...
Writing distribution file ... 
------------------------------------------------
Script completed.
Time elapsed [secs]: 2.209

Read count distribution analysis completed.




**************************************************
Analyzing control samples ...
**************************************************
++++++++++++++++++++++++++++++++++++++++++++++++
Reading sgRNA counts ...
Estimating mean and variance ...
Overdispersion detected at p=0.0. Choosing negative binomial model ...
Computing distribution parameters ...
Writing dataframe ...
Generating dispersion plot ...
Generating log regression plot ...
------------------------------------------------
Script completed.
Time elapsed (Total) [secs]: 6.341

Control sample analysis completed.




**************************************************
sgRNA enrichment analysis ...
**************************************************
Processing sample ToxA_1 ... 
++++++++++++++++++++++++++++++++++++++++++++++++
Loading sgRNA read counts ...
Computing fold-changes ...
Computing p-values (Neg. Binomial model) ...
Multiple tests correction ...
Plotting p-value histogram ...
Writing results dataframe ...
Converting to xlsx ...
------------------------------------------------
Script completed.
Time elapsed [mins]: 2.711

Processing sample ToxA_avg ... 
++++++++++++++++++++++++++++++++++++++++++++++++
Loading sgRNA read counts ...
Computing fold-changes ...
Computing p-values (Neg. Binomial model) ...
Multiple tests correction ...
Plotting p-value histogram ...
Writing results dataframe ...
Converting to xlsx ...
------------------------------------------------
Script completed.
Time elapsed [mins]: 2.730

Processing sample ToxA_2 ... 
++++++++++++++++++++++++++++++++++++++++++++++++
Loading sgRNA read counts ...
Computing fold-changes ...
Computing p-values (Neg. Binomial model) ...
Multiple tests correction ...
Plotting p-value histogram ...
Writing results dataframe ...
Converting to xlsx ...
------------------------------------------------
Script completed.
Time elapsed [mins]: 2.719

Processing sample ToxB_2 ... 
++++++++++++++++++++++++++++++++++++++++++++++++
Loading sgRNA read counts ...
Computing fold-changes ...
Computing p-values (Neg. Binomial model) ...
Multiple tests correction ...
Plotting p-value histogram ...
Writing results dataframe ...
Converting to xlsx ...
------------------------------------------------
Script completed.
Time elapsed [mins]: 2.715

Processing sample ToxB_avg ... 
++++++++++++++++++++++++++++++++++++++++++++++++
Loading sgRNA read counts ...
Computing fold-changes ...
Computing p-values (Neg. Binomial model) ...
Multiple tests correction ...
Plotting p-value histogram ...
Writing results dataframe ...
Converting to xlsx ...
------------------------------------------------
Script completed.
Time elapsed [mins]: 2.735

Processing sample ToxB_1 ... 
++++++++++++++++++++++++++++++++++++++++++++++++
Loading sgRNA read counts ...
Computing fold-changes ...
Computing p-values (Neg. Binomial model) ...
Multiple tests correction ...
Plotting p-value histogram ...
Writing results dataframe ...
Converting to xlsx ...
------------------------------------------------
Script completed.
Time elapsed [mins]: 2.695

sgRNA enrichment analysis completed.




**************************************************
Plotting sgRNA read counts ...
**************************************************
Processing sample ToxA_1 ... 
++++++++++++++++++++++++++++++++++++++++++++++++
Reading sgRNA read counts ...
Log10 transformation ...
Generating scatterplot ...
------------------------------------------------
Script completed.
Time elapsed (Total) [secs]: 2.853

++++++++++++++++++++++++++++++++++++++++++++++++
Reading sgRNA read counts ...
Computing fold-change z-scores ...
Generating z-score plot ...
------------------------------------------------
Script completed.
Time elapsed (Total) [secs]: 2.846

++++++++++++++++++++++++++++++++++++++++++++++++
Reading sgRNA read counts ...
Log transformation ...
Generating volcano plot ...
------------------------------------------------
Script completed.
Time elapsed (Total) [secs]: 2.721

Processing sample ToxA_avg ... 
++++++++++++++++++++++++++++++++++++++++++++++++
Reading sgRNA read counts ...
Log10 transformation ...
Generating scatterplot ...
------------------------------------------------
Script completed.
Time elapsed (Total) [secs]: 2.928

++++++++++++++++++++++++++++++++++++++++++++++++
Reading sgRNA read counts ...
Computing fold-change z-scores ...
Generating z-score plot ...
------------------------------------------------
Script completed.
Time elapsed (Total) [secs]: 2.878

++++++++++++++++++++++++++++++++++++++++++++++++
Reading sgRNA read counts ...
Log transformation ...
Generating volcano plot ...
------------------------------------------------
Script completed.
Time elapsed (Total) [secs]: 2.742

Processing sample ToxA_2 ... 
++++++++++++++++++++++++++++++++++++++++++++++++
Reading sgRNA read counts ...
Log10 transformation ...
Generating scatterplot ...
------------------------------------------------
Script completed.
Time elapsed (Total) [secs]: 2.879

++++++++++++++++++++++++++++++++++++++++++++++++
Reading sgRNA read counts ...
Computing fold-change z-scores ...
Generating z-score plot ...
------------------------------------------------
Script completed.
Time elapsed (Total) [secs]: 2.800

++++++++++++++++++++++++++++++++++++++++++++++++
Reading sgRNA read counts ...
Log transformation ...
Generating volcano plot ...
------------------------------------------------
Script completed.
Time elapsed (Total) [secs]: 2.723

Processing sample ToxB_2 ... 
++++++++++++++++++++++++++++++++++++++++++++++++
Reading sgRNA read counts ...
Log10 transformation ...
Generating scatterplot ...
------------------------------------------------
Script completed.
Time elapsed (Total) [secs]: 2.912

++++++++++++++++++++++++++++++++++++++++++++++++
Reading sgRNA read counts ...
Computing fold-change z-scores ...
Generating z-score plot ...
------------------------------------------------
Script completed.
Time elapsed (Total) [secs]: 2.855

++++++++++++++++++++++++++++++++++++++++++++++++
Reading sgRNA read counts ...
Log transformation ...
Generating volcano plot ...
------------------------------------------------
Script completed.
Time elapsed (Total) [secs]: 2.750

Processing sample ToxB_avg ... 
++++++++++++++++++++++++++++++++++++++++++++++++
Reading sgRNA read counts ...
Log10 transformation ...
Generating scatterplot ...
------------------------------------------------
Script completed.
Time elapsed (Total) [secs]: 2.939

++++++++++++++++++++++++++++++++++++++++++++++++
Reading sgRNA read counts ...
Computing fold-change z-scores ...
Generating z-score plot ...
------------------------------------------------
Script completed.
Time elapsed (Total) [secs]: 2.877

++++++++++++++++++++++++++++++++++++++++++++++++
Reading sgRNA read counts ...
Log transformation ...
Generating volcano plot ...
------------------------------------------------
Script completed.
Time elapsed (Total) [secs]: 2.702

Processing sample ToxB_1 ... 
++++++++++++++++++++++++++++++++++++++++++++++++
Reading sgRNA read counts ...
Log10 transformation ...
Generating scatterplot ...
------------------------------------------------
Script completed.
Time elapsed (Total) [secs]: 2.930

++++++++++++++++++++++++++++++++++++++++++++++++
Reading sgRNA read counts ...
Computing fold-change z-scores ...
Generating z-score plot ...
------------------------------------------------
Script completed.
Time elapsed (Total) [secs]: 2.995

++++++++++++++++++++++++++++++++++++++++++++++++
Reading sgRNA read counts ...
Log transformation ...
Generating volcano plot ...
------------------------------------------------
Script completed.
Time elapsed (Total) [secs]: 3.040

Read count scatterplots completed.




**************************************************
Plotting sgRNA read counts densities ...
**************************************************
Processing sample ToxA_1 ... 
++++++++++++++++++++++++++++++++++++++++++++++++
Reading sgRNA read counts ...
Log10 transformation ...
Generating density plot ...
------------------------------------------------
Script completed.
Time elapsed (Total) [secs]: 59.401

Processing sample ToxA_avg ... 
++++++++++++++++++++++++++++++++++++++++++++++++
Reading sgRNA read counts ...
Log10 transformation ...
Generating density plot ...
------------------------------------------------
Script completed.
Time elapsed (Total) [secs]: 59.106

Processing sample ToxA_2 ... 
++++++++++++++++++++++++++++++++++++++++++++++++
Reading sgRNA read counts ...
Log10 transformation ...
Generating density plot ...
------------------------------------------------
Script completed.
Time elapsed (Total) [secs]: 59.857

Processing sample ToxB_2 ... 
++++++++++++++++++++++++++++++++++++++++++++++++
Reading sgRNA read counts ...
Log10 transformation ...
Generating density plot ...
------------------------------------------------
Script completed.
Time elapsed (Total) [secs]: 59.922

Processing sample ToxB_avg ... 
++++++++++++++++++++++++++++++++++++++++++++++++
Reading sgRNA read counts ...
Log10 transformation ...
Generating density plot ...
------------------------------------------------
Script completed.
Time elapsed (Total) [mins]: 1.015

Processing sample ToxB_1 ... 
++++++++++++++++++++++++++++++++++++++++++++++++
Reading sgRNA read counts ...
Log10 transformation ...
Generating density plot ...
------------------------------------------------
Script completed.
Time elapsed (Total) [secs]: 59.790

Density plots completed.




**************************************************
Analyzing replicate correlation ...
**************************************************
Processing sample Control ... 
++++++++++++++++++++++++++++++++++++++++++++++++
Sample 1: Control_1 | Sample 2: Control_2
Reading sgRNA counts ...
Log10 transformation ...
Computing correlation ...
Generating scatterplot ...
------------------------------------------------
Script completed.
Time elapsed (Total) [secs]: 3.034

Processing sample ToxB ... 
++++++++++++++++++++++++++++++++++++++++++++++++
Sample 1: ToxB_1 | Sample 2: ToxB_2
Reading sgRNA counts ...
Log10 transformation ...
Computing correlation ...
Generating scatterplot ...
------------------------------------------------
Script completed.
Time elapsed (Total) [secs]: 3.072

Processing sample ToxA ... 
++++++++++++++++++++++++++++++++++++++++++++++++
Sample 1: ToxA_1 | Sample 2: ToxA_2
Reading sgRNA counts ...
Log10 transformation ...
Computing correlation ...
Generating scatterplot ...
------------------------------------------------
Script completed.
Time elapsed (Total) [secs]: 3.075

Replicate correlation analysis completed.




**************************************************
Analyzing sample clusters ...
**************************************************
++++++++++++++++++++++++++++++++++++++++++++++++
Loading read counts ...
Computing variance ...
Extracting top 25 most variable sgRNAs ...
Writing dataframe ...
Plotting heatmap ...
--------------------------------------------
KernSmooth 2.23 loaded
Copyright M. P. Wand 1997-2009

Attaching package: 'gplots'

The following object is masked from 'package:stats':

    lowess

--------------------------------------------
------------------------------------------------
Script completed.
Time elapsed (Total) [secs]: 5.577

Clustering analysis completed.




**************************************************
Gene ranking ...
**************************************************
Processing sample ToxA_1 ... 
++++++++++++++++++++++++++++++++++++++++++++++++
Loading sgRNA enrichment table ...
Looking for sgRNAs with significant fold change ...
Reading sgRNA counts ...
Computing accumulated fold-change scores ...
Estimating null distribution (10000 permutations)...
Plotting gene metric p-value distribution...
Writing results dataframe ...
Converting to xlsx ...
------------------------------------------------
Script completed.
Time elapsed [secs]: 35.491

Processing sample ToxA_avg ... 
++++++++++++++++++++++++++++++++++++++++++++++++
Loading sgRNA enrichment table ...
Looking for sgRNAs with significant fold change ...
Reading sgRNA counts ...
Computing accumulated fold-change scores ...
Estimating null distribution (10000 permutations)...
Plotting gene metric p-value distribution...
Writing results dataframe ...
Converting to xlsx ...
------------------------------------------------
Script completed.
Time elapsed [secs]: 35.249

Processing sample ToxA_2 ... 
++++++++++++++++++++++++++++++++++++++++++++++++
Loading sgRNA enrichment table ...
Looking for sgRNAs with significant fold change ...
Reading sgRNA counts ...
Computing accumulated fold-change scores ...
Estimating null distribution (10000 permutations)...
Plotting gene metric p-value distribution...
Writing results dataframe ...
Converting to xlsx ...
------------------------------------------------
Script completed.
Time elapsed [secs]: 35.778

Processing sample ToxB_2 ... 
++++++++++++++++++++++++++++++++++++++++++++++++
Loading sgRNA enrichment table ...
Looking for sgRNAs with significant fold change ...
Reading sgRNA counts ...
Computing accumulated fold-change scores ...
Estimating null distribution (10000 permutations)...
Plotting gene metric p-value distribution...
Writing results dataframe ...
Converting to xlsx ...
------------------------------------------------
Script completed.
Time elapsed [secs]: 31.307

Processing sample ToxB_avg ... 
++++++++++++++++++++++++++++++++++++++++++++++++
Loading sgRNA enrichment table ...
Looking for sgRNAs with significant fold change ...
Reading sgRNA counts ...
Computing accumulated fold-change scores ...
Estimating null distribution (10000 permutations)...
Plotting gene metric p-value distribution...
Writing results dataframe ...
Converting to xlsx ...
------------------------------------------------
Script completed.
Time elapsed [secs]: 32.748

Processing sample ToxB_1 ... 
++++++++++++++++++++++++++++++++++++++++++++++++
Loading sgRNA enrichment table ...
Looking for sgRNAs with significant fold change ...
Reading sgRNA counts ...
Computing accumulated fold-change scores ...
Estimating null distribution (10000 permutations)...
Plotting gene metric p-value distribution...
Writing results dataframe ...
Converting to xlsx ...
------------------------------------------------
Script completed.
Time elapsed [secs]: 31.696

Gene ranking completed.




**************************************************
Plotting gene ranks ...
**************************************************
Processing sample ToxA_1 ... 
++++++++++++++++++++++++++++++++++++++++++++++++
Reading gene ranking data....
Plotting SigmaFC scores ...
------------------------------------------------
Script completed.
Time elapsed (Total) [secs]: 2.225

Processing sample ToxA_avg ... 
++++++++++++++++++++++++++++++++++++++++++++++++
Reading gene ranking data....
Plotting SigmaFC scores ...
------------------------------------------------
Script completed.
Time elapsed (Total) [secs]: 2.285

Processing sample ToxA_2 ... 
++++++++++++++++++++++++++++++++++++++++++++++++
Reading gene ranking data....
Plotting SigmaFC scores ...
------------------------------------------------
Script completed.
Time elapsed (Total) [secs]: 2.238

Processing sample ToxB_2 ... 
++++++++++++++++++++++++++++++++++++++++++++++++
Reading gene ranking data....
Plotting SigmaFC scores ...
------------------------------------------------
Script completed.
Time elapsed (Total) [secs]: 2.431

Processing sample ToxB_avg ... 
++++++++++++++++++++++++++++++++++++++++++++++++
Reading gene ranking data....
Plotting SigmaFC scores ...
------------------------------------------------
Script completed.
Time elapsed (Total) [secs]: 2.224

Processing sample ToxB_1 ... 
++++++++++++++++++++++++++++++++++++++++++++++++
Reading gene ranking data....
Plotting SigmaFC scores ...
------------------------------------------------
Script completed.
Time elapsed (Total) [secs]: 2.242

Gene rank scatterplots completed.




**************************************************
Extracting top 10 ranked genes ...
**************************************************
Processing sample ToxA_1 ... 
-------------------------------------------------------------------------------------
ToxA_1: Gene Ranking Results
-------------------------------------------------------------------------------------
       gene    SigmaFC  p_value significant  # sgRNAs  # signif. sgRNAs
0     HBEGF  51.095414   0.0000        True         6                 5
1     HAUS2  26.124261   0.0000        True         6                 4
2    TAS2R4  24.002747   0.0000        True         6                 4
3    DEPDC4  17.844592   0.0000        True         6                 3
4    MAPK10  16.998088   0.0000        True         6                 3
5     OR4P4  16.750064   0.0000        True         6                 3
6    PIWIL3  16.187386   0.0001        True         6                 3
7    NEURL4  15.984323   0.0001        True         6                 3
8   PLEKHM2  15.626890   0.0001        True         6                 3
9  KIAA2022  14.669418   0.0003        True         6                 3


Processing sample ToxA_avg ... 
-------------------------------------------------------------------------------------
ToxA_avg: Gene Ranking Results
-------------------------------------------------------------------------------------
      gene    SigmaFC  p_value significant  # sgRNAs  # signif. sgRNAs
0    HBEGF  35.190429   0.0000        True         6                 4
1   DEPDC4  17.296658   0.0001        True         6                 3
2   MAPK10  16.825627   0.0002        True         6                 3
3    OR4P4  16.217397   0.0002        True         6                 3
4    HAUS2  16.087863   0.0002        True         6                 3
5   PIWIL3  15.952012   0.0003        True         6                 3
6   NEURL4  15.762875   0.0003        True         6                 3
7  PLEKHM2  15.610037   0.0003        True         6                 3
8   TAS2R4  14.830866   0.0003        True         6                 3
9    PQLC2  14.410042   0.0004        True         6                 3


Processing sample ToxA_2 ... 
-------------------------------------------------------------------------------------
ToxA_2: Gene Ranking Results
-------------------------------------------------------------------------------------
      gene    SigmaFC  p_value significant  # sgRNAs  # signif. sgRNAs
0    HBEGF  32.830661   0.0000        True         6                 4
1    ZMYM3  22.927139   0.0000        True         6                 4
2     ERC2  16.783328   0.0000        True         6                 3
3   DEPDC4  16.568228   0.0000        True         6                 3
4   MAPK10  16.455196   0.0000        True         6                 3
5   PIWIL3  15.671846   0.0000        True         6                 3
6    OR4P4  15.576698   0.0000        True         6                 3
7  PLEKHM2  15.462160   0.0001        True         6                 3
8      BCR  15.375051   0.0001        True         6                 3
9    HAUS2  15.230957   0.0001        True         6                 3


Processing sample ToxB_2 ... 
-------------------------------------------------------------------------------------
ToxB_2: Gene Ranking Results
-------------------------------------------------------------------------------------
         gene    SigmaFC  p_value significant  # sgRNAs  # signif. sgRNAs
0       HBEGF  22.971139   0.0000        True         6                 4
1     PIP5K1B  14.333257   0.0000        True         6                 3
2      CPSF3L   9.177657   0.0001        True         6                 2
3      PCDHB1   7.765885   0.0005        True         6                 2
4        HELT   7.576019   0.0005        True         6                 2
5     SLC35G6   7.372092   0.0005        True         6                 2
6       HMGN4   7.220548   0.0005        True         6                 2
7      LRRC8C   7.082370   0.0005        True         6                 2
8  CSGALNACT1   7.073043   0.0005        True         6                 2
9     COL20A1   6.912073   0.0005        True         6                 2


Processing sample ToxB_avg ... 
-------------------------------------------------------------------------------------
ToxB_avg: Gene Ranking Results
-------------------------------------------------------------------------------------
         gene    SigmaFC  p_value significant  # sgRNAs  # signif. sgRNAs
0       HBEGF  23.648165   0.0000        True         6                 4
1     PIP5K1B  14.074874   0.0000        True         6                 3
2      CPSF3L   9.268806   0.0001        True         6                 2
3        XKRX   7.943433   0.0002        True         6                 2
4        HELT   7.538944   0.0003        True         6                 2
5     SLC35G6   7.484568   0.0003        True         6                 2
6       HMGN4   7.206569   0.0004        True         6                 2
7      LRRC8C   7.068008   0.0004        True         6                 2
8  CSGALNACT1   6.918520   0.0004        True         6                 2
9     GALNT16   6.762275   0.0004        True         6                 2


Processing sample ToxB_1 ... 
-------------------------------------------------------------------------------------
ToxB_1: Gene Ranking Results
-------------------------------------------------------------------------------------
         gene    SigmaFC  p_value significant  # sgRNAs  # signif. sgRNAs
0       HBEGF  24.259481   0.0000        True         6                 4
1      CPSF3L   9.353068   0.0001        True         6                 2
2        XKRX   8.088081   0.0002        True         6                 2
3     SLC35G6   7.584759   0.0002        True         6                 2
4        HELT   7.499230   0.0002        True         6                 2
5     PIP5K1B   7.462428   0.0002        True         6                 2
6       HMGN4   7.192288   0.0002        True         6                 2
7     GALNT16   7.055044   0.0002        True         6                 2
8      LRRC8C   7.053209   0.0002        True         6                 2
9  CSGALNACT1   6.743691   0.0003        True         6                 2




**************************************************
PinAPL-Py completed.
Time elapsed [mins]: 44.166

